{
  "stats": {
    "suites": 2,
    "tests": 3,
    "passes": 3,
    "pending": 0,
    "failures": 0,
    "start": "2022-07-20T14:17:17.676Z",
    "end": "2022-07-20T14:17:19.271Z",
    "duration": 1595,
    "testsRegistered": 3,
    "passPercent": 100,
    "pendingPercent": 0,
    "other": 0,
    "hasOther": false,
    "skipped": 0,
    "hasSkipped": false
  },
  "results": [
    {
      "uuid": "16dc2e5a-c946-4446-84d4-b0fcf865a4b9",
      "title": "",
      "fullFile": "cypress/integration/1_fluxoPrincipal.spec.js",
      "file": "cypress/integration/1_fluxoPrincipal.spec.js",
      "beforeHooks": [],
      "afterHooks": [],
      "tests": [],
      "suites": [
        {
          "uuid": "22ec7646-cc6d-4486-ae7f-3759824cf104",
          "title": "Casos de teste do fluxo principal",
          "fullFile": "",
          "file": "",
          "beforeHooks": [],
          "afterHooks": [],
          "tests": [
            {
              "title": "T03 - Postar um novo usuário",
              "fullTitle": "Casos de teste do fluxo principal T03 - Postar um novo usuário",
              "timedOut": null,
              "duration": 591,
              "state": "passed",
              "speed": "fast",
              "pass": true,
              "fail": false,
              "pending": false,
              "context": null,
              "code": "_serverest.default.postarNovoUsuarioComParametro(usuario).then(res => {\n  cy.contractValidation(res, 'post-usuarios', 201);\n  _validaServerest.default.ValidarPostarNovoUsuario(res, 201);\n  Cypress.env('usuarioLoginFluxo', {\n    \"email\": usuario.email,\n    \"password\": usuario.password\n  });\n});",
              "err": {},
              "uuid": "7a0f7461-43fa-45c1-9ec8-b674ef2fd485",
              "parentUUID": "22ec7646-cc6d-4486-ae7f-3759824cf104",
              "isHook": false,
              "skipped": false
            }
          ],
          "suites": [
            {
              "uuid": "89c48a55-c6cd-4520-9933-a00c6483a309",
              "title": "T12 - Realizar login com sucesso",
              "fullFile": "",
              "file": "",
              "beforeHooks": [],
              "afterHooks": [],
              "tests": [
                {
                  "title": "T33 - Postar um novo carrinho",
                  "fullTitle": "Casos de teste do fluxo principal T12 - Realizar login com sucesso T33 - Postar um novo carrinho",
                  "timedOut": null,
                  "duration": 741,
                  "state": "passed",
                  "speed": "fast",
                  "pass": true,
                  "fail": false,
                  "pending": false,
                  "context": null,
                  "code": "_serverest.default.buscarProdutoAleatorio();\ncy.get('@produtoId').then(produtoId => {\n  _serverest.default.cadastrarCarrinho(produtoId._id).then(res => {\n    cy.contractValidation(res, 'post-carrinhos', 201);\n    _validaServerest.default.validaCadastroDeCarrinho(res, 201);\n    _serverest.default.SalvaIdDeCarrinho(res.body._id);\n  });\n});",
                  "err": {},
                  "uuid": "47a8b38e-65e7-462e-a442-cbbb88dd3f3a",
                  "parentUUID": "89c48a55-c6cd-4520-9933-a00c6483a309",
                  "isHook": false,
                  "skipped": false
                },
                {
                  "title": "T34 - Concluir compra de um carrinho",
                  "fullTitle": "Casos de teste do fluxo principal T12 - Realizar login com sucesso T34 - Concluir compra de um carrinho",
                  "timedOut": null,
                  "duration": 233,
                  "state": "passed",
                  "speed": "fast",
                  "pass": true,
                  "fail": false,
                  "pending": false,
                  "context": null,
                  "code": "_serverest.default.concluirCompra().then(res => {\n  cy.contractValidation(res, 'delete-carrinhos/concluir-compra', 200);\n  _validaServerest.default.validaConclusaoDeCarrinho(res, 200);\n});",
                  "err": {},
                  "uuid": "fe1ed212-8119-435c-9b19-fa8ce396251d",
                  "parentUUID": "89c48a55-c6cd-4520-9933-a00c6483a309",
                  "isHook": false,
                  "skipped": false
                }
              ],
              "suites": [],
              "passes": [
                "47a8b38e-65e7-462e-a442-cbbb88dd3f3a",
                "fe1ed212-8119-435c-9b19-fa8ce396251d"
              ],
              "failures": [],
              "pending": [],
              "skipped": [],
              "duration": 974,
              "root": false,
              "rootEmpty": false,
              "_timeout": 2000
            }
          ],
          "passes": [
            "7a0f7461-43fa-45c1-9ec8-b674ef2fd485"
          ],
          "failures": [],
          "pending": [],
          "skipped": [],
          "duration": 591,
          "root": false,
          "rootEmpty": false,
          "_timeout": 2000
        }
      ],
      "passes": [],
      "failures": [],
      "pending": [],
      "skipped": [],
      "duration": 0,
      "root": true,
      "rootEmpty": true,
      "_timeout": 2000
    }
  ],
  "meta": {
    "mocha": {
      "version": "7.0.1"
    },
    "mochawesome": {
      "options": {
        "quiet": false,
        "reportFilename": "mochawesome",
        "saveHtml": false,
        "saveJson": true,
        "consoleReporter": "spec",
        "useInlineDiffs": false,
        "code": true
      },
      "version": "7.1.3"
    },
    "marge": {
      "options": {
        "id": "default",
        "reportDir": "cypress/reports/mocha",
        "quite": true,
        "overwrite": false,
        "html": false,
        "json": true
      },
      "version": "6.2.0"
    }
  }
}