{
  "stats": {
    "suites": 1,
    "tests": 3,
    "passes": 3,
    "pending": 0,
    "failures": 0,
    "start": "2022-07-08T17:42:58.036Z",
    "end": "2022-07-08T17:42:59.043Z",
    "duration": 1007,
    "testsRegistered": 3,
    "passPercent": 100,
    "pendingPercent": 0,
    "other": 0,
    "hasOther": false,
    "skipped": 0,
    "hasSkipped": false
  },
  "results": [
    {
      "uuid": "93f2fbd4-05c6-4dd5-bcc4-7b712a4c8b0a",
      "title": "",
      "fullFile": "cypress/integration/usuarios.spec.js",
      "file": "cypress/integration/usuarios.spec.js",
      "beforeHooks": [],
      "afterHooks": [],
      "tests": [],
      "suites": [
        {
          "uuid": "0639a24c-8cbf-436b-b5b7-42c7089fc8bb",
          "title": "Casos de teste da rota /usuarios da API Serverest",
          "fullFile": "",
          "file": "",
          "beforeHooks": [],
          "afterHooks": [],
          "tests": [
            {
              "title": "Deve buscar todos os usuários cadastrados",
              "fullTitle": "Casos de teste da rota /usuarios da API Serverest Deve buscar todos os usuários cadastrados",
              "timedOut": null,
              "duration": 323,
              "state": "passed",
              "speed": "fast",
              "pass": true,
              "fail": false,
              "pending": false,
              "context": null,
              "code": "_serverest.default.buscarUsuarios().then(res => {\n  cy.contractValidation(res, 'get-usuarios', 200);\n  _validaServerest.default.ValidarBuscaDeUsuarios(res);\n});",
              "err": {},
              "uuid": "6389ae93-1b04-4311-94eb-bf3c87eaae69",
              "parentUUID": "0639a24c-8cbf-436b-b5b7-42c7089fc8bb",
              "isHook": false,
              "skipped": false
            },
            {
              "title": "Não deve realizar cadastro de um novo usuário",
              "fullTitle": "Casos de teste da rota /usuarios da API Serverest Não deve realizar cadastro de um novo usuário",
              "timedOut": null,
              "duration": 204,
              "state": "passed",
              "speed": "fast",
              "pass": true,
              "fail": false,
              "pending": false,
              "context": null,
              "code": "cy.postarUsuarioJaCadastrado().then(res => {\n  cy.contractValidation(res, 'post-usuarios', 400);\n  expect(res.body.message).to.be.eq('Este email já está sendo usado');\n});",
              "err": {},
              "uuid": "bb44f531-e668-4ece-9dc8-6ec2095d95cc",
              "parentUUID": "0639a24c-8cbf-436b-b5b7-42c7089fc8bb",
              "isHook": false,
              "skipped": false
            },
            {
              "title": "Deve localizar usuário pelo id",
              "fullTitle": "Casos de teste da rota /usuarios da API Serverest Deve localizar usuário pelo id",
              "timedOut": null,
              "duration": 441,
              "state": "passed",
              "speed": "fast",
              "pass": true,
              "fail": false,
              "pending": false,
              "context": null,
              "code": "_serverest.default.buscarIdAleatorio();\ncy.get('@usuarioId').then(usuarioId => {\n  _serverest.default.localizarUsuarioComId(usuarioId._id).then(res => {\n    cy.contractValidation(res, 'get-usuarios/id', 200);\n  });\n});",
              "err": {},
              "uuid": "ad10c935-3d2c-4b43-a325-8abd09d6ca85",
              "parentUUID": "0639a24c-8cbf-436b-b5b7-42c7089fc8bb",
              "isHook": false,
              "skipped": false
            }
          ],
          "suites": [],
          "passes": [
            "6389ae93-1b04-4311-94eb-bf3c87eaae69",
            "bb44f531-e668-4ece-9dc8-6ec2095d95cc",
            "ad10c935-3d2c-4b43-a325-8abd09d6ca85"
          ],
          "failures": [],
          "pending": [],
          "skipped": [],
          "duration": 968,
          "root": false,
          "rootEmpty": false,
          "_timeout": 2000
        }
      ],
      "passes": [],
      "failures": [],
      "pending": [],
      "skipped": [],
      "duration": 0,
      "root": true,
      "rootEmpty": true,
      "_timeout": 2000
    }
  ],
  "meta": {
    "mocha": {
      "version": "7.0.1"
    },
    "mochawesome": {
      "options": {
        "quiet": false,
        "reportFilename": "mochawesome",
        "saveHtml": false,
        "saveJson": true,
        "consoleReporter": "spec",
        "useInlineDiffs": false,
        "code": true
      },
      "version": "7.1.3"
    },
    "marge": {
      "options": {
        "id": "default",
        "reportDir": "cypress/reports/mocha",
        "quite": true,
        "overwrite": false,
        "html": false,
        "json": true
      },
      "version": "6.2.0"
    }
  }
}