{
  "stats": {
    "suites": 1,
    "tests": 2,
    "passes": 1,
    "pending": 0,
    "failures": 1,
    "start": "2022-07-20T14:17:34.113Z",
    "end": "2022-07-20T14:17:35.378Z",
    "duration": 1265,
    "testsRegistered": 2,
    "passPercent": 50,
    "pendingPercent": 0,
    "other": 0,
    "hasOther": false,
    "skipped": 0,
    "hasSkipped": false
  },
  "results": [
    {
      "uuid": "d0455a39-063e-44e1-9eb6-299c98bc53df",
      "title": "",
      "fullFile": "cypress/integration/3_login.spec.js",
      "file": "cypress/integration/3_login.spec.js",
      "beforeHooks": [],
      "afterHooks": [],
      "tests": [],
      "suites": [
        {
          "uuid": "9d4a7f05-892c-4060-adf5-766ba092e88e",
          "title": "Casos de teste da rota /login",
          "fullFile": "",
          "file": "",
          "beforeHooks": [],
          "afterHooks": [],
          "tests": [
            {
              "title": "T12 - Realizar login com sucesso",
              "fullTitle": "Casos de teste da rota /login T12 - Realizar login com sucesso",
              "timedOut": null,
              "duration": 499,
              "state": "passed",
              "speed": "fast",
              "pass": true,
              "fail": false,
              "pending": false,
              "context": null,
              "code": "_serverest.default.buscarUsuarioAleatorio();\ncy.get('@usuarioLogin').then(usuario => {\n  _serverest.default.login(usuario).then(res => {\n    cy.contractValidation(res, 'post-login', 200);\n    _validaServerest.default.ValidaLogin(res, 200);\n    _serverest.default.salvarBearer(res);\n  });\n});",
              "err": {},
              "uuid": "2a6b5e9f-655a-4a3c-ab92-0e40eeb3d812",
              "parentUUID": "9d4a7f05-892c-4060-adf5-766ba092e88e",
              "isHook": false,
              "skipped": false
            },
            {
              "title": "T13 - Falhar ao tentar realizar um login",
              "fullTitle": "Casos de teste da rota /login T13 - Falhar ao tentar realizar um login",
              "timedOut": null,
              "duration": 712,
              "state": "failed",
              "speed": null,
              "pass": false,
              "fail": true,
              "pending": false,
              "context": null,
              "code": "_serverest.default.buscarEmailAleatorio();\ncy.get('@usuarioEmail').then(usuario => {\n  let usuarioEmail = JSON.stringify(usuario.email);\n  _serverest.default.loginSemSucesso(usuarioEmail.slice(1, usuarioEmail.length - 2)).then(res => {\n    cy.contractValidation(res, 'post-login', 400);\n    _validaServerest.default.ValidaLoginSemSucesso(res, 400);\n  });\n});",
              "err": {
                "message": "AssertionError: expected 401 to equal 400",
                "estack": "AssertionError: expected 401 to equal 400\n    at Function.ValidaLoginSemSucesso (https://serverest.dev/__cypress/tests?p=cypress\\integration\\3_login.spec.js:691:30)\n    at Context.eval (https://serverest.dev/__cypress/tests?p=cypress\\integration\\3_login.spec.js:202:34)",
                "diff": "- 401\n+ 400\n"
              },
              "uuid": "367c7f9e-2a9d-419e-9159-1c821550e659",
              "parentUUID": "9d4a7f05-892c-4060-adf5-766ba092e88e",
              "isHook": false,
              "skipped": false
            }
          ],
          "suites": [],
          "passes": [
            "2a6b5e9f-655a-4a3c-ab92-0e40eeb3d812"
          ],
          "failures": [
            "367c7f9e-2a9d-419e-9159-1c821550e659"
          ],
          "pending": [],
          "skipped": [],
          "duration": 1211,
          "root": false,
          "rootEmpty": false,
          "_timeout": 2000
        }
      ],
      "passes": [],
      "failures": [],
      "pending": [],
      "skipped": [],
      "duration": 0,
      "root": true,
      "rootEmpty": true,
      "_timeout": 2000
    }
  ],
  "meta": {
    "mocha": {
      "version": "7.0.1"
    },
    "mochawesome": {
      "options": {
        "quiet": false,
        "reportFilename": "mochawesome",
        "saveHtml": false,
        "saveJson": true,
        "consoleReporter": "spec",
        "useInlineDiffs": false,
        "code": true
      },
      "version": "7.1.3"
    },
    "marge": {
      "options": {
        "id": "default",
        "reportDir": "cypress/reports/mocha",
        "quite": true,
        "overwrite": false,
        "html": false,
        "json": true
      },
      "version": "6.2.0"
    }
  }
}