{
  "stats": {
    "suites": 2,
    "tests": 3,
    "passes": 3,
    "pending": 0,
    "failures": 0,
    "start": "2022-07-07T15:42:45.073Z",
    "end": "2022-07-07T15:42:46.945Z",
    "duration": 1872,
    "testsRegistered": 3,
    "passPercent": 100,
    "pendingPercent": 0,
    "other": 0,
    "hasOther": false,
    "skipped": 0,
    "hasSkipped": false
  },
  "results": [
    {
      "uuid": "d6677b69-1ce7-489d-bf69-8ce6c5b599c5",
      "title": "",
      "fullFile": "cypress/integration/carrinhos.spec.js",
      "file": "cypress/integration/carrinhos.spec.js",
      "beforeHooks": [],
      "afterHooks": [],
      "tests": [],
      "suites": [
        {
          "uuid": "692509e4-7426-4f97-a2a5-bb8d86e90c5c",
          "title": "Casos de teste da rota /carrinhos da API Serverest",
          "fullFile": "",
          "file": "",
          "beforeHooks": [],
          "afterHooks": [],
          "tests": [
            {
              "title": "Deve buscar todos os carrinhos cadastrados",
              "fullTitle": "Casos de teste da rota /carrinhos da API Serverest Deve buscar todos os carrinhos cadastrados",
              "timedOut": null,
              "duration": 633,
              "state": "passed",
              "speed": "fast",
              "pass": true,
              "fail": false,
              "pending": false,
              "context": null,
              "code": "_serverest.default.buscarCarrinhos().then(res => {\n  cy.contractValidation(res, 'get-carrinhos', 200);\n  _validaServerest.default.validaBuscaDeCarrinhos(res);\n});",
              "err": {},
              "uuid": "043d054f-360b-4c72-93e6-2fc3ed452a0f",
              "parentUUID": "692509e4-7426-4f97-a2a5-bb8d86e90c5c",
              "isHook": false,
              "skipped": false
            }
          ],
          "suites": [
            {
              "uuid": "3e1793fd-511e-4d1c-8b62-f5bc9ee17be2",
              "title": "Logar com sucesso",
              "fullFile": "",
              "file": "",
              "beforeHooks": [],
              "afterHooks": [],
              "tests": [
                {
                  "title": "Deve postar um novo carrinho",
                  "fullTitle": "Casos de teste da rota /carrinhos da API Serverest Logar com sucesso Deve postar um novo carrinho",
                  "timedOut": null,
                  "duration": 972,
                  "state": "passed",
                  "speed": "fast",
                  "pass": true,
                  "fail": false,
                  "pending": false,
                  "context": null,
                  "code": "_serverest.default.buscarProdutoAleatorio();\ncy.get('@produtoId').then(produtoId => {\n  _serverest.default.cadastrarCarrinho(produtoId._id).then(res => {\n    cy.contractValidation(res, 'post-carrinhos', 201);\n    _validaServerest.default.validaCadastroDeCarrinho(res);\n  });\n});",
                  "err": {},
                  "uuid": "e6ec98bd-4f6a-454a-9d9f-b85a229dbdfa",
                  "parentUUID": "3e1793fd-511e-4d1c-8b62-f5bc9ee17be2",
                  "isHook": false,
                  "skipped": false
                },
                {
                  "title": "Deve excluir o novo carrinho criado no teste acima",
                  "fullTitle": "Casos de teste da rota /carrinhos da API Serverest Logar com sucesso Deve excluir o novo carrinho criado no teste acima",
                  "timedOut": null,
                  "duration": 218,
                  "state": "passed",
                  "speed": "fast",
                  "pass": true,
                  "fail": false,
                  "pending": false,
                  "context": null,
                  "code": "_serverest.default.concluirCompra().then(res => {\n  cy.contractValidation(res, 'delete-carrinhos/concluir-compra', 200);\n  _validaServerest.default.validaConclusaoDeCompra(res);\n});",
                  "err": {},
                  "uuid": "83497b5c-871a-4704-bdd9-8b261f54ee59",
                  "parentUUID": "3e1793fd-511e-4d1c-8b62-f5bc9ee17be2",
                  "isHook": false,
                  "skipped": false
                }
              ],
              "suites": [],
              "passes": [
                "e6ec98bd-4f6a-454a-9d9f-b85a229dbdfa",
                "83497b5c-871a-4704-bdd9-8b261f54ee59"
              ],
              "failures": [],
              "pending": [],
              "skipped": [],
              "duration": 1190,
              "root": false,
              "rootEmpty": false,
              "_timeout": 2000
            }
          ],
          "passes": [
            "043d054f-360b-4c72-93e6-2fc3ed452a0f"
          ],
          "failures": [],
          "pending": [],
          "skipped": [],
          "duration": 633,
          "root": false,
          "rootEmpty": false,
          "_timeout": 2000
        }
      ],
      "passes": [],
      "failures": [],
      "pending": [],
      "skipped": [],
      "duration": 0,
      "root": true,
      "rootEmpty": true,
      "_timeout": 2000
    }
  ],
  "meta": {
    "mocha": {
      "version": "7.0.1"
    },
    "mochawesome": {
      "options": {
        "quiet": false,
        "reportFilename": "mochawesome",
        "saveHtml": false,
        "saveJson": true,
        "consoleReporter": "spec",
        "useInlineDiffs": false,
        "code": true
      },
      "version": "7.1.3"
    },
    "marge": {
      "options": {
        "id": "default",
        "reportDir": "cypress/reports/mocha",
        "quite": true,
        "overwrite": false,
        "html": false,
        "json": true
      },
      "version": "6.2.0"
    }
  }
}