{
  "stats": {
    "suites": 2,
    "tests": 3,
    "passes": 3,
    "pending": 0,
    "failures": 0,
    "start": "2022-09-27T17:29:33.064Z",
    "end": "2022-09-27T17:29:34.608Z",
    "duration": 1544,
    "testsRegistered": 3,
    "passPercent": 100,
    "pendingPercent": 0,
    "other": 0,
    "hasOther": false,
    "skipped": 0,
    "hasSkipped": false
  },
  "results": [
    {
      "uuid": "93013921-2fc0-4743-b520-dbde493104e9",
      "title": "",
      "fullFile": "cypress/integration/1_fluxoPrincipal.spec.js",
      "file": "cypress/integration/1_fluxoPrincipal.spec.js",
      "beforeHooks": [],
      "afterHooks": [],
      "tests": [],
      "suites": [
        {
          "uuid": "6abd7a47-8814-481c-a1ca-14f84122ba16",
          "title": "Casos de teste do fluxo principal",
          "fullFile": "",
          "file": "",
          "beforeHooks": [],
          "afterHooks": [],
          "tests": [
            {
              "title": "T03 - Postar um novo usuário",
              "fullTitle": "Casos de teste do fluxo principal T03 - Postar um novo usuário",
              "timedOut": null,
              "duration": 543,
              "state": "passed",
              "speed": "fast",
              "pass": true,
              "fail": false,
              "pending": false,
              "context": null,
              "code": "_serverest.default.postarNovoUsuarioComParametro(usuario).then(res => {\n  cy.contractValidation(res, 'post-usuarios', 201);\n  _validaServerest.default.ValidarPostarNovoUsuario(res, 201);\n  Cypress.env('usuarioLoginFluxo', {\n    \"email\": usuario.email,\n    \"password\": usuario.password\n  });\n});",
              "err": {},
              "uuid": "be6ba801-5638-48d7-8b57-1868713d57d5",
              "parentUUID": "6abd7a47-8814-481c-a1ca-14f84122ba16",
              "isHook": false,
              "skipped": false
            }
          ],
          "suites": [
            {
              "uuid": "9caead7d-2748-45da-b25b-ae9b3444cad9",
              "title": "T12 - Realizar login com sucesso",
              "fullFile": "",
              "file": "",
              "beforeHooks": [],
              "afterHooks": [],
              "tests": [
                {
                  "title": "T33 - Postar um novo carrinho",
                  "fullTitle": "Casos de teste do fluxo principal T12 - Realizar login com sucesso T33 - Postar um novo carrinho",
                  "timedOut": null,
                  "duration": 733,
                  "state": "passed",
                  "speed": "fast",
                  "pass": true,
                  "fail": false,
                  "pending": false,
                  "context": null,
                  "code": "_serverest.default.buscarProdutoAleatorio();\ncy.get('@produtoId').then(produtoId => {\n  _serverest.default.cadastrarCarrinho(produtoId._id).then(res => {\n    cy.contractValidation(res, 'post-carrinhos', 201);\n    _validaServerest.default.validaCadastroDeCarrinho(res, 201);\n    _serverest.default.SalvaIdDeCarrinho(res.body._id);\n  });\n});",
                  "err": {},
                  "uuid": "c52f293a-3830-4690-9af9-8004cef3f2ab",
                  "parentUUID": "9caead7d-2748-45da-b25b-ae9b3444cad9",
                  "isHook": false,
                  "skipped": false
                },
                {
                  "title": "T34 - Concluir compra de um carrinho",
                  "fullTitle": "Casos de teste do fluxo principal T12 - Realizar login com sucesso T34 - Concluir compra de um carrinho",
                  "timedOut": null,
                  "duration": 233,
                  "state": "passed",
                  "speed": "fast",
                  "pass": true,
                  "fail": false,
                  "pending": false,
                  "context": null,
                  "code": "_serverest.default.concluirCompra().then(res => {\n  cy.contractValidation(res, 'delete-carrinhos/concluir-compra', 200);\n  _validaServerest.default.validaConclusaoDeCarrinho(res, 200);\n});",
                  "err": {},
                  "uuid": "cbdfac9f-b66a-4f71-a545-ffc8d586e5c1",
                  "parentUUID": "9caead7d-2748-45da-b25b-ae9b3444cad9",
                  "isHook": false,
                  "skipped": false
                }
              ],
              "suites": [],
              "passes": [
                "c52f293a-3830-4690-9af9-8004cef3f2ab",
                "cbdfac9f-b66a-4f71-a545-ffc8d586e5c1"
              ],
              "failures": [],
              "pending": [],
              "skipped": [],
              "duration": 966,
              "root": false,
              "rootEmpty": false,
              "_timeout": 2000
            }
          ],
          "passes": [
            "be6ba801-5638-48d7-8b57-1868713d57d5"
          ],
          "failures": [],
          "pending": [],
          "skipped": [],
          "duration": 543,
          "root": false,
          "rootEmpty": false,
          "_timeout": 2000
        }
      ],
      "passes": [],
      "failures": [],
      "pending": [],
      "skipped": [],
      "duration": 0,
      "root": true,
      "rootEmpty": true,
      "_timeout": 2000
    }
  ],
  "meta": {
    "mocha": {
      "version": "7.0.1"
    },
    "mochawesome": {
      "options": {
        "quiet": false,
        "reportFilename": "mochawesome",
        "saveHtml": false,
        "saveJson": true,
        "consoleReporter": "spec",
        "useInlineDiffs": false,
        "code": true
      },
      "version": "7.1.3"
    },
    "marge": {
      "options": {
        "id": "default",
        "reportDir": "cypress/reports/mocha",
        "quite": true,
        "overwrite": false,
        "html": false,
        "json": true
      },
      "version": "6.2.0"
    }
  }
}