{
  "stats": {
    "suites": 2,
    "tests": 17,
    "passes": 14,
    "pending": 0,
    "failures": 3,
    "start": "2022-09-27T17:30:17.716Z",
    "end": "2022-09-27T17:30:25.080Z",
    "duration": 7364,
    "testsRegistered": 17,
    "passPercent": 82.35294117647058,
    "pendingPercent": 0,
    "other": 0,
    "hasOther": false,
    "skipped": 0,
    "hasSkipped": false
  },
  "results": [
    {
      "uuid": "7c82eb84-b552-4e0c-90ce-b7f076587a1f",
      "title": "",
      "fullFile": "cypress/integration/5_carrinhos.spec.js",
      "file": "cypress/integration/5_carrinhos.spec.js",
      "beforeHooks": [],
      "afterHooks": [],
      "tests": [],
      "suites": [
        {
          "uuid": "e274aa4a-5e0c-4651-96a3-ab12bf3b1f2d",
          "title": "Casos de teste da rota /carrinhos da API Serverest",
          "fullFile": "",
          "file": "",
          "beforeHooks": [],
          "afterHooks": [],
          "tests": [
            {
              "title": "T31 - Buscar todos os carrinhos",
              "fullTitle": "Casos de teste da rota /carrinhos da API Serverest T31 - Buscar todos os carrinhos",
              "timedOut": null,
              "duration": 561,
              "state": "failed",
              "speed": null,
              "pass": false,
              "fail": true,
              "pending": false,
              "context": null,
              "code": "_serverest.default.buscarCarrinhos().then(res => {\n  cy.contractValidation(res, 'get-carrinhos', 200);\n  _validaServerest.default.validaBuscaDeCarrinhos(res, 200);\n});",
              "err": {
                "message": "Error: Erros encontrados na validação de contrato, por favor verifique: /carrinhos/0/produtos/0 must be array, but receive object\n/carrinhos/1/produtos/0 must be array, but receive object\n/carrinhos/1/produtos/1 must be array, but receive object\n/carrinhos/2/produtos/0 must be array, but receive object\n",
                "estack": "Error: Erros encontrados na validação de contrato, por favor verifique: /carrinhos/0/produtos/0 must be array, but receive object\n/carrinhos/1/produtos/0 must be array, but receive object\n/carrinhos/1/produtos/1 must be array, but receive object\n/carrinhos/2/produtos/0 must be array, but receive object\n\n    at Context.eval (https://serverest.dev/__cypress/tests?p=cypress\\support\\index.js:161:13)",
                "diff": null
              },
              "uuid": "34c2a179-15d5-4626-99b9-dc84d1ff3a0a",
              "parentUUID": "e274aa4a-5e0c-4651-96a3-ab12bf3b1f2d",
              "isHook": false,
              "skipped": false
            },
            {
              "title": "T38 - Falhar ao pesquisar carrinho que não exista",
              "fullTitle": "Casos de teste da rota /carrinhos da API Serverest T38 - Falhar ao pesquisar carrinho que não exista",
              "timedOut": null,
              "duration": 298,
              "state": "passed",
              "speed": "fast",
              "pass": true,
              "fail": false,
              "pending": false,
              "context": null,
              "code": "let id = _factory.default.gerarId();\n_serverest.default.localizarCarrinhoComIdPodeFalhar(id).then(res => {\n  cy.contractValidation(res, 'get-carrinhos/id', 400);\n  _validaServerest.default.validaBuscaDeCarrinhosSemSucesso(res, 400);\n});",
              "err": {},
              "uuid": "517e9f01-6afc-48b9-bba3-e07413c88bb6",
              "parentUUID": "e274aa4a-5e0c-4651-96a3-ab12bf3b1f2d",
              "isHook": false,
              "skipped": false
            }
          ],
          "suites": [
            {
              "uuid": "181fbb96-05c4-4ce7-8975-477a9512410c",
              "title": "T12 - Realizar login com sucesso",
              "fullFile": "",
              "file": "",
              "beforeHooks": [],
              "afterHooks": [],
              "tests": [
                {
                  "title": "Teste extra para conclusão de carrinho de usuário, caso exista um",
                  "fullTitle": "Casos de teste da rota /carrinhos da API Serverest T12 - Realizar login com sucesso Teste extra para conclusão de carrinho de usuário, caso exista um",
                  "timedOut": null,
                  "duration": 689,
                  "state": "passed",
                  "speed": "fast",
                  "pass": true,
                  "fail": false,
                  "pending": false,
                  "context": null,
                  "code": "_serverest.default.concluirCompra().then(res => {\n  cy.contractValidation(res, 'delete-carrinhos/concluir-compra', 200);\n});",
                  "err": {},
                  "uuid": "d20d9b2e-b793-4f98-bd9e-394430423d2c",
                  "parentUUID": "181fbb96-05c4-4ce7-8975-477a9512410c",
                  "isHook": false,
                  "skipped": false
                },
                {
                  "title": "T33 - Postar um novo carrinho",
                  "fullTitle": "Casos de teste da rota /carrinhos da API Serverest T12 - Realizar login com sucesso T33 - Postar um novo carrinho",
                  "timedOut": null,
                  "duration": 461,
                  "state": "passed",
                  "speed": "fast",
                  "pass": true,
                  "fail": false,
                  "pending": false,
                  "context": null,
                  "code": "_serverest.default.buscarProdutoAleatorio();\ncy.get('@produtoId').then(produtoId => {\n  _serverest.default.cadastrarCarrinho(produtoId._id).then(res => {\n    cy.contractValidation(res, 'post-carrinhos', 201);\n    _validaServerest.default.validaCadastroDeCarrinho(res, 201);\n  });\n});",
                  "err": {},
                  "uuid": "167825a2-b67b-4481-be32-000eaec388aa",
                  "parentUUID": "181fbb96-05c4-4ce7-8975-477a9512410c",
                  "isHook": false,
                  "skipped": false
                },
                {
                  "title": "T40 - Falhar ao postar carrinho em usuário que já tenha um carrinho cadastrado",
                  "fullTitle": "Casos de teste da rota /carrinhos da API Serverest T12 - Realizar login com sucesso T40 - Falhar ao postar carrinho em usuário que já tenha um carrinho cadastrado",
                  "timedOut": null,
                  "duration": 502,
                  "state": "passed",
                  "speed": "fast",
                  "pass": true,
                  "fail": false,
                  "pending": false,
                  "context": null,
                  "code": "_serverest.default.buscarProdutoAleatorio();\ncy.get('@produtoId').then(produtoId => {\n  _serverest.default.cadastrarCarrinhoPodeFalhar(produtoId._id).then(res => {\n    cy.contractValidation(res, 'post-carrinhos', 400);\n    _validaServerest.default.validaCadastroDeCarrinhoComCarrinhoJaCadastrado(res, 400);\n  });\n});",
                  "err": {},
                  "uuid": "992d0861-55dc-4d20-a6b3-c86795cf0ca8",
                  "parentUUID": "181fbb96-05c4-4ce7-8975-477a9512410c",
                  "isHook": false,
                  "skipped": false
                },
                {
                  "title": "T32 - Buscar um carrinho em específico",
                  "fullTitle": "Casos de teste da rota /carrinhos da API Serverest T12 - Realizar login com sucesso T32 - Buscar um carrinho em específico",
                  "timedOut": null,
                  "duration": 691,
                  "state": "failed",
                  "speed": null,
                  "pass": false,
                  "fail": true,
                  "pending": false,
                  "context": null,
                  "code": "_serverest.default.buscarIdCarrinhoAleatorio();\ncy.get('@carrinhoId').then(carrinhoId => {\n  _serverest.default.localizarCarrinhoComId(carrinhoId._id).then(res => {\n    cy.contractValidation(res, 'get-carrinhos/id', 200);\n    _validaServerest.default.validaBuscaDeCarrinhosComId(res, 200);\n  });\n});",
                  "err": {
                    "message": "Error: Erros encontrados na validação de contrato, por favor verifique: /produtos/0 must be array, but receive object\n",
                    "estack": "Error: Erros encontrados na validação de contrato, por favor verifique: /produtos/0 must be array, but receive object\n\n    at Context.eval (https://serverest.dev/__cypress/tests?p=cypress\\support\\index.js:161:13)",
                    "diff": null
                  },
                  "uuid": "13eb3cf9-012e-4096-80f0-0e0b6410d2a6",
                  "parentUUID": "181fbb96-05c4-4ce7-8975-477a9512410c",
                  "isHook": false,
                  "skipped": false
                },
                {
                  "title": "T34 - Concluir compra de um carrinho",
                  "fullTitle": "Casos de teste da rota /carrinhos da API Serverest T12 - Realizar login com sucesso T34 - Concluir compra de um carrinho",
                  "timedOut": null,
                  "duration": 240,
                  "state": "passed",
                  "speed": "fast",
                  "pass": true,
                  "fail": false,
                  "pending": false,
                  "context": null,
                  "code": "_serverest.default.concluirCompra().then(res => {\n  cy.contractValidation(res, 'delete-carrinhos/concluir-compra', 200);\n  _validaServerest.default.validaConclusaoDeCarrinho(res, 200);\n});",
                  "err": {},
                  "uuid": "a9d8fa47-0aa3-42a7-bd6c-cbc2a29056f6",
                  "parentUUID": "181fbb96-05c4-4ce7-8975-477a9512410c",
                  "isHook": false,
                  "skipped": false
                },
                {
                  "title": "T35 - Concluir compra sem que exista um carrinho vinculado ao usuário",
                  "fullTitle": "Casos de teste da rota /carrinhos da API Serverest T12 - Realizar login com sucesso T35 - Concluir compra sem que exista um carrinho vinculado ao usuário",
                  "timedOut": null,
                  "duration": 241,
                  "state": "passed",
                  "speed": "fast",
                  "pass": true,
                  "fail": false,
                  "pending": false,
                  "context": null,
                  "code": "_serverest.default.concluirCompra().then(res => {\n  cy.contractValidation(res, 'delete-carrinhos/concluir-compra', 200);\n  _validaServerest.default.validaConclusaoDeCarrinhoSemCarrinho(res, 200);\n});",
                  "err": {},
                  "uuid": "e8d32916-dd4a-43fe-8deb-ad12cf782876",
                  "parentUUID": "181fbb96-05c4-4ce7-8975-477a9512410c",
                  "isHook": false,
                  "skipped": false
                },
                {
                  "title": "Postando outro carrinho para os testes de cancelamento",
                  "fullTitle": "Casos de teste da rota /carrinhos da API Serverest T12 - Realizar login com sucesso Postando outro carrinho para os testes de cancelamento",
                  "timedOut": null,
                  "duration": 523,
                  "state": "passed",
                  "speed": "fast",
                  "pass": true,
                  "fail": false,
                  "pending": false,
                  "context": null,
                  "code": "_serverest.default.buscarProdutoAleatorio();\ncy.get('@produtoId').then(produtoId => {\n  _serverest.default.cadastrarCarrinho(produtoId._id).then(res => {\n    cy.contractValidation(res, 'post-carrinhos', 201);\n    _validaServerest.default.validaCadastroDeCarrinho(res, 201);\n  });\n});",
                  "err": {},
                  "uuid": "c688cf81-7534-4b9c-a325-8eaddcfc5981",
                  "parentUUID": "181fbb96-05c4-4ce7-8975-477a9512410c",
                  "isHook": false,
                  "skipped": false
                },
                {
                  "title": "T36 - Cancelar compra de um carrinho",
                  "fullTitle": "Casos de teste da rota /carrinhos da API Serverest T12 - Realizar login com sucesso T36 - Cancelar compra de um carrinho",
                  "timedOut": null,
                  "duration": 450,
                  "state": "failed",
                  "speed": null,
                  "pass": false,
                  "fail": true,
                  "pending": false,
                  "context": null,
                  "code": "_serverest.default.cancelarCompra().then(res => {\n  cy.contractValidation(res, 'delete-carrinhos/cancelar-compra', 200);\n  _validaServerest.default.validaCancelamentoDeCarrinho(res, 200);\n});",
                  "err": {
                    "message": "AssertionError: expected 'Registro excluído com sucesso. Estoque dos produtos reabastecido' to equal 'Registro excluído com sucesso'",
                    "estack": "AssertionError: expected 'Registro excluído com sucesso. Estoque dos produtos reabastecido' to equal 'Registro excluído com sucesso'\n    at Function.validaCancelamentoDeCarrinho (https://serverest.dev/__cypress/tests?p=cypress\\integration\\5_carrinhos.spec.js:875:36)\n    at Context.eval (https://serverest.dev/__cypress/tests?p=cypress\\integration\\5_carrinhos.spec.js:279:34)",
                    "diff": "- 'Registro excluído com sucesso. Estoque dos produtos reabastecido'\n+ 'Registro excluído com sucesso'\n"
                  },
                  "uuid": "3fe46572-7540-419b-8235-146feb0dd40e",
                  "parentUUID": "181fbb96-05c4-4ce7-8975-477a9512410c",
                  "isHook": false,
                  "skipped": false
                },
                {
                  "title": "T37 - Cancelar compra sem que exista um carrinho vinculado ao usuário",
                  "fullTitle": "Casos de teste da rota /carrinhos da API Serverest T12 - Realizar login com sucesso T37 - Cancelar compra sem que exista um carrinho vinculado ao usuário",
                  "timedOut": null,
                  "duration": 279,
                  "state": "passed",
                  "speed": "fast",
                  "pass": true,
                  "fail": false,
                  "pending": false,
                  "context": null,
                  "code": "_serverest.default.cancelarCompra().then(res => {\n  cy.contractValidation(res, 'delete-carrinhos/cancelar-compra', 200);\n  _validaServerest.default.validaCancelamentoDeCarrinhoSemCarrinho(res, 200);\n});",
                  "err": {},
                  "uuid": "b69de95e-cbc6-48a7-8faf-b5ab940c28c4",
                  "parentUUID": "181fbb96-05c4-4ce7-8975-477a9512410c",
                  "isHook": false,
                  "skipped": false
                },
                {
                  "title": "T39 - Falhar ao postar carrinho com produto duplicado",
                  "fullTitle": "Casos de teste da rota /carrinhos da API Serverest T12 - Realizar login com sucesso T39 - Falhar ao postar carrinho com produto duplicado",
                  "timedOut": null,
                  "duration": 463,
                  "state": "passed",
                  "speed": "fast",
                  "pass": true,
                  "fail": false,
                  "pending": false,
                  "context": null,
                  "code": "_serverest.default.buscarProdutoAleatorio();\ncy.get('@produtoId').then(produtoId => {\n  _serverest.default.cadastrarCarrinhoDoisProdutosPodeFalhar(produtoId._id).then(res => {\n    cy.contractValidation(res, 'post-carrinhos', 400);\n    _validaServerest.default.validaCadastroDeCarrinhoComDoisProdutosIguais(res, 400);\n  });\n});",
                  "err": {},
                  "uuid": "c57dd77b-cf21-46a9-a957-c11ec062f1e0",
                  "parentUUID": "181fbb96-05c4-4ce7-8975-477a9512410c",
                  "isHook": false,
                  "skipped": false
                },
                {
                  "title": "T41 - Falhar ao postar carrinho com produto que não exista ",
                  "fullTitle": "Casos de teste da rota /carrinhos da API Serverest T12 - Realizar login com sucesso T41 - Falhar ao postar carrinho com produto que não exista ",
                  "timedOut": null,
                  "duration": 272,
                  "state": "passed",
                  "speed": "fast",
                  "pass": true,
                  "fail": false,
                  "pending": false,
                  "context": null,
                  "code": "let id = _factory.default.gerarId();\n_serverest.default.cadastrarCarrinhoPodeFalhar(id).then(res => {\n  cy.contractValidation(res, 'post-carrinhos', 400);\n  _validaServerest.default.validaCadastroDeCarrinhoComProdutoNaoExiste(res, 400);\n});",
                  "err": {},
                  "uuid": "e2606a76-21f8-4087-a6a5-76530eb71cb3",
                  "parentUUID": "181fbb96-05c4-4ce7-8975-477a9512410c",
                  "isHook": false,
                  "skipped": false
                },
                {
                  "title": "T42 - Falhar ao postar carrinho com produto sem quantidade o suficiente",
                  "fullTitle": "Casos de teste da rota /carrinhos da API Serverest T12 - Realizar login com sucesso T42 - Falhar ao postar carrinho com produto sem quantidade o suficiente",
                  "timedOut": null,
                  "duration": 518,
                  "state": "passed",
                  "speed": "fast",
                  "pass": true,
                  "fail": false,
                  "pending": false,
                  "context": null,
                  "code": "_serverest.default.buscarProdutoAleatorio();\ncy.get('@produtoId').then(produtoId => {\n  _serverest.default.cadastrarCarrinhoPodeFalhar(produtoId._id, 99999999999999).then(res => {\n    cy.contractValidation(res, 'post-carrinhos', 400);\n    _validaServerest.default.validaCadastroDeCarrinhoComProdutoSemQuantidade(res, 400);\n  });\n});",
                  "err": {},
                  "uuid": "63b22da6-391d-43d2-86af-f71469e70538",
                  "parentUUID": "181fbb96-05c4-4ce7-8975-477a9512410c",
                  "isHook": false,
                  "skipped": false
                },
                {
                  "title": "T43 - Falhar ao tentar postar um carrinho logado com um token inválido",
                  "fullTitle": "Casos de teste da rota /carrinhos da API Serverest T12 - Realizar login com sucesso T43 - Falhar ao tentar postar um carrinho logado com um token inválido",
                  "timedOut": null,
                  "duration": 467,
                  "state": "passed",
                  "speed": "fast",
                  "pass": true,
                  "fail": false,
                  "pending": false,
                  "context": null,
                  "code": "_serverest.default.gerarBearerInexistente();\n_serverest.default.buscarProdutoAleatorio();\ncy.get('@produtoId').then(produtoId => {\n  _serverest.default.cadastrarCarrinhoPodeFalhar(produtoId._id).then(res => {\n    cy.contractValidation(res, 'post-carrinhos', 401);\n    _validaServerest.default.validaTokenInexistente(res, 401);\n  });\n});",
                  "err": {},
                  "uuid": "2e77ba79-2675-4d60-9d86-58076e7ee2e1",
                  "parentUUID": "181fbb96-05c4-4ce7-8975-477a9512410c",
                  "isHook": false,
                  "skipped": false
                },
                {
                  "title": "T44 - Falhar ao concluir compra de carrinho logado com um token inválido",
                  "fullTitle": "Casos de teste da rota /carrinhos da API Serverest T12 - Realizar login com sucesso T44 - Falhar ao concluir compra de carrinho logado com um token inválido",
                  "timedOut": null,
                  "duration": 269,
                  "state": "passed",
                  "speed": "fast",
                  "pass": true,
                  "fail": false,
                  "pending": false,
                  "context": null,
                  "code": "_serverest.default.concluirCompraPodeFalhar().then(res => {\n  cy.contractValidation(res, 'delete-carrinhos/concluir-compra', 401);\n  _validaServerest.default.validaTokenInexistente(res, 401);\n});",
                  "err": {},
                  "uuid": "d17e7f17-a419-45fd-8217-803895896af1",
                  "parentUUID": "181fbb96-05c4-4ce7-8975-477a9512410c",
                  "isHook": false,
                  "skipped": false
                },
                {
                  "title": "T45 - Falhar ao cancelar compra de carrinho logado com um token inválido",
                  "fullTitle": "Casos de teste da rota /carrinhos da API Serverest T12 - Realizar login com sucesso T45 - Falhar ao cancelar compra de carrinho logado com um token inválido",
                  "timedOut": null,
                  "duration": 224,
                  "state": "passed",
                  "speed": "fast",
                  "pass": true,
                  "fail": false,
                  "pending": false,
                  "context": null,
                  "code": "_serverest.default.cancelarCompraPodeFalhar().then(res => {\n  cy.contractValidation(res, 'delete-carrinhos/cancelar-compra', 401);\n  _validaServerest.default.validaTokenInexistente(res, 401);\n});",
                  "err": {},
                  "uuid": "9345fc2a-e454-426e-8573-dfb23a4ca5fe",
                  "parentUUID": "181fbb96-05c4-4ce7-8975-477a9512410c",
                  "isHook": false,
                  "skipped": false
                }
              ],
              "suites": [],
              "passes": [
                "d20d9b2e-b793-4f98-bd9e-394430423d2c",
                "167825a2-b67b-4481-be32-000eaec388aa",
                "992d0861-55dc-4d20-a6b3-c86795cf0ca8",
                "a9d8fa47-0aa3-42a7-bd6c-cbc2a29056f6",
                "e8d32916-dd4a-43fe-8deb-ad12cf782876",
                "c688cf81-7534-4b9c-a325-8eaddcfc5981",
                "b69de95e-cbc6-48a7-8faf-b5ab940c28c4",
                "c57dd77b-cf21-46a9-a957-c11ec062f1e0",
                "e2606a76-21f8-4087-a6a5-76530eb71cb3",
                "63b22da6-391d-43d2-86af-f71469e70538",
                "2e77ba79-2675-4d60-9d86-58076e7ee2e1",
                "d17e7f17-a419-45fd-8217-803895896af1",
                "9345fc2a-e454-426e-8573-dfb23a4ca5fe"
              ],
              "failures": [
                "13eb3cf9-012e-4096-80f0-0e0b6410d2a6",
                "3fe46572-7540-419b-8235-146feb0dd40e"
              ],
              "pending": [],
              "skipped": [],
              "duration": 6289,
              "root": false,
              "rootEmpty": false,
              "_timeout": 2000
            }
          ],
          "passes": [
            "517e9f01-6afc-48b9-bba3-e07413c88bb6"
          ],
          "failures": [
            "34c2a179-15d5-4626-99b9-dc84d1ff3a0a"
          ],
          "pending": [],
          "skipped": [],
          "duration": 859,
          "root": false,
          "rootEmpty": false,
          "_timeout": 2000
        }
      ],
      "passes": [],
      "failures": [],
      "pending": [],
      "skipped": [],
      "duration": 0,
      "root": true,
      "rootEmpty": true,
      "_timeout": 2000
    }
  ],
  "meta": {
    "mocha": {
      "version": "7.0.1"
    },
    "mochawesome": {
      "options": {
        "quiet": false,
        "reportFilename": "mochawesome",
        "saveHtml": false,
        "saveJson": true,
        "consoleReporter": "spec",
        "useInlineDiffs": false,
        "code": true
      },
      "version": "7.1.3"
    },
    "marge": {
      "options": {
        "id": "default",
        "reportDir": "cypress/reports/mocha",
        "quite": true,
        "overwrite": false,
        "html": false,
        "json": true
      },
      "version": "6.2.0"
    }
  }
}