{
  "stats": {
    "suites": 1,
    "tests": 2,
    "passes": 2,
    "pending": 0,
    "failures": 0,
    "start": "2022-07-06T17:27:17.844Z",
    "end": "2022-07-06T17:27:18.370Z",
    "duration": 526,
    "testsRegistered": 2,
    "passPercent": 100,
    "pendingPercent": 0,
    "other": 0,
    "hasOther": false,
    "skipped": 0,
    "hasSkipped": false
  },
  "results": [
    {
      "uuid": "e0ebef16-8abe-479c-8c34-3c69b798c2f7",
      "title": "",
      "fullFile": "cypress/integration/usuarios.spec.js",
      "file": "cypress/integration/usuarios.spec.js",
      "beforeHooks": [],
      "afterHooks": [],
      "tests": [],
      "suites": [
        {
          "uuid": "e915ed43-2121-4342-a726-4a77ae3af342",
          "title": "Casos de teste da rota /usuarios da API Serverest",
          "fullFile": "",
          "file": "",
          "beforeHooks": [],
          "afterHooks": [],
          "tests": [
            {
              "title": "Deve buscar todos os usuários cadastrados",
              "fullTitle": "Casos de teste da rota /usuarios da API Serverest Deve buscar todos os usuários cadastrados",
              "timedOut": null,
              "duration": 293,
              "state": "passed",
              "speed": "fast",
              "pass": true,
              "fail": false,
              "pending": false,
              "context": null,
              "code": "_serverest.default.buscarUsuarios().then(res => {\n  cy.contractValidation(res, 'get-usuarios', 200);\n  _validaServerest.default.ValidarBuscaDeUsuarios(res);\n});",
              "err": {},
              "uuid": "4098fc09-66a0-4d11-b7bd-21fc170c8c45",
              "parentUUID": "e915ed43-2121-4342-a726-4a77ae3af342",
              "isHook": false,
              "skipped": false
            },
            {
              "title": "Não deve realizar cadastro de um novo usuário",
              "fullTitle": "Casos de teste da rota /usuarios da API Serverest Não deve realizar cadastro de um novo usuário",
              "timedOut": null,
              "duration": 212,
              "state": "passed",
              "speed": "fast",
              "pass": true,
              "fail": false,
              "pending": false,
              "context": null,
              "code": "cy.postarUsuarioJaCadastrado().then(res => {\n  cy.contractValidation(res, 'post-usuarios', 400);\n  expect(res.body.message).to.be.eq('Este email já está sendo usado');\n});",
              "err": {},
              "uuid": "e72bba20-99c6-4d82-bbaf-84606d5bddfa",
              "parentUUID": "e915ed43-2121-4342-a726-4a77ae3af342",
              "isHook": false,
              "skipped": false
            }
          ],
          "suites": [],
          "passes": [
            "4098fc09-66a0-4d11-b7bd-21fc170c8c45",
            "e72bba20-99c6-4d82-bbaf-84606d5bddfa"
          ],
          "failures": [],
          "pending": [],
          "skipped": [],
          "duration": 505,
          "root": false,
          "rootEmpty": false,
          "_timeout": 2000
        }
      ],
      "passes": [],
      "failures": [],
      "pending": [],
      "skipped": [],
      "duration": 0,
      "root": true,
      "rootEmpty": true,
      "_timeout": 2000
    }
  ],
  "meta": {
    "mocha": {
      "version": "7.0.1"
    },
    "mochawesome": {
      "options": {
        "quiet": false,
        "reportFilename": "mochawesome",
        "saveHtml": false,
        "saveJson": true,
        "consoleReporter": "spec",
        "useInlineDiffs": false,
        "code": true
      },
      "version": "7.1.3"
    },
    "marge": {
      "options": {
        "id": "default",
        "reportDir": "cypress/reports/mocha",
        "quite": true,
        "overwrite": false,
        "html": false,
        "json": true
      },
      "version": "6.2.0"
    }
  }
}