{
  "stats": {
    "suites": 2,
    "tests": 8,
    "passes": 7,
    "pending": 0,
    "failures": 1,
    "start": "2022-09-27T17:08:06.259Z",
    "end": "2022-09-27T17:08:09.728Z",
    "duration": 3469,
    "testsRegistered": 8,
    "passPercent": 87.5,
    "pendingPercent": 0,
    "other": 0,
    "hasOther": false,
    "skipped": 0,
    "hasSkipped": false
  },
  "results": [
    {
      "uuid": "52112e79-7040-4e1a-a5c1-0d1bc1d7e9a3",
      "title": "",
      "fullFile": "cypress/integration/4_produtos.spec.js",
      "file": "cypress/integration/4_produtos.spec.js",
      "beforeHooks": [],
      "afterHooks": [],
      "tests": [],
      "suites": [
        {
          "uuid": "5f3059e0-42b0-4856-b53a-12ec3d5fce0d",
          "title": "Casos de teste da rota /produtos da API Serverest",
          "fullFile": "",
          "file": "",
          "beforeHooks": [],
          "afterHooks": [],
          "tests": [
            {
              "title": "T14 - Buscar todos os produtos",
              "fullTitle": "Casos de teste da rota /produtos da API Serverest T14 - Buscar todos os produtos",
              "timedOut": null,
              "duration": 546,
              "state": "failed",
              "speed": null,
              "pass": false,
              "fail": true,
              "pending": false,
              "context": null,
              "code": "_serverest.default.buscarProdutos().then(res => {\n  cy.contractValidation(res, 'get-produtos', 200);\n  _validaServerest.default.validaBuscaDeProdutos(res, 200);\n});",
              "err": {
                "message": "Error: Erros encontrados na validação de contrato, por favor verifique:  must have required property 'usuarios', but receive object\n",
                "estack": "Error: Erros encontrados na validação de contrato, por favor verifique:  must have required property 'usuarios', but receive object\n\n    at Context.eval (https://serverest.dev/__cypress/tests?p=cypress\\support\\index.js:161:13)",
                "diff": null
              },
              "uuid": "cac104d8-f355-491d-a42e-5c946d5a4382",
              "parentUUID": "5f3059e0-42b0-4856-b53a-12ec3d5fce0d",
              "isHook": false,
              "skipped": false
            },
            {
              "title": "T15 - Buscar um produto em específico",
              "fullTitle": "Casos de teste da rota /produtos da API Serverest T15 - Buscar um produto em específico",
              "timedOut": null,
              "duration": 486,
              "state": "passed",
              "speed": "fast",
              "pass": true,
              "fail": false,
              "pending": false,
              "context": null,
              "code": "_serverest.default.buscarIdProdutoAleatorio();\ncy.get('@produtoId').then(produtoId => {\n  _serverest.default.localizarProdutoComId(produtoId._id).then(res => {\n    cy.contractValidation(res, 'get-produtos/id', 200);\n    _validaServerest.default.validaBuscaDeProdutosComId(res, 200);\n  });\n});",
              "err": {},
              "uuid": "f2612561-ea33-4c7c-a0c4-a7c5fe45485f",
              "parentUUID": "5f3059e0-42b0-4856-b53a-12ec3d5fce0d",
              "isHook": false,
              "skipped": false
            },
            {
              "title": "Postando usuário administrador para os testes que precisa de admin",
              "fullTitle": "Casos de teste da rota /produtos da API Serverest Postando usuário administrador para os testes que precisa de admin",
              "timedOut": null,
              "duration": 252,
              "state": "passed",
              "speed": "fast",
              "pass": true,
              "fail": false,
              "pending": false,
              "context": null,
              "code": "let usuario = _factory.default.gerarNovoUsuario();\n_serverest.default.postarNovoUsuarioComParametro(usuario).then(res => {\n  cy.contractValidation(res, 'post-usuarios', 201);\n  _validaServerest.default.ValidarPostarNovoUsuario(res, 201);\n  Cypress.env('usuarioAdminLogin', {\n    \"email\": usuario.email,\n    \"password\": usuario.password\n  });\n});",
              "err": {},
              "uuid": "0a2b81b6-1cbd-43af-a361-26b1dc153052",
              "parentUUID": "5f3059e0-42b0-4856-b53a-12ec3d5fce0d",
              "isHook": false,
              "skipped": false
            }
          ],
          "suites": [
            {
              "uuid": "519601af-c263-42fb-a7c9-02eafcfbac3c",
              "title": "T12 - Realizar login com sucesso",
              "fullFile": "",
              "file": "",
              "beforeHooks": [],
              "afterHooks": [],
              "tests": [
                {
                  "title": "T16 - Postar um novo produto",
                  "fullTitle": "Casos de teste da rota /produtos da API Serverest T12 - Realizar login com sucesso T16 - Postar um novo produto",
                  "timedOut": null,
                  "duration": 496,
                  "state": "passed",
                  "speed": "fast",
                  "pass": true,
                  "fail": false,
                  "pending": false,
                  "context": null,
                  "code": "_serverest.default.cadastrarProduto().then(res => {\n  cy.contractValidation(res, 'post-produtos', 201);\n  _validaServerest.default.validaCadastroDeProduto(res, 201);\n  Cypress.env('produtoId', res.body._id);\n});",
                  "err": {},
                  "uuid": "cbb0f7c6-74a3-4575-98a4-bc01d9d79fbf",
                  "parentUUID": "519601af-c263-42fb-a7c9-02eafcfbac3c",
                  "isHook": false,
                  "skipped": false
                },
                {
                  "title": "T17 - Modificar as informações de um produto",
                  "fullTitle": "Casos de teste da rota /produtos da API Serverest T12 - Realizar login com sucesso T17 - Modificar as informações de um produto",
                  "timedOut": null,
                  "duration": 657,
                  "state": "passed",
                  "speed": "fast",
                  "pass": true,
                  "fail": false,
                  "pending": false,
                  "context": null,
                  "code": "_serverest.default.buscarIdProdutoAleatorio();\ncy.get('@produtoId').then(produtoId => {\n  _serverest.default.modificarProduto(produtoId._id).then(res => {\n    cy.contractValidation(res, 'put-produtos/id', 200);\n    _validaServerest.default.validarModificarProduto(res, 200);\n  });\n});",
                  "err": {},
                  "uuid": "4bc8302d-b56b-4787-8c5c-878ac954f115",
                  "parentUUID": "519601af-c263-42fb-a7c9-02eafcfbac3c",
                  "isHook": false,
                  "skipped": false
                },
                {
                  "title": "T18 - Postar novo produto pelo método PUT",
                  "fullTitle": "Casos de teste da rota /produtos da API Serverest T12 - Realizar login com sucesso T18 - Postar novo produto pelo método PUT",
                  "timedOut": null,
                  "duration": 238,
                  "state": "passed",
                  "speed": "fast",
                  "pass": true,
                  "fail": false,
                  "pending": false,
                  "context": null,
                  "code": "let id = _factory.default.gerarId();\n_serverest.default.criarProdutoComPut(id).then(res => {\n  cy.contractValidation(res, 'put-produtos/id', 201);\n  _validaServerest.default.validaCadastroDeProduto(res, 201);\n});",
                  "err": {},
                  "uuid": "e503fa5b-a64f-4c4b-a355-bd618753d7c6",
                  "parentUUID": "519601af-c263-42fb-a7c9-02eafcfbac3c",
                  "isHook": false,
                  "skipped": false
                },
                {
                  "title": "T19 - Deletar um produto",
                  "fullTitle": "Casos de teste da rota /produtos da API Serverest T12 - Realizar login com sucesso T19 - Deletar um produto",
                  "timedOut": null,
                  "duration": 443,
                  "state": "passed",
                  "speed": "fast",
                  "pass": true,
                  "fail": false,
                  "pending": false,
                  "context": null,
                  "code": "let produtoId = Cypress.env('produtoId');\n_serverest.default.deletarProduto(produtoId).then(res => {\n  cy.contractValidation(res, 'delete-produtos/id', 200);\n  _validaServerest.default.validarDeletarProduto(res, 200);\n});",
                  "err": {},
                  "uuid": "d1b9337c-d361-4665-948d-54d39fee568f",
                  "parentUUID": "519601af-c263-42fb-a7c9-02eafcfbac3c",
                  "isHook": false,
                  "skipped": false
                },
                {
                  "title": "T20 - Deletar um produto que não exista",
                  "fullTitle": "Casos de teste da rota /produtos da API Serverest T12 - Realizar login com sucesso T20 - Deletar um produto que não exista",
                  "timedOut": null,
                  "duration": 206,
                  "state": "passed",
                  "speed": "fast",
                  "pass": true,
                  "fail": false,
                  "pending": false,
                  "context": null,
                  "code": "let id = _factory.default.gerarId();\n_serverest.default.deletarProdutoNaoExiste(id).then(res => {\n  cy.contractValidation(res, 'delete-produtos/id', 200);\n  _validaServerest.default.ValidarDeletarProdutoNaoExiste(res, 200);\n});",
                  "err": {},
                  "uuid": "a187ffe6-92c0-4c4c-9d0f-1c6273ab6259",
                  "parentUUID": "519601af-c263-42fb-a7c9-02eafcfbac3c",
                  "isHook": false,
                  "skipped": false
                }
              ],
              "suites": [],
              "passes": [
                "cbb0f7c6-74a3-4575-98a4-bc01d9d79fbf",
                "4bc8302d-b56b-4787-8c5c-878ac954f115",
                "e503fa5b-a64f-4c4b-a355-bd618753d7c6",
                "d1b9337c-d361-4665-948d-54d39fee568f",
                "a187ffe6-92c0-4c4c-9d0f-1c6273ab6259"
              ],
              "failures": [],
              "pending": [],
              "skipped": [],
              "duration": 2040,
              "root": false,
              "rootEmpty": false,
              "_timeout": 2000
            }
          ],
          "passes": [
            "f2612561-ea33-4c7c-a0c4-a7c5fe45485f",
            "0a2b81b6-1cbd-43af-a361-26b1dc153052"
          ],
          "failures": [
            "cac104d8-f355-491d-a42e-5c946d5a4382"
          ],
          "pending": [],
          "skipped": [],
          "duration": 1284,
          "root": false,
          "rootEmpty": false,
          "_timeout": 2000
        }
      ],
      "passes": [],
      "failures": [],
      "pending": [],
      "skipped": [],
      "duration": 0,
      "root": true,
      "rootEmpty": true,
      "_timeout": 2000
    }
  ],
  "meta": {
    "mocha": {
      "version": "7.0.1"
    },
    "mochawesome": {
      "options": {
        "quiet": false,
        "reportFilename": "mochawesome",
        "saveHtml": false,
        "saveJson": true,
        "consoleReporter": "spec",
        "useInlineDiffs": false,
        "code": true
      },
      "version": "7.1.3"
    },
    "marge": {
      "options": {
        "id": "default",
        "reportDir": "cypress/reports/mocha",
        "quite": true,
        "overwrite": false,
        "html": false,
        "json": true
      },
      "version": "6.2.0"
    }
  }
}