{
  "stats": {
    "suites": 2,
    "tests": 3,
    "passes": 3,
    "pending": 0,
    "failures": 0,
    "start": "2022-07-08T17:42:33.956Z",
    "end": "2022-07-08T17:42:35.800Z",
    "duration": 1844,
    "testsRegistered": 3,
    "passPercent": 100,
    "pendingPercent": 0,
    "other": 0,
    "hasOther": false,
    "skipped": 0,
    "hasSkipped": false
  },
  "results": [
    {
      "uuid": "c360d46d-8daf-4690-b53c-134acaa17a89",
      "title": "",
      "fullFile": "cypress/integration/carrinhos.spec.js",
      "file": "cypress/integration/carrinhos.spec.js",
      "beforeHooks": [],
      "afterHooks": [],
      "tests": [],
      "suites": [
        {
          "uuid": "5973f9d2-6e11-45e6-a4ff-b88de8da5aa1",
          "title": "Casos de teste da rota /carrinhos da API Serverest",
          "fullFile": "",
          "file": "",
          "beforeHooks": [],
          "afterHooks": [],
          "tests": [
            {
              "title": "Deve buscar todos os carrinhos cadastrados",
              "fullTitle": "Casos de teste da rota /carrinhos da API Serverest Deve buscar todos os carrinhos cadastrados",
              "timedOut": null,
              "duration": 581,
              "state": "passed",
              "speed": "fast",
              "pass": true,
              "fail": false,
              "pending": false,
              "context": null,
              "code": "_serverest.default.buscarCarrinhos().then(res => {\n  cy.contractValidation(res, 'get-carrinhos', 200);\n  _validaServerest.default.validaBuscaDeCarrinhos(res);\n});",
              "err": {},
              "uuid": "035bc387-2e86-4e31-b0d9-34a9b12fdcb0",
              "parentUUID": "5973f9d2-6e11-45e6-a4ff-b88de8da5aa1",
              "isHook": false,
              "skipped": false
            }
          ],
          "suites": [
            {
              "uuid": "c570b24a-1a46-4c3c-b3be-02fb15f7ea09",
              "title": "Logar com sucesso",
              "fullFile": "",
              "file": "",
              "beforeHooks": [],
              "afterHooks": [],
              "tests": [
                {
                  "title": "Deve postar um novo carrinho",
                  "fullTitle": "Casos de teste da rota /carrinhos da API Serverest Logar com sucesso Deve postar um novo carrinho",
                  "timedOut": null,
                  "duration": 1028,
                  "state": "passed",
                  "speed": "fast",
                  "pass": true,
                  "fail": false,
                  "pending": false,
                  "context": null,
                  "code": "_serverest.default.buscarProdutoAleatorio();\ncy.get('@produtoId').then(produtoId => {\n  _serverest.default.cadastrarCarrinho(produtoId._id).then(res => {\n    cy.contractValidation(res, 'post-carrinhos', 201);\n    _validaServerest.default.validaCadastroDeCarrinho(res);\n  });\n});",
                  "err": {},
                  "uuid": "a49efec4-9e45-41e3-85d8-7a1446c0d498",
                  "parentUUID": "c570b24a-1a46-4c3c-b3be-02fb15f7ea09",
                  "isHook": false,
                  "skipped": false
                },
                {
                  "title": "Deve concluir a compra do novo carrinho criado no teste acima",
                  "fullTitle": "Casos de teste da rota /carrinhos da API Serverest Logar com sucesso Deve concluir a compra do novo carrinho criado no teste acima",
                  "timedOut": null,
                  "duration": 205,
                  "state": "passed",
                  "speed": "fast",
                  "pass": true,
                  "fail": false,
                  "pending": false,
                  "context": null,
                  "code": "_serverest.default.concluirCompra().then(res => {\n  cy.contractValidation(res, 'delete-carrinhos/concluir-compra', 200);\n  _validaServerest.default.validaConclusaoDeCompra(res);\n});",
                  "err": {},
                  "uuid": "d811acd9-0cd6-4d10-8e88-2e0dba4cb71e",
                  "parentUUID": "c570b24a-1a46-4c3c-b3be-02fb15f7ea09",
                  "isHook": false,
                  "skipped": false
                }
              ],
              "suites": [],
              "passes": [
                "a49efec4-9e45-41e3-85d8-7a1446c0d498",
                "d811acd9-0cd6-4d10-8e88-2e0dba4cb71e"
              ],
              "failures": [],
              "pending": [],
              "skipped": [],
              "duration": 1233,
              "root": false,
              "rootEmpty": false,
              "_timeout": 2000
            }
          ],
          "passes": [
            "035bc387-2e86-4e31-b0d9-34a9b12fdcb0"
          ],
          "failures": [],
          "pending": [],
          "skipped": [],
          "duration": 581,
          "root": false,
          "rootEmpty": false,
          "_timeout": 2000
        }
      ],
      "passes": [],
      "failures": [],
      "pending": [],
      "skipped": [],
      "duration": 0,
      "root": true,
      "rootEmpty": true,
      "_timeout": 2000
    }
  ],
  "meta": {
    "mocha": {
      "version": "7.0.1"
    },
    "mochawesome": {
      "options": {
        "quiet": false,
        "reportFilename": "mochawesome",
        "saveHtml": false,
        "saveJson": true,
        "consoleReporter": "spec",
        "useInlineDiffs": false,
        "code": true
      },
      "version": "7.1.3"
    },
    "marge": {
      "options": {
        "id": "default",
        "reportDir": "cypress/reports/mocha",
        "quite": true,
        "overwrite": false,
        "html": false,
        "json": true
      },
      "version": "6.2.0"
    }
  }
}