{
  "stats": {
    "suites": 2,
    "tests": 3,
    "passes": 3,
    "pending": 0,
    "failures": 0,
    "start": "2022-09-27T17:07:37.833Z",
    "end": "2022-09-27T17:07:39.227Z",
    "duration": 1394,
    "testsRegistered": 3,
    "passPercent": 100,
    "pendingPercent": 0,
    "other": 0,
    "hasOther": false,
    "skipped": 0,
    "hasSkipped": false
  },
  "results": [
    {
      "uuid": "a454d874-8768-438a-8638-1a1acd2dcfcb",
      "title": "",
      "fullFile": "cypress/integration/1_fluxoPrincipal.spec.js",
      "file": "cypress/integration/1_fluxoPrincipal.spec.js",
      "beforeHooks": [],
      "afterHooks": [],
      "tests": [],
      "suites": [
        {
          "uuid": "5f280b70-a630-487d-89e0-e5b94b401fb6",
          "title": "Casos de teste do fluxo principal",
          "fullFile": "",
          "file": "",
          "beforeHooks": [],
          "afterHooks": [],
          "tests": [
            {
              "title": "T03 - Postar um novo usuário",
              "fullTitle": "Casos de teste do fluxo principal T03 - Postar um novo usuário",
              "timedOut": null,
              "duration": 512,
              "state": "passed",
              "speed": "fast",
              "pass": true,
              "fail": false,
              "pending": false,
              "context": null,
              "code": "_serverest.default.postarNovoUsuarioComParametro(usuario).then(res => {\n  cy.contractValidation(res, 'post-usuarios', 201);\n  _validaServerest.default.ValidarPostarNovoUsuario(res, 201);\n  Cypress.env('usuarioLoginFluxo', {\n    \"email\": usuario.email,\n    \"password\": usuario.password\n  });\n});",
              "err": {},
              "uuid": "a7c47fbe-bacd-4908-b25e-06ae8fb8ca87",
              "parentUUID": "5f280b70-a630-487d-89e0-e5b94b401fb6",
              "isHook": false,
              "skipped": false
            }
          ],
          "suites": [
            {
              "uuid": "3df64ff8-3b41-49db-9404-aad14b4a2ac1",
              "title": "T12 - Realizar login com sucesso",
              "fullFile": "",
              "file": "",
              "beforeHooks": [],
              "afterHooks": [],
              "tests": [
                {
                  "title": "T33 - Postar um novo carrinho",
                  "fullTitle": "Casos de teste do fluxo principal T12 - Realizar login com sucesso T33 - Postar um novo carrinho",
                  "timedOut": null,
                  "duration": 632,
                  "state": "passed",
                  "speed": "fast",
                  "pass": true,
                  "fail": false,
                  "pending": false,
                  "context": null,
                  "code": "_serverest.default.buscarProdutoAleatorio();\ncy.get('@produtoId').then(produtoId => {\n  _serverest.default.cadastrarCarrinho(produtoId._id).then(res => {\n    cy.contractValidation(res, 'post-carrinhos', 201);\n    _validaServerest.default.validaCadastroDeCarrinho(res, 201);\n    _serverest.default.SalvaIdDeCarrinho(res.body._id);\n  });\n});",
                  "err": {},
                  "uuid": "233afc1b-75b1-4bd5-ab41-4613be4d9def",
                  "parentUUID": "3df64ff8-3b41-49db-9404-aad14b4a2ac1",
                  "isHook": false,
                  "skipped": false
                },
                {
                  "title": "T34 - Concluir compra de um carrinho",
                  "fullTitle": "Casos de teste do fluxo principal T12 - Realizar login com sucesso T34 - Concluir compra de um carrinho",
                  "timedOut": null,
                  "duration": 225,
                  "state": "passed",
                  "speed": "fast",
                  "pass": true,
                  "fail": false,
                  "pending": false,
                  "context": null,
                  "code": "_serverest.default.concluirCompra().then(res => {\n  cy.contractValidation(res, 'delete-carrinhos/concluir-compra', 200);\n  _validaServerest.default.validaConclusaoDeCarrinho(res, 200);\n});",
                  "err": {},
                  "uuid": "d9cb0666-086e-4978-89f5-b2e7bcebfd01",
                  "parentUUID": "3df64ff8-3b41-49db-9404-aad14b4a2ac1",
                  "isHook": false,
                  "skipped": false
                }
              ],
              "suites": [],
              "passes": [
                "233afc1b-75b1-4bd5-ab41-4613be4d9def",
                "d9cb0666-086e-4978-89f5-b2e7bcebfd01"
              ],
              "failures": [],
              "pending": [],
              "skipped": [],
              "duration": 857,
              "root": false,
              "rootEmpty": false,
              "_timeout": 2000
            }
          ],
          "passes": [
            "a7c47fbe-bacd-4908-b25e-06ae8fb8ca87"
          ],
          "failures": [],
          "pending": [],
          "skipped": [],
          "duration": 512,
          "root": false,
          "rootEmpty": false,
          "_timeout": 2000
        }
      ],
      "passes": [],
      "failures": [],
      "pending": [],
      "skipped": [],
      "duration": 0,
      "root": true,
      "rootEmpty": true,
      "_timeout": 2000
    }
  ],
  "meta": {
    "mocha": {
      "version": "7.0.1"
    },
    "mochawesome": {
      "options": {
        "quiet": false,
        "reportFilename": "mochawesome",
        "saveHtml": false,
        "saveJson": true,
        "consoleReporter": "spec",
        "useInlineDiffs": false,
        "code": true
      },
      "version": "7.1.3"
    },
    "marge": {
      "options": {
        "id": "default",
        "reportDir": "cypress/reports/mocha",
        "quite": true,
        "overwrite": false,
        "html": false,
        "json": true
      },
      "version": "6.2.0"
    }
  }
}