{
  "stats": {
    "suites": 2,
    "tests": 2,
    "passes": 2,
    "pending": 0,
    "failures": 0,
    "start": "2022-07-06T17:27:11.823Z",
    "end": "2022-07-06T17:27:12.808Z",
    "duration": 985,
    "testsRegistered": 2,
    "passPercent": 100,
    "pendingPercent": 0,
    "other": 0,
    "hasOther": false,
    "skipped": 0,
    "hasSkipped": false
  },
  "results": [
    {
      "uuid": "20bfef7e-abf8-428e-8a34-214d5626f08e",
      "title": "",
      "fullFile": "cypress/integration/produtos.spec.js",
      "file": "cypress/integration/produtos.spec.js",
      "beforeHooks": [],
      "afterHooks": [],
      "tests": [],
      "suites": [
        {
          "uuid": "1b7a94a4-28f1-4b2b-bd4d-33a66a69d6b5",
          "title": "Casos de teste da rota /produtos da API Serverest",
          "fullFile": "",
          "file": "",
          "beforeHooks": [],
          "afterHooks": [],
          "tests": [
            {
              "title": "Deve buscar todos os produtos cadastrados",
              "fullTitle": "Casos de teste da rota /produtos da API Serverest Deve buscar todos os produtos cadastrados",
              "timedOut": null,
              "duration": 301,
              "state": "passed",
              "speed": "fast",
              "pass": true,
              "fail": false,
              "pending": false,
              "context": null,
              "code": "_serverest.default.buscarProdutos().then(res => {\n  cy.contractValidation(res, 'get-produtos', 200);\n  _validaServerest.default.validaBuscaDeProdutos(res);\n});",
              "err": {},
              "uuid": "ba3242df-94d0-4951-a449-a2c4f182db0b",
              "parentUUID": "1b7a94a4-28f1-4b2b-bd4d-33a66a69d6b5",
              "isHook": false,
              "skipped": false
            }
          ],
          "suites": [
            {
              "uuid": "2b317e9c-9fdc-48fb-b1a6-da4caf52e0c6",
              "title": "Logar com sucesso",
              "fullFile": "",
              "file": "",
              "beforeHooks": [],
              "afterHooks": [],
              "tests": [
                {
                  "title": "Deve postar um novo produto",
                  "fullTitle": "Casos de teste da rota /produtos da API Serverest Logar com sucesso Deve postar um novo produto",
                  "timedOut": null,
                  "duration": 664,
                  "state": "passed",
                  "speed": "fast",
                  "pass": true,
                  "fail": false,
                  "pending": false,
                  "context": null,
                  "code": "_serverest.default.cadastrarProduto().then(res => {\n  cy.contractValidation(res, 'post-produtos', 201);\n  _validaServerest.default.validaCadastroDeProduto(res);\n});",
                  "err": {},
                  "uuid": "6fc6facb-9a3c-42c1-bb15-e1002a92d34f",
                  "parentUUID": "2b317e9c-9fdc-48fb-b1a6-da4caf52e0c6",
                  "isHook": false,
                  "skipped": false
                }
              ],
              "suites": [],
              "passes": [
                "6fc6facb-9a3c-42c1-bb15-e1002a92d34f"
              ],
              "failures": [],
              "pending": [],
              "skipped": [],
              "duration": 664,
              "root": false,
              "rootEmpty": false,
              "_timeout": 2000
            }
          ],
          "passes": [
            "ba3242df-94d0-4951-a449-a2c4f182db0b"
          ],
          "failures": [],
          "pending": [],
          "skipped": [],
          "duration": 301,
          "root": false,
          "rootEmpty": false,
          "_timeout": 2000
        }
      ],
      "passes": [],
      "failures": [],
      "pending": [],
      "skipped": [],
      "duration": 0,
      "root": true,
      "rootEmpty": true,
      "_timeout": 2000
    }
  ],
  "meta": {
    "mocha": {
      "version": "7.0.1"
    },
    "mochawesome": {
      "options": {
        "quiet": false,
        "reportFilename": "mochawesome",
        "saveHtml": false,
        "saveJson": true,
        "consoleReporter": "spec",
        "useInlineDiffs": false,
        "code": true
      },
      "version": "7.1.3"
    },
    "marge": {
      "options": {
        "id": "default",
        "reportDir": "cypress/reports/mocha",
        "quite": true,
        "overwrite": false,
        "html": false,
        "json": true
      },
      "version": "6.2.0"
    }
  }
}