{
  "stats": {
    "suites": 2,
    "tests": 8,
    "passes": 7,
    "pending": 0,
    "failures": 1,
    "start": "2022-09-27T16:48:07.642Z",
    "end": "2022-09-27T16:48:11.033Z",
    "duration": 3391,
    "testsRegistered": 8,
    "passPercent": 87.5,
    "pendingPercent": 0,
    "other": 0,
    "hasOther": false,
    "skipped": 0,
    "hasSkipped": false
  },
  "results": [
    {
      "uuid": "338cb7d6-0e36-4d28-a9f0-a54a2323c793",
      "title": "",
      "fullFile": "cypress/integration/4_produtos.spec.js",
      "file": "cypress/integration/4_produtos.spec.js",
      "beforeHooks": [],
      "afterHooks": [],
      "tests": [],
      "suites": [
        {
          "uuid": "af4de0d3-ea78-44e5-afef-7cb52e360f73",
          "title": "Casos de teste da rota /produtos da API Serverest",
          "fullFile": "",
          "file": "",
          "beforeHooks": [],
          "afterHooks": [],
          "tests": [
            {
              "title": "T14 - Buscar todos os produtos",
              "fullTitle": "Casos de teste da rota /produtos da API Serverest T14 - Buscar todos os produtos",
              "timedOut": null,
              "duration": 519,
              "state": "failed",
              "speed": null,
              "pass": false,
              "fail": true,
              "pending": false,
              "context": null,
              "code": "_serverest.default.buscarProdutos().then(res => {\n  cy.contractValidation(res, 'get-produtos', 200);\n  _validaServerest.default.validaBuscaDeProdutos(res, 200);\n});",
              "err": {
                "message": "Error: Erros encontrados na validação de contrato, por favor verifique:  must have required property 'usuarios', but receive object\n",
                "estack": "Error: Erros encontrados na validação de contrato, por favor verifique:  must have required property 'usuarios', but receive object\n\n    at Context.eval (https://serverest.dev/__cypress/tests?p=cypress\\support\\index.js:161:13)",
                "diff": null
              },
              "uuid": "8c7c180e-cc28-48bb-8fc8-209925b1708e",
              "parentUUID": "af4de0d3-ea78-44e5-afef-7cb52e360f73",
              "isHook": false,
              "skipped": false
            },
            {
              "title": "T15 - Buscar um produto em específico",
              "fullTitle": "Casos de teste da rota /produtos da API Serverest T15 - Buscar um produto em específico",
              "timedOut": null,
              "duration": 484,
              "state": "passed",
              "speed": "fast",
              "pass": true,
              "fail": false,
              "pending": false,
              "context": null,
              "code": "_serverest.default.buscarIdProdutoAleatorio();\ncy.get('@produtoId').then(produtoId => {\n  _serverest.default.localizarProdutoComId(produtoId._id).then(res => {\n    cy.contractValidation(res, 'get-produtos/id', 200);\n    _validaServerest.default.validaBuscaDeProdutosComId(res, 200);\n  });\n});",
              "err": {},
              "uuid": "3290215e-70b2-419d-9758-b4caddf0399c",
              "parentUUID": "af4de0d3-ea78-44e5-afef-7cb52e360f73",
              "isHook": false,
              "skipped": false
            },
            {
              "title": "Postando usuário administrador para os testes que precisa de admin",
              "fullTitle": "Casos de teste da rota /produtos da API Serverest Postando usuário administrador para os testes que precisa de admin",
              "timedOut": null,
              "duration": 253,
              "state": "passed",
              "speed": "fast",
              "pass": true,
              "fail": false,
              "pending": false,
              "context": null,
              "code": "let usuario = _factory.default.gerarNovoUsuario();\n_serverest.default.postarNovoUsuarioComParametro(usuario).then(res => {\n  cy.contractValidation(res, 'post-usuarios', 201);\n  _validaServerest.default.ValidarPostarNovoUsuario(res, 201);\n  Cypress.env('usuarioAdminLogin', {\n    \"email\": usuario.email,\n    \"password\": usuario.password\n  });\n});",
              "err": {},
              "uuid": "a6488d29-b36c-4222-85bb-f06b36663378",
              "parentUUID": "af4de0d3-ea78-44e5-afef-7cb52e360f73",
              "isHook": false,
              "skipped": false
            }
          ],
          "suites": [
            {
              "uuid": "0d456bc8-3e20-469f-974b-63be9896d490",
              "title": "T12 - Realizar login com sucesso",
              "fullFile": "",
              "file": "",
              "beforeHooks": [],
              "afterHooks": [],
              "tests": [
                {
                  "title": "T16 - Postar um novo produto",
                  "fullTitle": "Casos de teste da rota /produtos da API Serverest T12 - Realizar login com sucesso T16 - Postar um novo produto",
                  "timedOut": null,
                  "duration": 474,
                  "state": "passed",
                  "speed": "fast",
                  "pass": true,
                  "fail": false,
                  "pending": false,
                  "context": null,
                  "code": "_serverest.default.cadastrarProduto().then(res => {\n  cy.contractValidation(res, 'post-produtos', 201);\n  _validaServerest.default.validaCadastroDeProduto(res, 201);\n  Cypress.env('produtoId', res.body._id);\n});",
                  "err": {},
                  "uuid": "2a8dd3e9-8737-4a11-916a-00cce374e316",
                  "parentUUID": "0d456bc8-3e20-469f-974b-63be9896d490",
                  "isHook": false,
                  "skipped": false
                },
                {
                  "title": "T17 - Modificar as informações de um produto",
                  "fullTitle": "Casos de teste da rota /produtos da API Serverest T12 - Realizar login com sucesso T17 - Modificar as informações de um produto",
                  "timedOut": null,
                  "duration": 650,
                  "state": "passed",
                  "speed": "fast",
                  "pass": true,
                  "fail": false,
                  "pending": false,
                  "context": null,
                  "code": "_serverest.default.buscarIdProdutoAleatorio();\ncy.get('@produtoId').then(produtoId => {\n  _serverest.default.modificarProduto(produtoId._id).then(res => {\n    cy.contractValidation(res, 'put-produtos/id', 200);\n    _validaServerest.default.validarModificarProduto(res, 200);\n  });\n});",
                  "err": {},
                  "uuid": "c7a3c4a1-2e36-4e28-85f0-751a13648ead",
                  "parentUUID": "0d456bc8-3e20-469f-974b-63be9896d490",
                  "isHook": false,
                  "skipped": false
                },
                {
                  "title": "T18 - Postar novo produto pelo método PUT",
                  "fullTitle": "Casos de teste da rota /produtos da API Serverest T12 - Realizar login com sucesso T18 - Postar novo produto pelo método PUT",
                  "timedOut": null,
                  "duration": 228,
                  "state": "passed",
                  "speed": "fast",
                  "pass": true,
                  "fail": false,
                  "pending": false,
                  "context": null,
                  "code": "let id = _factory.default.gerarId();\n_serverest.default.criarProdutoComPut(id).then(res => {\n  cy.contractValidation(res, 'put-produtos/id', 201);\n  _validaServerest.default.validaCadastroDeProduto(res, 201);\n});",
                  "err": {},
                  "uuid": "c95e3aa0-248c-4f54-9f08-b7db551f255a",
                  "parentUUID": "0d456bc8-3e20-469f-974b-63be9896d490",
                  "isHook": false,
                  "skipped": false
                },
                {
                  "title": "T19 - Deletar um produto",
                  "fullTitle": "Casos de teste da rota /produtos da API Serverest T12 - Realizar login com sucesso T19 - Deletar um produto",
                  "timedOut": null,
                  "duration": 433,
                  "state": "passed",
                  "speed": "fast",
                  "pass": true,
                  "fail": false,
                  "pending": false,
                  "context": null,
                  "code": "let produtoId = Cypress.env('produtoId');\n_serverest.default.deletarProduto(produtoId).then(res => {\n  cy.contractValidation(res, 'delete-produtos/id', 200);\n  _validaServerest.default.validarDeletarProduto(res, 200);\n});",
                  "err": {},
                  "uuid": "58029544-2371-4f7b-a490-1aeba40391c1",
                  "parentUUID": "0d456bc8-3e20-469f-974b-63be9896d490",
                  "isHook": false,
                  "skipped": false
                },
                {
                  "title": "T20 - Deletar um produto que não exista",
                  "fullTitle": "Casos de teste da rota /produtos da API Serverest T12 - Realizar login com sucesso T20 - Deletar um produto que não exista",
                  "timedOut": null,
                  "duration": 252,
                  "state": "passed",
                  "speed": "fast",
                  "pass": true,
                  "fail": false,
                  "pending": false,
                  "context": null,
                  "code": "let id = _factory.default.gerarId();\n_serverest.default.deletarProdutoNaoExiste(id).then(res => {\n  cy.contractValidation(res, 'delete-produtos/id', 200);\n  _validaServerest.default.ValidarDeletarProdutoNaoExiste(res, 200);\n});",
                  "err": {},
                  "uuid": "52e9947d-d2a3-4eb8-97b4-0ee5c2b7b32c",
                  "parentUUID": "0d456bc8-3e20-469f-974b-63be9896d490",
                  "isHook": false,
                  "skipped": false
                }
              ],
              "suites": [],
              "passes": [
                "2a8dd3e9-8737-4a11-916a-00cce374e316",
                "c7a3c4a1-2e36-4e28-85f0-751a13648ead",
                "c95e3aa0-248c-4f54-9f08-b7db551f255a",
                "58029544-2371-4f7b-a490-1aeba40391c1",
                "52e9947d-d2a3-4eb8-97b4-0ee5c2b7b32c"
              ],
              "failures": [],
              "pending": [],
              "skipped": [],
              "duration": 2037,
              "root": false,
              "rootEmpty": false,
              "_timeout": 2000
            }
          ],
          "passes": [
            "3290215e-70b2-419d-9758-b4caddf0399c",
            "a6488d29-b36c-4222-85bb-f06b36663378"
          ],
          "failures": [
            "8c7c180e-cc28-48bb-8fc8-209925b1708e"
          ],
          "pending": [],
          "skipped": [],
          "duration": 1256,
          "root": false,
          "rootEmpty": false,
          "_timeout": 2000
        }
      ],
      "passes": [],
      "failures": [],
      "pending": [],
      "skipped": [],
      "duration": 0,
      "root": true,
      "rootEmpty": true,
      "_timeout": 2000
    }
  ],
  "meta": {
    "mocha": {
      "version": "7.0.1"
    },
    "mochawesome": {
      "options": {
        "quiet": false,
        "reportFilename": "mochawesome",
        "saveHtml": false,
        "saveJson": true,
        "consoleReporter": "spec",
        "useInlineDiffs": false,
        "code": true
      },
      "version": "7.1.3"
    },
    "marge": {
      "options": {
        "id": "default",
        "reportDir": "cypress/reports/mocha",
        "quite": true,
        "overwrite": false,
        "html": false,
        "json": true
      },
      "version": "6.2.0"
    }
  }
}