{
  "stats": {
    "suites": 2,
    "tests": 17,
    "passes": 14,
    "pending": 0,
    "failures": 3,
    "start": "2022-07-20T14:17:49.573Z",
    "end": "2022-07-20T14:17:56.330Z",
    "duration": 6757,
    "testsRegistered": 17,
    "passPercent": 82.35294117647058,
    "pendingPercent": 0,
    "other": 0,
    "hasOther": false,
    "skipped": 0,
    "hasSkipped": false
  },
  "results": [
    {
      "uuid": "128f7424-3142-453e-93e6-97cb59e517b2",
      "title": "",
      "fullFile": "cypress/integration/5_carrinhos.spec.js",
      "file": "cypress/integration/5_carrinhos.spec.js",
      "beforeHooks": [],
      "afterHooks": [],
      "tests": [],
      "suites": [
        {
          "uuid": "b3bbed90-d749-418b-8ad9-3077fc80809c",
          "title": "Casos de teste da rota /carrinhos da API Serverest",
          "fullFile": "",
          "file": "",
          "beforeHooks": [],
          "afterHooks": [],
          "tests": [
            {
              "title": "T31 - Buscar todos os carrinhos",
              "fullTitle": "Casos de teste da rota /carrinhos da API Serverest T31 - Buscar todos os carrinhos",
              "timedOut": null,
              "duration": 673,
              "state": "failed",
              "speed": null,
              "pass": false,
              "fail": true,
              "pending": false,
              "context": null,
              "code": "_serverest.default.buscarCarrinhos().then(res => {\n  cy.contractValidation(res, 'get-carrinhos', 200);\n  _validaServerest.default.validaBuscaDeCarrinhos(res, 200);\n});",
              "err": {
                "message": "Error: Erros encontrados na validação de contrato, por favor verifique: /carrinhos/0/produtos/0 must be array, but receive object\n/carrinhos/0/produtos/1 must be array, but receive object\n",
                "estack": "Error: Erros encontrados na validação de contrato, por favor verifique: /carrinhos/0/produtos/0 must be array, but receive object\n/carrinhos/0/produtos/1 must be array, but receive object\n\n    at Context.eval (https://serverest.dev/__cypress/tests?p=cypress\\support\\index.js:161:13)",
                "diff": null
              },
              "uuid": "636bd2cf-ef5e-45b2-8676-8aaf70d4c342",
              "parentUUID": "b3bbed90-d749-418b-8ad9-3077fc80809c",
              "isHook": false,
              "skipped": false
            },
            {
              "title": "T38 - Falhar ao pesquisar carrinho que não exista",
              "fullTitle": "Casos de teste da rota /carrinhos da API Serverest T38 - Falhar ao pesquisar carrinho que não exista",
              "timedOut": null,
              "duration": 265,
              "state": "passed",
              "speed": "fast",
              "pass": true,
              "fail": false,
              "pending": false,
              "context": null,
              "code": "let id = _factory.default.gerarId();\n_serverest.default.localizarCarrinhoComIdPodeFalhar(id).then(res => {\n  cy.contractValidation(res, 'get-carrinhos/id', 400);\n  _validaServerest.default.validaBuscaDeCarrinhosSemSucesso(res, 400);\n});",
              "err": {},
              "uuid": "e77b8d1d-3c8d-4880-8f8b-9afedcc488a1",
              "parentUUID": "b3bbed90-d749-418b-8ad9-3077fc80809c",
              "isHook": false,
              "skipped": false
            }
          ],
          "suites": [
            {
              "uuid": "23d24676-9329-4467-9a62-0e949dcd4ec3",
              "title": "T12 - Realizar login com sucesso",
              "fullFile": "",
              "file": "",
              "beforeHooks": [],
              "afterHooks": [],
              "tests": [
                {
                  "title": "Teste extra para conclusão de carrinho de usuário, caso exista um",
                  "fullTitle": "Casos de teste da rota /carrinhos da API Serverest T12 - Realizar login com sucesso Teste extra para conclusão de carrinho de usuário, caso exista um",
                  "timedOut": null,
                  "duration": 622,
                  "state": "passed",
                  "speed": "fast",
                  "pass": true,
                  "fail": false,
                  "pending": false,
                  "context": null,
                  "code": "_serverest.default.concluirCompra().then(res => {\n  cy.contractValidation(res, 'delete-carrinhos/concluir-compra', 200);\n});",
                  "err": {},
                  "uuid": "13443a5f-fb23-4f7f-ba35-c0fc795e79d9",
                  "parentUUID": "23d24676-9329-4467-9a62-0e949dcd4ec3",
                  "isHook": false,
                  "skipped": false
                },
                {
                  "title": "T33 - Postar um novo carrinho",
                  "fullTitle": "Casos de teste da rota /carrinhos da API Serverest T12 - Realizar login com sucesso T33 - Postar um novo carrinho",
                  "timedOut": null,
                  "duration": 411,
                  "state": "passed",
                  "speed": "fast",
                  "pass": true,
                  "fail": false,
                  "pending": false,
                  "context": null,
                  "code": "_serverest.default.buscarProdutoAleatorio();\ncy.get('@produtoId').then(produtoId => {\n  _serverest.default.cadastrarCarrinho(produtoId._id).then(res => {\n    cy.contractValidation(res, 'post-carrinhos', 201);\n    _validaServerest.default.validaCadastroDeCarrinho(res, 201);\n  });\n});",
                  "err": {},
                  "uuid": "21a28adb-4bad-4da4-b7ec-7f491e63cfa6",
                  "parentUUID": "23d24676-9329-4467-9a62-0e949dcd4ec3",
                  "isHook": false,
                  "skipped": false
                },
                {
                  "title": "T40 - Falhar ao postar carrinho em usuário que já tenha um carrinho cadastrado",
                  "fullTitle": "Casos de teste da rota /carrinhos da API Serverest T12 - Realizar login com sucesso T40 - Falhar ao postar carrinho em usuário que já tenha um carrinho cadastrado",
                  "timedOut": null,
                  "duration": 449,
                  "state": "passed",
                  "speed": "fast",
                  "pass": true,
                  "fail": false,
                  "pending": false,
                  "context": null,
                  "code": "_serverest.default.buscarProdutoAleatorio();\ncy.get('@produtoId').then(produtoId => {\n  _serverest.default.cadastrarCarrinhoPodeFalhar(produtoId._id).then(res => {\n    cy.contractValidation(res, 'post-carrinhos', 400);\n    _validaServerest.default.validaCadastroDeCarrinhoComCarrinhoJaCadastrado(res, 400);\n  });\n});",
                  "err": {},
                  "uuid": "2f718dba-a7d2-4a08-afe9-7f090d030df3",
                  "parentUUID": "23d24676-9329-4467-9a62-0e949dcd4ec3",
                  "isHook": false,
                  "skipped": false
                },
                {
                  "title": "T32 - Buscar um carrinho em específico",
                  "fullTitle": "Casos de teste da rota /carrinhos da API Serverest T12 - Realizar login com sucesso T32 - Buscar um carrinho em específico",
                  "timedOut": null,
                  "duration": 655,
                  "state": "failed",
                  "speed": null,
                  "pass": false,
                  "fail": true,
                  "pending": false,
                  "context": null,
                  "code": "_serverest.default.buscarIdCarrinhoAleatorio();\ncy.get('@carrinhoId').then(carrinhoId => {\n  _serverest.default.localizarCarrinhoComId(carrinhoId._id).then(res => {\n    cy.contractValidation(res, 'get-carrinhos/id', 200);\n    _validaServerest.default.validaBuscaDeCarrinhosComId(res, 200);\n  });\n});",
                  "err": {
                    "message": "Error: Erros encontrados na validação de contrato, por favor verifique: /produtos/0 must be array, but receive object\n",
                    "estack": "Error: Erros encontrados na validação de contrato, por favor verifique: /produtos/0 must be array, but receive object\n\n    at Context.eval (https://serverest.dev/__cypress/tests?p=cypress\\support\\index.js:161:13)",
                    "diff": null
                  },
                  "uuid": "597afac7-27b7-4646-a191-c07ad3326ffa",
                  "parentUUID": "23d24676-9329-4467-9a62-0e949dcd4ec3",
                  "isHook": false,
                  "skipped": false
                },
                {
                  "title": "T34 - Concluir compra de um carrinho",
                  "fullTitle": "Casos de teste da rota /carrinhos da API Serverest T12 - Realizar login com sucesso T34 - Concluir compra de um carrinho",
                  "timedOut": null,
                  "duration": 235,
                  "state": "passed",
                  "speed": "fast",
                  "pass": true,
                  "fail": false,
                  "pending": false,
                  "context": null,
                  "code": "_serverest.default.concluirCompra().then(res => {\n  cy.contractValidation(res, 'delete-carrinhos/concluir-compra', 200);\n  _validaServerest.default.validaConclusaoDeCarrinho(res, 200);\n});",
                  "err": {},
                  "uuid": "9e4a2ea2-b4ec-4386-bd09-1781acb4c336",
                  "parentUUID": "23d24676-9329-4467-9a62-0e949dcd4ec3",
                  "isHook": false,
                  "skipped": false
                },
                {
                  "title": "T35 - Concluir compra sem que exista um carrinho vinculado ao usuário",
                  "fullTitle": "Casos de teste da rota /carrinhos da API Serverest T12 - Realizar login com sucesso T35 - Concluir compra sem que exista um carrinho vinculado ao usuário",
                  "timedOut": null,
                  "duration": 239,
                  "state": "passed",
                  "speed": "fast",
                  "pass": true,
                  "fail": false,
                  "pending": false,
                  "context": null,
                  "code": "_serverest.default.concluirCompra().then(res => {\n  cy.contractValidation(res, 'delete-carrinhos/concluir-compra', 200);\n  _validaServerest.default.validaConclusaoDeCarrinhoSemCarrinho(res, 200);\n});",
                  "err": {},
                  "uuid": "5568d82e-032c-4e50-a7a8-83a82d2d889e",
                  "parentUUID": "23d24676-9329-4467-9a62-0e949dcd4ec3",
                  "isHook": false,
                  "skipped": false
                },
                {
                  "title": "Postando outro carrinho para os testes de cancelamento",
                  "fullTitle": "Casos de teste da rota /carrinhos da API Serverest T12 - Realizar login com sucesso Postando outro carrinho para os testes de cancelamento",
                  "timedOut": null,
                  "duration": 434,
                  "state": "passed",
                  "speed": "fast",
                  "pass": true,
                  "fail": false,
                  "pending": false,
                  "context": null,
                  "code": "_serverest.default.buscarProdutoAleatorio();\ncy.get('@produtoId').then(produtoId => {\n  _serverest.default.cadastrarCarrinho(produtoId._id).then(res => {\n    cy.contractValidation(res, 'post-carrinhos', 201);\n    _validaServerest.default.validaCadastroDeCarrinho(res, 201);\n  });\n});",
                  "err": {},
                  "uuid": "93816273-d398-48ed-82ae-ee7597c2688f",
                  "parentUUID": "23d24676-9329-4467-9a62-0e949dcd4ec3",
                  "isHook": false,
                  "skipped": false
                },
                {
                  "title": "T36 - Cancelar compra de um carrinho",
                  "fullTitle": "Casos de teste da rota /carrinhos da API Serverest T12 - Realizar login com sucesso T36 - Cancelar compra de um carrinho",
                  "timedOut": null,
                  "duration": 444,
                  "state": "failed",
                  "speed": null,
                  "pass": false,
                  "fail": true,
                  "pending": false,
                  "context": null,
                  "code": "_serverest.default.cancelarCompra().then(res => {\n  cy.contractValidation(res, 'delete-carrinhos/cancelar-compra', 200);\n  _validaServerest.default.validaCancelamentoDeCarrinho(res, 200);\n});",
                  "err": {
                    "message": "AssertionError: expected 'Registro excluído com sucesso. Estoque dos produtos reabastecido' to equal 'Registro excluído com sucesso'",
                    "estack": "AssertionError: expected 'Registro excluído com sucesso. Estoque dos produtos reabastecido' to equal 'Registro excluído com sucesso'\n    at Function.validaCancelamentoDeCarrinho (https://serverest.dev/__cypress/tests?p=cypress\\integration\\5_carrinhos.spec.js:875:36)\n    at Context.eval (https://serverest.dev/__cypress/tests?p=cypress\\integration\\5_carrinhos.spec.js:279:34)",
                    "diff": "- 'Registro excluído com sucesso. Estoque dos produtos reabastecido'\n+ 'Registro excluído com sucesso'\n"
                  },
                  "uuid": "6c47ccbf-250b-4d6a-8720-6eed123a2d7f",
                  "parentUUID": "23d24676-9329-4467-9a62-0e949dcd4ec3",
                  "isHook": false,
                  "skipped": false
                },
                {
                  "title": "T37 - Cancelar compra sem que exista um carrinho vinculado ao usuário",
                  "fullTitle": "Casos de teste da rota /carrinhos da API Serverest T12 - Realizar login com sucesso T37 - Cancelar compra sem que exista um carrinho vinculado ao usuário",
                  "timedOut": null,
                  "duration": 200,
                  "state": "passed",
                  "speed": "fast",
                  "pass": true,
                  "fail": false,
                  "pending": false,
                  "context": null,
                  "code": "_serverest.default.cancelarCompra().then(res => {\n  cy.contractValidation(res, 'delete-carrinhos/cancelar-compra', 200);\n  _validaServerest.default.validaCancelamentoDeCarrinhoSemCarrinho(res, 200);\n});",
                  "err": {},
                  "uuid": "7715c653-8185-4d84-b26d-c0abdfecdc7a",
                  "parentUUID": "23d24676-9329-4467-9a62-0e949dcd4ec3",
                  "isHook": false,
                  "skipped": false
                },
                {
                  "title": "T39 - Falhar ao postar carrinho com produto duplicado",
                  "fullTitle": "Casos de teste da rota /carrinhos da API Serverest T12 - Realizar login com sucesso T39 - Falhar ao postar carrinho com produto duplicado",
                  "timedOut": null,
                  "duration": 407,
                  "state": "passed",
                  "speed": "fast",
                  "pass": true,
                  "fail": false,
                  "pending": false,
                  "context": null,
                  "code": "_serverest.default.buscarProdutoAleatorio();\ncy.get('@produtoId').then(produtoId => {\n  _serverest.default.cadastrarCarrinhoDoisProdutosPodeFalhar(produtoId._id).then(res => {\n    cy.contractValidation(res, 'post-carrinhos', 400);\n    _validaServerest.default.validaCadastroDeCarrinhoComDoisProdutosIguais(res, 400);\n  });\n});",
                  "err": {},
                  "uuid": "89ffa9f0-ee6a-4fc8-82ea-2fdbf78711c0",
                  "parentUUID": "23d24676-9329-4467-9a62-0e949dcd4ec3",
                  "isHook": false,
                  "skipped": false
                },
                {
                  "title": "T41 - Falhar ao postar carrinho com produto que não exista ",
                  "fullTitle": "Casos de teste da rota /carrinhos da API Serverest T12 - Realizar login com sucesso T41 - Falhar ao postar carrinho com produto que não exista ",
                  "timedOut": null,
                  "duration": 203,
                  "state": "passed",
                  "speed": "fast",
                  "pass": true,
                  "fail": false,
                  "pending": false,
                  "context": null,
                  "code": "let id = _factory.default.gerarId();\n_serverest.default.cadastrarCarrinhoPodeFalhar(id).then(res => {\n  cy.contractValidation(res, 'post-carrinhos', 400);\n  _validaServerest.default.validaCadastroDeCarrinhoComProdutoNaoExiste(res, 400);\n});",
                  "err": {},
                  "uuid": "6c443898-f63a-4037-b5a9-af1c44815471",
                  "parentUUID": "23d24676-9329-4467-9a62-0e949dcd4ec3",
                  "isHook": false,
                  "skipped": false
                },
                {
                  "title": "T42 - Falhar ao postar carrinho com produto sem quantidade o suficiente",
                  "fullTitle": "Casos de teste da rota /carrinhos da API Serverest T12 - Realizar login com sucesso T42 - Falhar ao postar carrinho com produto sem quantidade o suficiente",
                  "timedOut": null,
                  "duration": 452,
                  "state": "passed",
                  "speed": "fast",
                  "pass": true,
                  "fail": false,
                  "pending": false,
                  "context": null,
                  "code": "_serverest.default.buscarProdutoAleatorio();\ncy.get('@produtoId').then(produtoId => {\n  _serverest.default.cadastrarCarrinhoPodeFalhar(produtoId._id, 99999999999999).then(res => {\n    cy.contractValidation(res, 'post-carrinhos', 400);\n    _validaServerest.default.validaCadastroDeCarrinhoComProdutoSemQuantidade(res, 400);\n  });\n});",
                  "err": {},
                  "uuid": "87dcc729-46af-4555-b3b0-25db57b42b3b",
                  "parentUUID": "23d24676-9329-4467-9a62-0e949dcd4ec3",
                  "isHook": false,
                  "skipped": false
                },
                {
                  "title": "T43 - Falhar ao tentar postar um carrinho logado com um token inválido",
                  "fullTitle": "Casos de teste da rota /carrinhos da API Serverest T12 - Realizar login com sucesso T43 - Falhar ao tentar postar um carrinho logado com um token inválido",
                  "timedOut": null,
                  "duration": 459,
                  "state": "passed",
                  "speed": "fast",
                  "pass": true,
                  "fail": false,
                  "pending": false,
                  "context": null,
                  "code": "_serverest.default.gerarBearerInexistente();\n_serverest.default.buscarProdutoAleatorio();\ncy.get('@produtoId').then(produtoId => {\n  _serverest.default.cadastrarCarrinhoPodeFalhar(produtoId._id).then(res => {\n    cy.contractValidation(res, 'post-carrinhos', 401);\n    _validaServerest.default.validaTokenInexistente(res, 401);\n  });\n});",
                  "err": {},
                  "uuid": "4dbaa984-e513-42df-9dff-7a08d8613c1e",
                  "parentUUID": "23d24676-9329-4467-9a62-0e949dcd4ec3",
                  "isHook": false,
                  "skipped": false
                },
                {
                  "title": "T44 - Falhar ao concluir compra de carrinho logado com um token inválido",
                  "fullTitle": "Casos de teste da rota /carrinhos da API Serverest T12 - Realizar login com sucesso T44 - Falhar ao concluir compra de carrinho logado com um token inválido",
                  "timedOut": null,
                  "duration": 211,
                  "state": "passed",
                  "speed": "fast",
                  "pass": true,
                  "fail": false,
                  "pending": false,
                  "context": null,
                  "code": "_serverest.default.concluirCompraPodeFalhar().then(res => {\n  cy.contractValidation(res, 'delete-carrinhos/concluir-compra', 401);\n  _validaServerest.default.validaTokenInexistente(res, 401);\n});",
                  "err": {},
                  "uuid": "cbf94a5c-57cd-4a00-98c3-1b197c736501",
                  "parentUUID": "23d24676-9329-4467-9a62-0e949dcd4ec3",
                  "isHook": false,
                  "skipped": false
                },
                {
                  "title": "T45 - Falhar ao cancelar compra de carrinho logado com um token inválido",
                  "fullTitle": "Casos de teste da rota /carrinhos da API Serverest T12 - Realizar login com sucesso T45 - Falhar ao cancelar compra de carrinho logado com um token inválido",
                  "timedOut": null,
                  "duration": 198,
                  "state": "passed",
                  "speed": "fast",
                  "pass": true,
                  "fail": false,
                  "pending": false,
                  "context": null,
                  "code": "_serverest.default.cancelarCompraPodeFalhar().then(res => {\n  cy.contractValidation(res, 'delete-carrinhos/cancelar-compra', 401);\n  _validaServerest.default.validaTokenInexistente(res, 401);\n});",
                  "err": {},
                  "uuid": "e015c47f-6337-4d67-b865-7ec058e3a27e",
                  "parentUUID": "23d24676-9329-4467-9a62-0e949dcd4ec3",
                  "isHook": false,
                  "skipped": false
                }
              ],
              "suites": [],
              "passes": [
                "13443a5f-fb23-4f7f-ba35-c0fc795e79d9",
                "21a28adb-4bad-4da4-b7ec-7f491e63cfa6",
                "2f718dba-a7d2-4a08-afe9-7f090d030df3",
                "9e4a2ea2-b4ec-4386-bd09-1781acb4c336",
                "5568d82e-032c-4e50-a7a8-83a82d2d889e",
                "93816273-d398-48ed-82ae-ee7597c2688f",
                "7715c653-8185-4d84-b26d-c0abdfecdc7a",
                "89ffa9f0-ee6a-4fc8-82ea-2fdbf78711c0",
                "6c443898-f63a-4037-b5a9-af1c44815471",
                "87dcc729-46af-4555-b3b0-25db57b42b3b",
                "4dbaa984-e513-42df-9dff-7a08d8613c1e",
                "cbf94a5c-57cd-4a00-98c3-1b197c736501",
                "e015c47f-6337-4d67-b865-7ec058e3a27e"
              ],
              "failures": [
                "597afac7-27b7-4646-a191-c07ad3326ffa",
                "6c47ccbf-250b-4d6a-8720-6eed123a2d7f"
              ],
              "pending": [],
              "skipped": [],
              "duration": 5619,
              "root": false,
              "rootEmpty": false,
              "_timeout": 2000
            }
          ],
          "passes": [
            "e77b8d1d-3c8d-4880-8f8b-9afedcc488a1"
          ],
          "failures": [
            "636bd2cf-ef5e-45b2-8676-8aaf70d4c342"
          ],
          "pending": [],
          "skipped": [],
          "duration": 938,
          "root": false,
          "rootEmpty": false,
          "_timeout": 2000
        }
      ],
      "passes": [],
      "failures": [],
      "pending": [],
      "skipped": [],
      "duration": 0,
      "root": true,
      "rootEmpty": true,
      "_timeout": 2000
    }
  ],
  "meta": {
    "mocha": {
      "version": "7.0.1"
    },
    "mochawesome": {
      "options": {
        "quiet": false,
        "reportFilename": "mochawesome",
        "saveHtml": false,
        "saveJson": true,
        "consoleReporter": "spec",
        "useInlineDiffs": false,
        "code": true
      },
      "version": "7.1.3"
    },
    "marge": {
      "options": {
        "id": "default",
        "reportDir": "cypress/reports/mocha",
        "quite": true,
        "overwrite": false,
        "html": false,
        "json": true
      },
      "version": "6.2.0"
    }
  }
}