{
  "stats": {
    "suites": 2,
    "tests": 8,
    "passes": 7,
    "pending": 0,
    "failures": 1,
    "start": "2022-09-27T17:30:04.967Z",
    "end": "2022-09-27T17:30:08.675Z",
    "duration": 3708,
    "testsRegistered": 8,
    "passPercent": 87.5,
    "pendingPercent": 0,
    "other": 0,
    "hasOther": false,
    "skipped": 0,
    "hasSkipped": false
  },
  "results": [
    {
      "uuid": "74f98faa-48a9-4f12-a2ae-5457855096ea",
      "title": "",
      "fullFile": "cypress/integration/4_produtos.spec.js",
      "file": "cypress/integration/4_produtos.spec.js",
      "beforeHooks": [],
      "afterHooks": [],
      "tests": [],
      "suites": [
        {
          "uuid": "854c37ec-a9b7-48b0-a9ae-c47795d2dd31",
          "title": "Casos de teste da rota /produtos da API Serverest",
          "fullFile": "",
          "file": "",
          "beforeHooks": [],
          "afterHooks": [],
          "tests": [
            {
              "title": "T14 - Buscar todos os produtos",
              "fullTitle": "Casos de teste da rota /produtos da API Serverest T14 - Buscar todos os produtos",
              "timedOut": null,
              "duration": 559,
              "state": "failed",
              "speed": null,
              "pass": false,
              "fail": true,
              "pending": false,
              "context": null,
              "code": "_serverest.default.buscarProdutos().then(res => {\n  cy.contractValidation(res, 'get-produtos', 200);\n  _validaServerest.default.validaBuscaDeProdutos(res, 200);\n});",
              "err": {
                "message": "Error: Erros encontrados na validação de contrato, por favor verifique:  must have required property 'usuarios', but receive object\n",
                "estack": "Error: Erros encontrados na validação de contrato, por favor verifique:  must have required property 'usuarios', but receive object\n\n    at Context.eval (https://serverest.dev/__cypress/tests?p=cypress\\support\\index.js:161:13)",
                "diff": null
              },
              "uuid": "c10f1792-f370-4df8-8801-b3384725ba5b",
              "parentUUID": "854c37ec-a9b7-48b0-a9ae-c47795d2dd31",
              "isHook": false,
              "skipped": false
            },
            {
              "title": "T15 - Buscar um produto em específico",
              "fullTitle": "Casos de teste da rota /produtos da API Serverest T15 - Buscar um produto em específico",
              "timedOut": null,
              "duration": 730,
              "state": "passed",
              "speed": "fast",
              "pass": true,
              "fail": false,
              "pending": false,
              "context": null,
              "code": "_serverest.default.buscarIdProdutoAleatorio();\ncy.get('@produtoId').then(produtoId => {\n  _serverest.default.localizarProdutoComId(produtoId._id).then(res => {\n    cy.contractValidation(res, 'get-produtos/id', 200);\n    _validaServerest.default.validaBuscaDeProdutosComId(res, 200);\n  });\n});",
              "err": {},
              "uuid": "b7f9e316-afd9-44f9-9e9c-47c6eaeb5a4c",
              "parentUUID": "854c37ec-a9b7-48b0-a9ae-c47795d2dd31",
              "isHook": false,
              "skipped": false
            },
            {
              "title": "Postando usuário administrador para os testes que precisa de admin",
              "fullTitle": "Casos de teste da rota /produtos da API Serverest Postando usuário administrador para os testes que precisa de admin",
              "timedOut": null,
              "duration": 227,
              "state": "passed",
              "speed": "fast",
              "pass": true,
              "fail": false,
              "pending": false,
              "context": null,
              "code": "let usuario = _factory.default.gerarNovoUsuario();\n_serverest.default.postarNovoUsuarioComParametro(usuario).then(res => {\n  cy.contractValidation(res, 'post-usuarios', 201);\n  _validaServerest.default.ValidarPostarNovoUsuario(res, 201);\n  Cypress.env('usuarioAdminLogin', {\n    \"email\": usuario.email,\n    \"password\": usuario.password\n  });\n});",
              "err": {},
              "uuid": "76266f0e-3c57-442b-aa85-320ade510dda",
              "parentUUID": "854c37ec-a9b7-48b0-a9ae-c47795d2dd31",
              "isHook": false,
              "skipped": false
            }
          ],
          "suites": [
            {
              "uuid": "c5228ae9-77b2-4045-a459-7570fa844496",
              "title": "T12 - Realizar login com sucesso",
              "fullFile": "",
              "file": "",
              "beforeHooks": [],
              "afterHooks": [],
              "tests": [
                {
                  "title": "T16 - Postar um novo produto",
                  "fullTitle": "Casos de teste da rota /produtos da API Serverest T12 - Realizar login com sucesso T16 - Postar um novo produto",
                  "timedOut": null,
                  "duration": 443,
                  "state": "passed",
                  "speed": "fast",
                  "pass": true,
                  "fail": false,
                  "pending": false,
                  "context": null,
                  "code": "_serverest.default.cadastrarProduto().then(res => {\n  cy.contractValidation(res, 'post-produtos', 201);\n  _validaServerest.default.validaCadastroDeProduto(res, 201);\n  Cypress.env('produtoId', res.body._id);\n});",
                  "err": {},
                  "uuid": "294df39c-9106-465c-bd78-6e84901dbf20",
                  "parentUUID": "c5228ae9-77b2-4045-a459-7570fa844496",
                  "isHook": false,
                  "skipped": false
                },
                {
                  "title": "T17 - Modificar as informações de um produto",
                  "fullTitle": "Casos de teste da rota /produtos da API Serverest T12 - Realizar login com sucesso T17 - Modificar as informações de um produto",
                  "timedOut": null,
                  "duration": 704,
                  "state": "passed",
                  "speed": "fast",
                  "pass": true,
                  "fail": false,
                  "pending": false,
                  "context": null,
                  "code": "_serverest.default.buscarIdProdutoAleatorio();\ncy.get('@produtoId').then(produtoId => {\n  _serverest.default.modificarProduto(produtoId._id).then(res => {\n    cy.contractValidation(res, 'put-produtos/id', 200);\n    _validaServerest.default.validarModificarProduto(res, 200);\n  });\n});",
                  "err": {},
                  "uuid": "6575412a-0b4a-4b21-bc9f-b45eb905399c",
                  "parentUUID": "c5228ae9-77b2-4045-a459-7570fa844496",
                  "isHook": false,
                  "skipped": false
                },
                {
                  "title": "T18 - Postar novo produto pelo método PUT",
                  "fullTitle": "Casos de teste da rota /produtos da API Serverest T12 - Realizar login com sucesso T18 - Postar novo produto pelo método PUT",
                  "timedOut": null,
                  "duration": 242,
                  "state": "passed",
                  "speed": "fast",
                  "pass": true,
                  "fail": false,
                  "pending": false,
                  "context": null,
                  "code": "let id = _factory.default.gerarId();\n_serverest.default.criarProdutoComPut(id).then(res => {\n  cy.contractValidation(res, 'put-produtos/id', 201);\n  _validaServerest.default.validaCadastroDeProduto(res, 201);\n});",
                  "err": {},
                  "uuid": "aa69fe95-2ae8-4fc7-a655-7e000764bc50",
                  "parentUUID": "c5228ae9-77b2-4045-a459-7570fa844496",
                  "isHook": false,
                  "skipped": false
                },
                {
                  "title": "T19 - Deletar um produto",
                  "fullTitle": "Casos de teste da rota /produtos da API Serverest T12 - Realizar login com sucesso T19 - Deletar um produto",
                  "timedOut": null,
                  "duration": 453,
                  "state": "passed",
                  "speed": "fast",
                  "pass": true,
                  "fail": false,
                  "pending": false,
                  "context": null,
                  "code": "let produtoId = Cypress.env('produtoId');\n_serverest.default.deletarProduto(produtoId).then(res => {\n  cy.contractValidation(res, 'delete-produtos/id', 200);\n  _validaServerest.default.validarDeletarProduto(res, 200);\n});",
                  "err": {},
                  "uuid": "999c3b6c-7baf-4d0a-9bc9-7ae142e21e6e",
                  "parentUUID": "c5228ae9-77b2-4045-a459-7570fa844496",
                  "isHook": false,
                  "skipped": false
                },
                {
                  "title": "T20 - Deletar um produto que não exista",
                  "fullTitle": "Casos de teste da rota /produtos da API Serverest T12 - Realizar login com sucesso T20 - Deletar um produto que não exista",
                  "timedOut": null,
                  "duration": 254,
                  "state": "passed",
                  "speed": "fast",
                  "pass": true,
                  "fail": false,
                  "pending": false,
                  "context": null,
                  "code": "let id = _factory.default.gerarId();\n_serverest.default.deletarProdutoNaoExiste(id).then(res => {\n  cy.contractValidation(res, 'delete-produtos/id', 200);\n  _validaServerest.default.ValidarDeletarProdutoNaoExiste(res, 200);\n});",
                  "err": {},
                  "uuid": "c8fde16e-d7b9-41cd-8e2c-ad5af0141062",
                  "parentUUID": "c5228ae9-77b2-4045-a459-7570fa844496",
                  "isHook": false,
                  "skipped": false
                }
              ],
              "suites": [],
              "passes": [
                "294df39c-9106-465c-bd78-6e84901dbf20",
                "6575412a-0b4a-4b21-bc9f-b45eb905399c",
                "aa69fe95-2ae8-4fc7-a655-7e000764bc50",
                "999c3b6c-7baf-4d0a-9bc9-7ae142e21e6e",
                "c8fde16e-d7b9-41cd-8e2c-ad5af0141062"
              ],
              "failures": [],
              "pending": [],
              "skipped": [],
              "duration": 2096,
              "root": false,
              "rootEmpty": false,
              "_timeout": 2000
            }
          ],
          "passes": [
            "b7f9e316-afd9-44f9-9e9c-47c6eaeb5a4c",
            "76266f0e-3c57-442b-aa85-320ade510dda"
          ],
          "failures": [
            "c10f1792-f370-4df8-8801-b3384725ba5b"
          ],
          "pending": [],
          "skipped": [],
          "duration": 1516,
          "root": false,
          "rootEmpty": false,
          "_timeout": 2000
        }
      ],
      "passes": [],
      "failures": [],
      "pending": [],
      "skipped": [],
      "duration": 0,
      "root": true,
      "rootEmpty": true,
      "_timeout": 2000
    }
  ],
  "meta": {
    "mocha": {
      "version": "7.0.1"
    },
    "mochawesome": {
      "options": {
        "quiet": false,
        "reportFilename": "mochawesome",
        "saveHtml": false,
        "saveJson": true,
        "consoleReporter": "spec",
        "useInlineDiffs": false,
        "code": true
      },
      "version": "7.1.3"
    },
    "marge": {
      "options": {
        "id": "default",
        "reportDir": "cypress/reports/mocha",
        "quite": true,
        "overwrite": false,
        "html": false,
        "json": true
      },
      "version": "6.2.0"
    }
  }
}