{
  "stats": {
    "suites": 2,
    "tests": 3,
    "passes": 3,
    "pending": 0,
    "failures": 0,
    "start": "2022-07-06T17:26:57.311Z",
    "end": "2022-07-06T17:27:00.329Z",
    "duration": 3018,
    "testsRegistered": 3,
    "passPercent": 100,
    "pendingPercent": 0,
    "other": 0,
    "hasOther": false,
    "skipped": 0,
    "hasSkipped": false
  },
  "results": [
    {
      "uuid": "d44d5e9b-2e6f-4806-9b11-ee07faa87d99",
      "title": "",
      "fullFile": "cypress/integration/carrinhos.spec.js",
      "file": "cypress/integration/carrinhos.spec.js",
      "beforeHooks": [],
      "afterHooks": [],
      "tests": [],
      "suites": [
        {
          "uuid": "b462c708-483e-4a6d-9d9f-bd59ac3194c0",
          "title": "Casos de teste da rota /carrinhos da API Serverest",
          "fullFile": "",
          "file": "",
          "beforeHooks": [],
          "afterHooks": [],
          "tests": [
            {
              "title": "Deve buscar todos os carrinhos cadastrados",
              "fullTitle": "Casos de teste da rota /carrinhos da API Serverest Deve buscar todos os carrinhos cadastrados",
              "timedOut": null,
              "duration": 596,
              "state": "passed",
              "speed": "fast",
              "pass": true,
              "fail": false,
              "pending": false,
              "context": null,
              "code": "_serverest.default.buscarCarrinhos().then(res => {\n  cy.contractValidation(res, 'get-carrinhos', 200);\n  _validaServerest.default.validaBuscaDeCarrinhos(res);\n});",
              "err": {},
              "uuid": "a3e37151-c42c-4e8e-941a-bbc2ec30c5d8",
              "parentUUID": "b462c708-483e-4a6d-9d9f-bd59ac3194c0",
              "isHook": false,
              "skipped": false
            }
          ],
          "suites": [
            {
              "uuid": "6fa0e556-f316-476b-9b19-7e0bf0281eb7",
              "title": "Logar com sucesso",
              "fullFile": "",
              "file": "",
              "beforeHooks": [],
              "afterHooks": [],
              "tests": [
                {
                  "title": "Deve postar um novo carrinho",
                  "fullTitle": "Casos de teste da rota /carrinhos da API Serverest Logar com sucesso Deve postar um novo carrinho",
                  "timedOut": null,
                  "duration": 1335,
                  "state": "passed",
                  "speed": "fast",
                  "pass": true,
                  "fail": false,
                  "pending": false,
                  "context": null,
                  "code": "_serverest.default.buscarProdutoAleatorio();\ncy.get('@produtoId').then(produtoId => {\n  _serverest.default.cadastrarCarrinho(produtoId._id).then(res => {\n    cy.contractValidation(res, 'post-carrinhos', 201);\n    _validaServerest.default.validaCadastroDeCarrinho(res);\n  });\n});",
                  "err": {},
                  "uuid": "7f223d80-f1cb-487e-9432-aa584865cb1a",
                  "parentUUID": "6fa0e556-f316-476b-9b19-7e0bf0281eb7",
                  "isHook": false,
                  "skipped": false
                },
                {
                  "title": "Deve excluir o novo carrinho criado no teste acima",
                  "fullTitle": "Casos de teste da rota /carrinhos da API Serverest Logar com sucesso Deve excluir o novo carrinho criado no teste acima",
                  "timedOut": null,
                  "duration": 1053,
                  "state": "passed",
                  "speed": "fast",
                  "pass": true,
                  "fail": false,
                  "pending": false,
                  "context": null,
                  "code": "_serverest.default.concluirCompra().then(res => {\n  cy.contractValidation(res, 'delete-carrinhos/concluir-compra', 200);\n  _validaServerest.default.validaConclusaoDeCompra(res);\n});",
                  "err": {},
                  "uuid": "c6fda8a3-0c79-46c0-b562-369a80b7c954",
                  "parentUUID": "6fa0e556-f316-476b-9b19-7e0bf0281eb7",
                  "isHook": false,
                  "skipped": false
                }
              ],
              "suites": [],
              "passes": [
                "7f223d80-f1cb-487e-9432-aa584865cb1a",
                "c6fda8a3-0c79-46c0-b562-369a80b7c954"
              ],
              "failures": [],
              "pending": [],
              "skipped": [],
              "duration": 2388,
              "root": false,
              "rootEmpty": false,
              "_timeout": 2000
            }
          ],
          "passes": [
            "a3e37151-c42c-4e8e-941a-bbc2ec30c5d8"
          ],
          "failures": [],
          "pending": [],
          "skipped": [],
          "duration": 596,
          "root": false,
          "rootEmpty": false,
          "_timeout": 2000
        }
      ],
      "passes": [],
      "failures": [],
      "pending": [],
      "skipped": [],
      "duration": 0,
      "root": true,
      "rootEmpty": true,
      "_timeout": 2000
    }
  ],
  "meta": {
    "mocha": {
      "version": "7.0.1"
    },
    "mochawesome": {
      "options": {
        "quiet": false,
        "reportFilename": "mochawesome",
        "saveHtml": false,
        "saveJson": true,
        "consoleReporter": "spec",
        "useInlineDiffs": false,
        "code": true
      },
      "version": "7.1.3"
    },
    "marge": {
      "options": {
        "id": "default",
        "reportDir": "cypress/reports/mocha",
        "quite": true,
        "overwrite": false,
        "html": false,
        "json": true
      },
      "version": "6.2.0"
    }
  }
}