{
  "stats": {
    "suites": 2,
    "tests": 3,
    "passes": 3,
    "pending": 0,
    "failures": 0,
    "start": "2022-09-27T16:47:35.579Z",
    "end": "2022-09-27T16:47:37.064Z",
    "duration": 1485,
    "testsRegistered": 3,
    "passPercent": 100,
    "pendingPercent": 0,
    "other": 0,
    "hasOther": false,
    "skipped": 0,
    "hasSkipped": false
  },
  "results": [
    {
      "uuid": "ed0fc768-611d-4f3d-9c63-daaaaa18fe41",
      "title": "",
      "fullFile": "cypress/integration/1_fluxoPrincipal.spec.js",
      "file": "cypress/integration/1_fluxoPrincipal.spec.js",
      "beforeHooks": [],
      "afterHooks": [],
      "tests": [],
      "suites": [
        {
          "uuid": "4f049e4f-bff7-4e29-bb33-114b43544c5c",
          "title": "Casos de teste do fluxo principal",
          "fullFile": "",
          "file": "",
          "beforeHooks": [],
          "afterHooks": [],
          "tests": [
            {
              "title": "T03 - Postar um novo usuário",
              "fullTitle": "Casos de teste do fluxo principal T03 - Postar um novo usuário",
              "timedOut": null,
              "duration": 527,
              "state": "passed",
              "speed": "fast",
              "pass": true,
              "fail": false,
              "pending": false,
              "context": null,
              "code": "_serverest.default.postarNovoUsuarioComParametro(usuario).then(res => {\n  cy.contractValidation(res, 'post-usuarios', 201);\n  _validaServerest.default.ValidarPostarNovoUsuario(res, 201);\n  Cypress.env('usuarioLoginFluxo', {\n    \"email\": usuario.email,\n    \"password\": usuario.password\n  });\n});",
              "err": {},
              "uuid": "027fb0c3-689d-408d-b5d9-1a2f04e9b8a5",
              "parentUUID": "4f049e4f-bff7-4e29-bb33-114b43544c5c",
              "isHook": false,
              "skipped": false
            }
          ],
          "suites": [
            {
              "uuid": "516b7229-76ba-411b-bd52-64e6ff9d4b1b",
              "title": "T12 - Realizar login com sucesso",
              "fullFile": "",
              "file": "",
              "beforeHooks": [],
              "afterHooks": [],
              "tests": [
                {
                  "title": "T33 - Postar um novo carrinho",
                  "fullTitle": "Casos de teste do fluxo principal T12 - Realizar login com sucesso T33 - Postar um novo carrinho",
                  "timedOut": null,
                  "duration": 694,
                  "state": "passed",
                  "speed": "fast",
                  "pass": true,
                  "fail": false,
                  "pending": false,
                  "context": null,
                  "code": "_serverest.default.buscarProdutoAleatorio();\ncy.get('@produtoId').then(produtoId => {\n  _serverest.default.cadastrarCarrinho(produtoId._id).then(res => {\n    cy.contractValidation(res, 'post-carrinhos', 201);\n    _validaServerest.default.validaCadastroDeCarrinho(res, 201);\n    _serverest.default.SalvaIdDeCarrinho(res.body._id);\n  });\n});",
                  "err": {},
                  "uuid": "86b44f18-e4c4-4119-b696-91fb18499777",
                  "parentUUID": "516b7229-76ba-411b-bd52-64e6ff9d4b1b",
                  "isHook": false,
                  "skipped": false
                },
                {
                  "title": "T34 - Concluir compra de um carrinho",
                  "fullTitle": "Casos de teste do fluxo principal T12 - Realizar login com sucesso T34 - Concluir compra de um carrinho",
                  "timedOut": null,
                  "duration": 229,
                  "state": "passed",
                  "speed": "fast",
                  "pass": true,
                  "fail": false,
                  "pending": false,
                  "context": null,
                  "code": "_serverest.default.concluirCompra().then(res => {\n  cy.contractValidation(res, 'delete-carrinhos/concluir-compra', 200);\n  _validaServerest.default.validaConclusaoDeCarrinho(res, 200);\n});",
                  "err": {},
                  "uuid": "16550866-fcc2-429e-8ea8-97bea936a68e",
                  "parentUUID": "516b7229-76ba-411b-bd52-64e6ff9d4b1b",
                  "isHook": false,
                  "skipped": false
                }
              ],
              "suites": [],
              "passes": [
                "86b44f18-e4c4-4119-b696-91fb18499777",
                "16550866-fcc2-429e-8ea8-97bea936a68e"
              ],
              "failures": [],
              "pending": [],
              "skipped": [],
              "duration": 923,
              "root": false,
              "rootEmpty": false,
              "_timeout": 2000
            }
          ],
          "passes": [
            "027fb0c3-689d-408d-b5d9-1a2f04e9b8a5"
          ],
          "failures": [],
          "pending": [],
          "skipped": [],
          "duration": 527,
          "root": false,
          "rootEmpty": false,
          "_timeout": 2000
        }
      ],
      "passes": [],
      "failures": [],
      "pending": [],
      "skipped": [],
      "duration": 0,
      "root": true,
      "rootEmpty": true,
      "_timeout": 2000
    }
  ],
  "meta": {
    "mocha": {
      "version": "7.0.1"
    },
    "mochawesome": {
      "options": {
        "quiet": false,
        "reportFilename": "mochawesome",
        "saveHtml": false,
        "saveJson": true,
        "consoleReporter": "spec",
        "useInlineDiffs": false,
        "code": true
      },
      "version": "7.1.3"
    },
    "marge": {
      "options": {
        "id": "default",
        "reportDir": "cypress/reports/mocha",
        "quite": true,
        "overwrite": false,
        "html": false,
        "json": true
      },
      "version": "6.2.0"
    }
  }
}