{
  "stats": {
    "suites": 2,
    "tests": 8,
    "passes": 7,
    "pending": 0,
    "failures": 1,
    "start": "2022-07-20T14:17:40.862Z",
    "end": "2022-07-20T14:17:44.026Z",
    "duration": 3164,
    "testsRegistered": 8,
    "passPercent": 87.5,
    "pendingPercent": 0,
    "other": 0,
    "hasOther": false,
    "skipped": 0,
    "hasSkipped": false
  },
  "results": [
    {
      "uuid": "e5e9c225-67fb-4055-ba9a-2867de087601",
      "title": "",
      "fullFile": "cypress/integration/4_produtos.spec.js",
      "file": "cypress/integration/4_produtos.spec.js",
      "beforeHooks": [],
      "afterHooks": [],
      "tests": [],
      "suites": [
        {
          "uuid": "f53a6d6a-4e5f-4b71-bd8d-6d38caae40a5",
          "title": "Casos de teste da rota /produtos da API Serverest",
          "fullFile": "",
          "file": "",
          "beforeHooks": [],
          "afterHooks": [],
          "tests": [
            {
              "title": "T14 - Buscar todos os produtos",
              "fullTitle": "Casos de teste da rota /produtos da API Serverest T14 - Buscar todos os produtos",
              "timedOut": null,
              "duration": 565,
              "state": "failed",
              "speed": null,
              "pass": false,
              "fail": true,
              "pending": false,
              "context": null,
              "code": "_serverest.default.buscarProdutos().then(res => {\n  cy.contractValidation(res, 'get-produtos', 200);\n  _validaServerest.default.validaBuscaDeProdutos(res, 200);\n});",
              "err": {
                "message": "Error: Erros encontrados na validação de contrato, por favor verifique:  must have required property 'usuarios', but receive object\n",
                "estack": "Error: Erros encontrados na validação de contrato, por favor verifique:  must have required property 'usuarios', but receive object\n\n    at Context.eval (https://serverest.dev/__cypress/tests?p=cypress\\support\\index.js:161:13)",
                "diff": null
              },
              "uuid": "6765a24f-84f5-43a6-b072-a6a82ed10041",
              "parentUUID": "f53a6d6a-4e5f-4b71-bd8d-6d38caae40a5",
              "isHook": false,
              "skipped": false
            },
            {
              "title": "T15 - Buscar um produto em específico",
              "fullTitle": "Casos de teste da rota /produtos da API Serverest T15 - Buscar um produto em específico",
              "timedOut": null,
              "duration": 445,
              "state": "passed",
              "speed": "fast",
              "pass": true,
              "fail": false,
              "pending": false,
              "context": null,
              "code": "_serverest.default.buscarIdProdutoAleatorio();\ncy.get('@produtoId').then(produtoId => {\n  _serverest.default.localizarProdutoComId(produtoId._id).then(res => {\n    cy.contractValidation(res, 'get-produtos/id', 200);\n    _validaServerest.default.validaBuscaDeProdutosComId(res, 200);\n  });\n});",
              "err": {},
              "uuid": "cdd026f9-8ccf-495f-ab3b-c5b0f055daf3",
              "parentUUID": "f53a6d6a-4e5f-4b71-bd8d-6d38caae40a5",
              "isHook": false,
              "skipped": false
            },
            {
              "title": "Postando usuário administrador para os testes que precisa de admin",
              "fullTitle": "Casos de teste da rota /produtos da API Serverest Postando usuário administrador para os testes que precisa de admin",
              "timedOut": null,
              "duration": 214,
              "state": "passed",
              "speed": "fast",
              "pass": true,
              "fail": false,
              "pending": false,
              "context": null,
              "code": "let usuario = _factory.default.gerarNovoUsuario();\n_serverest.default.postarNovoUsuarioComParametro(usuario).then(res => {\n  cy.contractValidation(res, 'post-usuarios', 201);\n  _validaServerest.default.ValidarPostarNovoUsuario(res, 201);\n  Cypress.env('usuarioAdminLogin', {\n    \"email\": usuario.email,\n    \"password\": usuario.password\n  });\n});",
              "err": {},
              "uuid": "dc6a1907-69c7-4385-854c-e43b54bf3902",
              "parentUUID": "f53a6d6a-4e5f-4b71-bd8d-6d38caae40a5",
              "isHook": false,
              "skipped": false
            }
          ],
          "suites": [
            {
              "uuid": "8949c7a0-f09c-4800-946c-f72764fcead4",
              "title": "T12 - Realizar login com sucesso",
              "fullFile": "",
              "file": "",
              "beforeHooks": [],
              "afterHooks": [],
              "tests": [
                {
                  "title": "T16 - Postar um novo produto",
                  "fullTitle": "Casos de teste da rota /produtos da API Serverest T12 - Realizar login com sucesso T16 - Postar um novo produto",
                  "timedOut": null,
                  "duration": 414,
                  "state": "passed",
                  "speed": "fast",
                  "pass": true,
                  "fail": false,
                  "pending": false,
                  "context": null,
                  "code": "_serverest.default.cadastrarProduto().then(res => {\n  cy.contractValidation(res, 'post-produtos', 201);\n  _validaServerest.default.validaCadastroDeProduto(res, 201);\n  Cypress.env('produtoId', res.body._id);\n});",
                  "err": {},
                  "uuid": "0c6f4239-72bb-4df1-baec-fc72f8e02bce",
                  "parentUUID": "8949c7a0-f09c-4800-946c-f72764fcead4",
                  "isHook": false,
                  "skipped": false
                },
                {
                  "title": "T17 - Modificar as informações de um produto",
                  "fullTitle": "Casos de teste da rota /produtos da API Serverest T12 - Realizar login com sucesso T17 - Modificar as informações de um produto",
                  "timedOut": null,
                  "duration": 630,
                  "state": "passed",
                  "speed": "fast",
                  "pass": true,
                  "fail": false,
                  "pending": false,
                  "context": null,
                  "code": "_serverest.default.buscarIdProdutoAleatorio();\ncy.get('@produtoId').then(produtoId => {\n  _serverest.default.modificarProduto(produtoId._id).then(res => {\n    cy.contractValidation(res, 'put-produtos/id', 200);\n    _validaServerest.default.validarModificarProduto(res, 200);\n  });\n});",
                  "err": {},
                  "uuid": "871b8981-30fa-4a86-9b89-811b03653288",
                  "parentUUID": "8949c7a0-f09c-4800-946c-f72764fcead4",
                  "isHook": false,
                  "skipped": false
                },
                {
                  "title": "T18 - Postar novo produto pelo método PUT",
                  "fullTitle": "Casos de teste da rota /produtos da API Serverest T12 - Realizar login com sucesso T18 - Postar novo produto pelo método PUT",
                  "timedOut": null,
                  "duration": 219,
                  "state": "passed",
                  "speed": "fast",
                  "pass": true,
                  "fail": false,
                  "pending": false,
                  "context": null,
                  "code": "let id = _factory.default.gerarId();\n_serverest.default.criarProdutoComPut(id).then(res => {\n  cy.contractValidation(res, 'put-produtos/id', 201);\n  _validaServerest.default.validaCadastroDeProduto(res, 201);\n});",
                  "err": {},
                  "uuid": "33b30a48-8fa3-4f67-9c27-38dc391446b6",
                  "parentUUID": "8949c7a0-f09c-4800-946c-f72764fcead4",
                  "isHook": false,
                  "skipped": false
                },
                {
                  "title": "T19 - Deletar um produto",
                  "fullTitle": "Casos de teste da rota /produtos da API Serverest T12 - Realizar login com sucesso T19 - Deletar um produto",
                  "timedOut": null,
                  "duration": 403,
                  "state": "passed",
                  "speed": "fast",
                  "pass": true,
                  "fail": false,
                  "pending": false,
                  "context": null,
                  "code": "let produtoId = Cypress.env('produtoId');\n_serverest.default.deletarProduto(produtoId).then(res => {\n  cy.contractValidation(res, 'delete-produtos/id', 200);\n  _validaServerest.default.validarDeletarProduto(res, 200);\n});",
                  "err": {},
                  "uuid": "732a4122-f6bd-4a18-9a0a-4d240262a85a",
                  "parentUUID": "8949c7a0-f09c-4800-946c-f72764fcead4",
                  "isHook": false,
                  "skipped": false
                },
                {
                  "title": "T20 - Deletar um produto que não exista",
                  "fullTitle": "Casos de teste da rota /produtos da API Serverest T12 - Realizar login com sucesso T20 - Deletar um produto que não exista",
                  "timedOut": null,
                  "duration": 195,
                  "state": "passed",
                  "speed": "fast",
                  "pass": true,
                  "fail": false,
                  "pending": false,
                  "context": null,
                  "code": "let id = _factory.default.gerarId();\n_serverest.default.deletarProdutoNaoExiste(id).then(res => {\n  cy.contractValidation(res, 'delete-produtos/id', 200);\n  _validaServerest.default.ValidarDeletarProdutoNaoExiste(res, 200);\n});",
                  "err": {},
                  "uuid": "451774c2-6cfd-4dd1-ae67-49344684af7f",
                  "parentUUID": "8949c7a0-f09c-4800-946c-f72764fcead4",
                  "isHook": false,
                  "skipped": false
                }
              ],
              "suites": [],
              "passes": [
                "0c6f4239-72bb-4df1-baec-fc72f8e02bce",
                "871b8981-30fa-4a86-9b89-811b03653288",
                "33b30a48-8fa3-4f67-9c27-38dc391446b6",
                "732a4122-f6bd-4a18-9a0a-4d240262a85a",
                "451774c2-6cfd-4dd1-ae67-49344684af7f"
              ],
              "failures": [],
              "pending": [],
              "skipped": [],
              "duration": 1861,
              "root": false,
              "rootEmpty": false,
              "_timeout": 2000
            }
          ],
          "passes": [
            "cdd026f9-8ccf-495f-ab3b-c5b0f055daf3",
            "dc6a1907-69c7-4385-854c-e43b54bf3902"
          ],
          "failures": [
            "6765a24f-84f5-43a6-b072-a6a82ed10041"
          ],
          "pending": [],
          "skipped": [],
          "duration": 1224,
          "root": false,
          "rootEmpty": false,
          "_timeout": 2000
        }
      ],
      "passes": [],
      "failures": [],
      "pending": [],
      "skipped": [],
      "duration": 0,
      "root": true,
      "rootEmpty": true,
      "_timeout": 2000
    }
  ],
  "meta": {
    "mocha": {
      "version": "7.0.1"
    },
    "mochawesome": {
      "options": {
        "quiet": false,
        "reportFilename": "mochawesome",
        "saveHtml": false,
        "saveJson": true,
        "consoleReporter": "spec",
        "useInlineDiffs": false,
        "code": true
      },
      "version": "7.1.3"
    },
    "marge": {
      "options": {
        "id": "default",
        "reportDir": "cypress/reports/mocha",
        "quite": true,
        "overwrite": false,
        "html": false,
        "json": true
      },
      "version": "6.2.0"
    }
  }
}