{
  "stats": {
    "suites": 1,
    "tests": 2,
    "passes": 2,
    "pending": 0,
    "failures": 0,
    "start": "2022-07-07T15:43:09.230Z",
    "end": "2022-07-07T15:43:09.954Z",
    "duration": 724,
    "testsRegistered": 2,
    "passPercent": 100,
    "pendingPercent": 0,
    "other": 0,
    "hasOther": false,
    "skipped": 0,
    "hasSkipped": false
  },
  "results": [
    {
      "uuid": "c931bbc2-12b1-40d4-b424-53de27866848",
      "title": "",
      "fullFile": "cypress/integration/usuarios.spec.js",
      "file": "cypress/integration/usuarios.spec.js",
      "beforeHooks": [],
      "afterHooks": [],
      "tests": [],
      "suites": [
        {
          "uuid": "79862434-7214-4878-8c9f-da4cc6630b85",
          "title": "Casos de teste da rota /usuarios da API Serverest",
          "fullFile": "",
          "file": "",
          "beforeHooks": [],
          "afterHooks": [],
          "tests": [
            {
              "title": "Deve buscar todos os usuários cadastrados",
              "fullTitle": "Casos de teste da rota /usuarios da API Serverest Deve buscar todos os usuários cadastrados",
              "timedOut": null,
              "duration": 453,
              "state": "passed",
              "speed": "fast",
              "pass": true,
              "fail": false,
              "pending": false,
              "context": null,
              "code": "_serverest.default.buscarUsuarios().then(res => {\n  cy.contractValidation(res, 'get-usuarios', 200);\n  _validaServerest.default.ValidarBuscaDeUsuarios(res);\n});",
              "err": {},
              "uuid": "e8bf31f2-2419-4eac-a064-2c5666bb4ef1",
              "parentUUID": "79862434-7214-4878-8c9f-da4cc6630b85",
              "isHook": false,
              "skipped": false
            },
            {
              "title": "Não deve realizar cadastro de um novo usuário",
              "fullTitle": "Casos de teste da rota /usuarios da API Serverest Não deve realizar cadastro de um novo usuário",
              "timedOut": null,
              "duration": 239,
              "state": "passed",
              "speed": "fast",
              "pass": true,
              "fail": false,
              "pending": false,
              "context": null,
              "code": "cy.postarUsuarioJaCadastrado().then(res => {\n  cy.contractValidation(res, 'post-usuarios', 400);\n  expect(res.body.message).to.be.eq('Este email já está sendo usado');\n});",
              "err": {},
              "uuid": "812abbc9-7acb-44fb-8bee-f411dd19af84",
              "parentUUID": "79862434-7214-4878-8c9f-da4cc6630b85",
              "isHook": false,
              "skipped": false
            }
          ],
          "suites": [],
          "passes": [
            "e8bf31f2-2419-4eac-a064-2c5666bb4ef1",
            "812abbc9-7acb-44fb-8bee-f411dd19af84"
          ],
          "failures": [],
          "pending": [],
          "skipped": [],
          "duration": 692,
          "root": false,
          "rootEmpty": false,
          "_timeout": 2000
        }
      ],
      "passes": [],
      "failures": [],
      "pending": [],
      "skipped": [],
      "duration": 0,
      "root": true,
      "rootEmpty": true,
      "_timeout": 2000
    }
  ],
  "meta": {
    "mocha": {
      "version": "7.0.1"
    },
    "mochawesome": {
      "options": {
        "quiet": false,
        "reportFilename": "mochawesome",
        "saveHtml": false,
        "saveJson": true,
        "consoleReporter": "spec",
        "useInlineDiffs": false,
        "code": true
      },
      "version": "7.1.3"
    },
    "marge": {
      "options": {
        "id": "default",
        "reportDir": "cypress/reports/mocha",
        "quite": true,
        "overwrite": false,
        "html": false,
        "json": true
      },
      "version": "6.2.0"
    }
  }
}