{
  "stats": {
    "suites": 2,
    "tests": 2,
    "passes": 2,
    "pending": 0,
    "failures": 0,
    "start": "2022-07-08T17:42:51.133Z",
    "end": "2022-07-08T17:42:52.203Z",
    "duration": 1070,
    "testsRegistered": 2,
    "passPercent": 100,
    "pendingPercent": 0,
    "other": 0,
    "hasOther": false,
    "skipped": 0,
    "hasSkipped": false
  },
  "results": [
    {
      "uuid": "d34a9f50-989f-4bce-b95e-a91d69291a85",
      "title": "",
      "fullFile": "cypress/integration/produtos.spec.js",
      "file": "cypress/integration/produtos.spec.js",
      "beforeHooks": [],
      "afterHooks": [],
      "tests": [],
      "suites": [
        {
          "uuid": "e2df562f-17d3-4cde-9f11-011315fdbfa8",
          "title": "Casos de teste da rota /produtos da API Serverest",
          "fullFile": "",
          "file": "",
          "beforeHooks": [],
          "afterHooks": [],
          "tests": [
            {
              "title": "Deve buscar todos os produtos cadastrados",
              "fullTitle": "Casos de teste da rota /produtos da API Serverest Deve buscar todos os produtos cadastrados",
              "timedOut": null,
              "duration": 359,
              "state": "passed",
              "speed": "fast",
              "pass": true,
              "fail": false,
              "pending": false,
              "context": null,
              "code": "_serverest.default.buscarProdutos().then(res => {\n  cy.contractValidation(res, 'get-produtos', 200);\n  _validaServerest.default.validaBuscaDeProdutos(res);\n});",
              "err": {},
              "uuid": "1532d5ad-368d-44b6-8b64-afa0bf2cdc3a",
              "parentUUID": "e2df562f-17d3-4cde-9f11-011315fdbfa8",
              "isHook": false,
              "skipped": false
            }
          ],
          "suites": [
            {
              "uuid": "cfe765c3-25b0-488e-a5f9-934aa1b5c830",
              "title": "Logar com sucesso",
              "fullFile": "",
              "file": "",
              "beforeHooks": [],
              "afterHooks": [],
              "tests": [
                {
                  "title": "Deve postar um novo produto",
                  "fullTitle": "Casos de teste da rota /produtos da API Serverest Logar com sucesso Deve postar um novo produto",
                  "timedOut": null,
                  "duration": 677,
                  "state": "passed",
                  "speed": "fast",
                  "pass": true,
                  "fail": false,
                  "pending": false,
                  "context": null,
                  "code": "_serverest.default.cadastrarProduto().then(res => {\n  cy.contractValidation(res, 'post-produtos', 201);\n  _validaServerest.default.validaCadastroDeProduto(res);\n});",
                  "err": {},
                  "uuid": "c2a140ac-1120-471e-8f99-0805eb3875c5",
                  "parentUUID": "cfe765c3-25b0-488e-a5f9-934aa1b5c830",
                  "isHook": false,
                  "skipped": false
                }
              ],
              "suites": [],
              "passes": [
                "c2a140ac-1120-471e-8f99-0805eb3875c5"
              ],
              "failures": [],
              "pending": [],
              "skipped": [],
              "duration": 677,
              "root": false,
              "rootEmpty": false,
              "_timeout": 2000
            }
          ],
          "passes": [
            "1532d5ad-368d-44b6-8b64-afa0bf2cdc3a"
          ],
          "failures": [],
          "pending": [],
          "skipped": [],
          "duration": 359,
          "root": false,
          "rootEmpty": false,
          "_timeout": 2000
        }
      ],
      "passes": [],
      "failures": [],
      "pending": [],
      "skipped": [],
      "duration": 0,
      "root": true,
      "rootEmpty": true,
      "_timeout": 2000
    }
  ],
  "meta": {
    "mocha": {
      "version": "7.0.1"
    },
    "mochawesome": {
      "options": {
        "quiet": false,
        "reportFilename": "mochawesome",
        "saveHtml": false,
        "saveJson": true,
        "consoleReporter": "spec",
        "useInlineDiffs": false,
        "code": true
      },
      "version": "7.1.3"
    },
    "marge": {
      "options": {
        "id": "default",
        "reportDir": "cypress/reports/mocha",
        "quite": true,
        "overwrite": false,
        "html": false,
        "json": true
      },
      "version": "6.2.0"
    }
  }
}