{
  "stats": {
    "suites": 1,
    "tests": 2,
    "passes": 1,
    "pending": 0,
    "failures": 1,
    "start": "2022-09-27T17:29:53.949Z",
    "end": "2022-09-27T17:29:55.360Z",
    "duration": 1411,
    "testsRegistered": 2,
    "passPercent": 50,
    "pendingPercent": 0,
    "other": 0,
    "hasOther": false,
    "skipped": 0,
    "hasSkipped": false
  },
  "results": [
    {
      "uuid": "2fd5f96a-9d4d-4125-96c6-ef3facb94f84",
      "title": "",
      "fullFile": "cypress/integration/3_login.spec.js",
      "file": "cypress/integration/3_login.spec.js",
      "beforeHooks": [],
      "afterHooks": [],
      "tests": [],
      "suites": [
        {
          "uuid": "288a1a68-3e9a-4734-99e1-2141f676ed4a",
          "title": "Casos de teste da rota /login",
          "fullFile": "",
          "file": "",
          "beforeHooks": [],
          "afterHooks": [],
          "tests": [
            {
              "title": "T12 - Realizar login com sucesso",
              "fullTitle": "Casos de teste da rota /login T12 - Realizar login com sucesso",
              "timedOut": null,
              "duration": 575,
              "state": "passed",
              "speed": "fast",
              "pass": true,
              "fail": false,
              "pending": false,
              "context": null,
              "code": "_serverest.default.buscarUsuarioAleatorio();\ncy.get('@usuarioLogin').then(usuario => {\n  _serverest.default.login(usuario).then(res => {\n    cy.contractValidation(res, 'post-login', 200);\n    _validaServerest.default.ValidaLogin(res, 200);\n    _serverest.default.salvarBearer(res);\n  });\n});",
              "err": {},
              "uuid": "12c7748a-d8e7-4b26-8b4b-12fb21db6b88",
              "parentUUID": "288a1a68-3e9a-4734-99e1-2141f676ed4a",
              "isHook": false,
              "skipped": false
            },
            {
              "title": "T13 - Falhar ao tentar realizar um login",
              "fullTitle": "Casos de teste da rota /login T13 - Falhar ao tentar realizar um login",
              "timedOut": null,
              "duration": 773,
              "state": "failed",
              "speed": null,
              "pass": false,
              "fail": true,
              "pending": false,
              "context": null,
              "code": "_serverest.default.buscarEmailAleatorio();\ncy.get('@usuarioEmail').then(usuario => {\n  let usuarioEmail = JSON.stringify(usuario.email);\n  _serverest.default.loginSemSucesso(usuarioEmail.slice(1, usuarioEmail.length - 2)).then(res => {\n    cy.contractValidation(res, 'post-login', 400);\n    _validaServerest.default.ValidaLoginSemSucesso(res, 400);\n  });\n});",
              "err": {
                "message": "AssertionError: expected 401 to equal 400",
                "estack": "AssertionError: expected 401 to equal 400\n    at Function.ValidaLoginSemSucesso (https://serverest.dev/__cypress/tests?p=cypress\\integration\\3_login.spec.js:691:30)\n    at Context.eval (https://serverest.dev/__cypress/tests?p=cypress\\integration\\3_login.spec.js:202:34)",
                "diff": "- 401\n+ 400\n"
              },
              "uuid": "3bc87240-27d5-4d4c-a7dc-bb0283e8e811",
              "parentUUID": "288a1a68-3e9a-4734-99e1-2141f676ed4a",
              "isHook": false,
              "skipped": false
            }
          ],
          "suites": [],
          "passes": [
            "12c7748a-d8e7-4b26-8b4b-12fb21db6b88"
          ],
          "failures": [
            "3bc87240-27d5-4d4c-a7dc-bb0283e8e811"
          ],
          "pending": [],
          "skipped": [],
          "duration": 1348,
          "root": false,
          "rootEmpty": false,
          "_timeout": 2000
        }
      ],
      "passes": [],
      "failures": [],
      "pending": [],
      "skipped": [],
      "duration": 0,
      "root": true,
      "rootEmpty": true,
      "_timeout": 2000
    }
  ],
  "meta": {
    "mocha": {
      "version": "7.0.1"
    },
    "mochawesome": {
      "options": {
        "quiet": false,
        "reportFilename": "mochawesome",
        "saveHtml": false,
        "saveJson": true,
        "consoleReporter": "spec",
        "useInlineDiffs": false,
        "code": true
      },
      "version": "7.1.3"
    },
    "marge": {
      "options": {
        "id": "default",
        "reportDir": "cypress/reports/mocha",
        "quite": true,
        "overwrite": false,
        "html": false,
        "json": true
      },
      "version": "6.2.0"
    }
  }
}