{
  "stats": {
    "suites": 1,
    "tests": 3,
    "passes": 3,
    "pending": 0,
    "failures": 0,
    "start": "2022-07-07T15:42:54.198Z",
    "end": "2022-07-07T15:42:55.233Z",
    "duration": 1035,
    "testsRegistered": 3,
    "passPercent": 100,
    "pendingPercent": 0,
    "other": 0,
    "hasOther": false,
    "skipped": 0,
    "hasSkipped": false
  },
  "results": [
    {
      "uuid": "f9a62a34-e4fb-4821-8b57-8f912c87964f",
      "title": "",
      "fullFile": "cypress/integration/login.spec.js",
      "file": "cypress/integration/login.spec.js",
      "beforeHooks": [],
      "afterHooks": [],
      "tests": [],
      "suites": [
        {
          "uuid": "5dc4f1a1-b8f1-40f4-85e9-225c1ea34c28",
          "title": "Casos de teste da rota /login da API Serverest",
          "fullFile": "",
          "file": "",
          "beforeHooks": [],
          "afterHooks": [],
          "tests": [
            {
              "title": "Deve realizar o login com sucesso",
              "fullTitle": "Casos de teste da rota /login da API Serverest Deve realizar o login com sucesso",
              "timedOut": null,
              "duration": 518,
              "state": "passed",
              "speed": "fast",
              "pass": true,
              "fail": false,
              "pending": false,
              "context": null,
              "code": "_serverest.default.buscarUsuarioAleatorio();\ncy.get('@usuarioLogin').then(usuario => {\n  _serverest.default.login(usuario).then(res => {\n    cy.contractValidation(res, 'get-login', 200);\n    _validaServerest.default.ValidaLogin(res);\n    _serverest.default.salvarBearer(res);\n  });\n});",
              "err": {},
              "uuid": "832769a8-264b-47e3-b5f3-71dd21955429",
              "parentUUID": "5dc4f1a1-b8f1-40f4-85e9-225c1ea34c28",
              "isHook": false,
              "skipped": false
            },
            {
              "title": "Deve buscar e salvar um usuário em um arquivo json",
              "fullTitle": "Casos de teste da rota /login da API Serverest Deve buscar e salvar um usuário em um arquivo json",
              "timedOut": null,
              "duration": 254,
              "state": "passed",
              "speed": "fast",
              "pass": true,
              "fail": false,
              "pending": false,
              "context": null,
              "code": "_serverest.default.buscarUsuarios().then(res => {\n  cy.contractValidation(res, 'get-usuarios', 200);\n  cy.writeFile('./cypress/fixtures/usuario.json', res.body.usuarios[0]);\n  _validaServerest.default.ValidarBuscaDeUsuarios(res);\n});",
              "err": {},
              "uuid": "ef51725a-38c2-443f-a2f8-147b6d2363b1",
              "parentUUID": "5dc4f1a1-b8f1-40f4-85e9-225c1ea34c28",
              "isHook": false,
              "skipped": false
            },
            {
              "title": "Deve buscar o usuário de um arquivo json",
              "fullTitle": "Casos de teste da rota /login da API Serverest Deve buscar o usuário de um arquivo json",
              "timedOut": null,
              "duration": 228,
              "state": "passed",
              "speed": "fast",
              "pass": true,
              "fail": false,
              "pending": false,
              "context": null,
              "code": "cy.fixture('usuario.json').then(json => {\n  let usuario = {\n    'email': json.email,\n    'password': json.password\n  };\n  _serverest.default.login(usuario).then(res => {\n    cy.contractValidation(res, 'get-login', 200);\n    _validaServerest.default.ValidaLogin(res);\n    _serverest.default.salvarBearer(res);\n  });\n});",
              "err": {},
              "uuid": "8e6ce09d-9013-427c-96a0-d8d0d166c3fa",
              "parentUUID": "5dc4f1a1-b8f1-40f4-85e9-225c1ea34c28",
              "isHook": false,
              "skipped": false
            }
          ],
          "suites": [],
          "passes": [
            "832769a8-264b-47e3-b5f3-71dd21955429",
            "ef51725a-38c2-443f-a2f8-147b6d2363b1",
            "8e6ce09d-9013-427c-96a0-d8d0d166c3fa"
          ],
          "failures": [],
          "pending": [],
          "skipped": [],
          "duration": 1000,
          "root": false,
          "rootEmpty": false,
          "_timeout": 2000
        }
      ],
      "passes": [],
      "failures": [],
      "pending": [],
      "skipped": [],
      "duration": 0,
      "root": true,
      "rootEmpty": true,
      "_timeout": 2000
    }
  ],
  "meta": {
    "mocha": {
      "version": "7.0.1"
    },
    "mochawesome": {
      "options": {
        "quiet": false,
        "reportFilename": "mochawesome",
        "saveHtml": false,
        "saveJson": true,
        "consoleReporter": "spec",
        "useInlineDiffs": false,
        "code": true
      },
      "version": "7.1.3"
    },
    "marge": {
      "options": {
        "id": "default",
        "reportDir": "cypress/reports/mocha",
        "quite": true,
        "overwrite": false,
        "html": false,
        "json": true
      },
      "version": "6.2.0"
    }
  }
}