{
  "stats": {
    "suites": 3,
    "tests": 7,
    "passes": 7,
    "pending": 0,
    "failures": 0,
    "start": "2022-07-06T15:38:52.530Z",
    "end": "2022-07-06T15:39:06.021Z",
    "duration": 2564,
    "testsRegistered": 7,
    "passPercent": 100,
    "pendingPercent": 0,
    "other": 0,
    "hasOther": false,
    "skipped": 0,
    "hasSkipped": false
  },
  "results": [
    {
      "uuid": "aa60f7ed-6a51-4419-a2d8-7b460ecb930a",
      "title": "",
      "fullFile": "cypress/integration/produtos.spec.js",
      "file": "cypress/integration/produtos.spec.js",
      "beforeHooks": [],
      "afterHooks": [],
      "tests": [],
      "suites": [
        {
          "uuid": "269d7690-40a4-4962-9b07-c96476e906b8",
          "title": "Casos de teste da rota /produtos da API Serverest",
          "fullFile": "",
          "file": "",
          "beforeHooks": [],
          "afterHooks": [],
          "tests": [
            {
              "title": "Deve buscar todos os produtos cadastrados",
              "fullTitle": "Casos de teste da rota /produtos da API Serverest Deve buscar todos os produtos cadastrados",
              "timedOut": null,
              "duration": 262,
              "state": "passed",
              "speed": "fast",
              "pass": true,
              "fail": false,
              "pending": false,
              "context": null,
              "code": "_serverest.default.buscarProdutos().then(res => {\n  _validaServerest.default.validaBuscaDeProdutos(res);\n});",
              "err": {},
              "uuid": "cd216050-4e9a-4761-a234-bcf4df5eb8e2",
              "parentUUID": "269d7690-40a4-4962-9b07-c96476e906b8",
              "isHook": false,
              "skipped": false
            }
          ],
          "suites": [
            {
              "uuid": "7728398a-363d-4166-a6b5-d8168952927c",
              "title": "Logar com sucesso",
              "fullFile": "",
              "file": "",
              "beforeHooks": [],
              "afterHooks": [],
              "tests": [
                {
                  "title": "Deve postar um novo produto",
                  "fullTitle": "Casos de teste da rota /produtos da API Serverest Logar com sucesso Deve postar um novo produto",
                  "timedOut": null,
                  "duration": 607,
                  "state": "passed",
                  "speed": "fast",
                  "pass": true,
                  "fail": false,
                  "pending": false,
                  "context": null,
                  "code": "_serverest.default.cadastrarProduto().then(res => {\n  _validaServerest.default.validaCadastroDeProduto(res);\n});",
                  "err": {},
                  "uuid": "85637a35-606c-4edb-8512-06c46aa4a1a7",
                  "parentUUID": "7728398a-363d-4166-a6b5-d8168952927c",
                  "isHook": false,
                  "skipped": false
                }
              ],
              "suites": [],
              "passes": [
                "85637a35-606c-4edb-8512-06c46aa4a1a7"
              ],
              "failures": [],
              "pending": [],
              "skipped": [],
              "duration": 607,
              "root": false,
              "rootEmpty": false,
              "_timeout": 2000
            }
          ],
          "passes": [
            "cd216050-4e9a-4761-a234-bcf4df5eb8e2"
          ],
          "failures": [],
          "pending": [],
          "skipped": [],
          "duration": 262,
          "root": false,
          "rootEmpty": false,
          "_timeout": 2000
        }
      ],
      "passes": [],
      "failures": [],
      "pending": [],
      "skipped": [],
      "duration": 0,
      "root": true,
      "rootEmpty": true,
      "_timeout": 2000
    },
    {
      "uuid": "b2bdd10d-99f8-41ba-b300-80510f6e72c5",
      "title": "",
      "fullFile": "cypress/integration/usuarios.spec.js",
      "file": "cypress/integration/usuarios.spec.js",
      "beforeHooks": [],
      "afterHooks": [],
      "tests": [],
      "suites": [
        {
          "uuid": "4d0625b3-0b9a-4d3f-b314-9571c46d5a4c",
          "title": "Casos de teste da rota /usuarios da API Serverest",
          "fullFile": "",
          "file": "",
          "beforeHooks": [],
          "afterHooks": [],
          "tests": [
            {
              "title": "Deve buscar todos os usuários cadastrados",
              "fullTitle": "Casos de teste da rota /usuarios da API Serverest Deve buscar todos os usuários cadastrados",
              "timedOut": null,
              "duration": 283,
              "state": "passed",
              "speed": "fast",
              "pass": true,
              "fail": false,
              "pending": false,
              "context": null,
              "code": "_serverest.default.buscarUsuarios().then(res => {\n  cy.contractValidation(res, 'get-usuarios', 200);\n  _validaServerest.default.ValidarBuscaDeUsuarios(res);\n});",
              "err": {},
              "uuid": "8ef576d3-7675-4324-b2cc-1af98f0281e5",
              "parentUUID": "4d0625b3-0b9a-4d3f-b314-9571c46d5a4c",
              "isHook": false,
              "skipped": false
            },
            {
              "title": "Não deve realizar cadastro de um novo usuário",
              "fullTitle": "Casos de teste da rota /usuarios da API Serverest Não deve realizar cadastro de um novo usuário",
              "timedOut": null,
              "duration": 219,
              "state": "passed",
              "speed": "fast",
              "pass": true,
              "fail": false,
              "pending": false,
              "context": null,
              "code": "cy.postarUsuarioJaCadastrado().then(res => {\n  cy.contractValidation(res, 'post-usuarios', 400);\n  expect(res.body.message).to.be.eq('Este email já está sendo usado');\n});",
              "err": {},
              "uuid": "918a7bc2-da23-4588-b6c2-26365219328b",
              "parentUUID": "4d0625b3-0b9a-4d3f-b314-9571c46d5a4c",
              "isHook": false,
              "skipped": false
            }
          ],
          "suites": [],
          "passes": [
            "8ef576d3-7675-4324-b2cc-1af98f0281e5",
            "918a7bc2-da23-4588-b6c2-26365219328b"
          ],
          "failures": [],
          "pending": [],
          "skipped": [],
          "duration": 502,
          "root": false,
          "rootEmpty": false,
          "_timeout": 2000
        }
      ],
      "passes": [],
      "failures": [],
      "pending": [],
      "skipped": [],
      "duration": 0,
      "root": true,
      "rootEmpty": true,
      "_timeout": 2000
    },
    {
      "uuid": "f0a556d0-2f0e-4bf4-bada-e7eb18e97ad0",
      "title": "",
      "fullFile": "cypress/integration/login.spec.js",
      "file": "cypress/integration/login.spec.js",
      "beforeHooks": [],
      "afterHooks": [],
      "tests": [],
      "suites": [
        {
          "uuid": "8188c0e7-2512-4e7d-b8ac-f06b359731a1",
          "title": "Casos de teste da rota /login da API Serverest",
          "fullFile": "",
          "file": "",
          "beforeHooks": [],
          "afterHooks": [],
          "tests": [
            {
              "title": "Deve realizar o login com sucesso",
              "fullTitle": "Casos de teste da rota /login da API Serverest Deve realizar o login com sucesso",
              "timedOut": null,
              "duration": 758,
              "state": "passed",
              "speed": "fast",
              "pass": true,
              "fail": false,
              "pending": false,
              "context": null,
              "code": "_serverest.default.buscarUsuarioAleatorio();\ncy.get('@usuarioLogin').then(usuario => {\n  _serverest.default.login(usuario).then(res => {\n    cy.contractValidation(res, 'get-login', 200);\n    _validaServerest.default.ValidaLogin(res);\n    _serverest.default.salvarBearer(res);\n  });\n});",
              "err": {},
              "uuid": "8e9103c7-d55d-4ddd-b19a-9c69554a11ab",
              "parentUUID": "8188c0e7-2512-4e7d-b8ac-f06b359731a1",
              "isHook": false,
              "skipped": false
            },
            {
              "title": "Deve buscar e salvar um usuário em um arquivo json",
              "fullTitle": "Casos de teste da rota /login da API Serverest Deve buscar e salvar um usuário em um arquivo json",
              "timedOut": null,
              "duration": 202,
              "state": "passed",
              "speed": "fast",
              "pass": true,
              "fail": false,
              "pending": false,
              "context": null,
              "code": "_serverest.default.buscarUsuarios().then(res => {\n  cy.writeFile('./cypress/fixtures/usuario.json', res.body.usuarios[0]);\n  _validaServerest.default.ValidarBuscaDeUsuarios(res);\n});",
              "err": {},
              "uuid": "5531bd6a-b8a2-4b20-b274-81bac54c3d5b",
              "parentUUID": "8188c0e7-2512-4e7d-b8ac-f06b359731a1",
              "isHook": false,
              "skipped": false
            },
            {
              "title": "Deve buscar o usuário de um arquivo json",
              "fullTitle": "Casos de teste da rota /login da API Serverest Deve buscar o usuário de um arquivo json",
              "timedOut": null,
              "duration": 233,
              "state": "passed",
              "speed": "fast",
              "pass": true,
              "fail": false,
              "pending": false,
              "context": null,
              "code": "cy.fixture('usuario.json').then(json => {\n  let usuario = {\n    'email': json.email,\n    'password': json.password\n  };\n  _serverest.default.login(usuario).then(res => {\n    cy.contractValidation(res, 'get-login', 200);\n    _validaServerest.default.ValidaLogin(res);\n    _serverest.default.salvarBearer(res);\n  });\n});",
              "err": {},
              "uuid": "d5d110bf-2f0b-4d27-a873-455b279bed5f",
              "parentUUID": "8188c0e7-2512-4e7d-b8ac-f06b359731a1",
              "isHook": false,
              "skipped": false
            }
          ],
          "suites": [],
          "passes": [
            "8e9103c7-d55d-4ddd-b19a-9c69554a11ab",
            "5531bd6a-b8a2-4b20-b274-81bac54c3d5b",
            "d5d110bf-2f0b-4d27-a873-455b279bed5f"
          ],
          "failures": [],
          "pending": [],
          "skipped": [],
          "duration": 1193,
          "root": false,
          "rootEmpty": false,
          "_timeout": 2000
        }
      ],
      "passes": [],
      "failures": [],
      "pending": [],
      "skipped": [],
      "duration": 0,
      "root": true,
      "rootEmpty": true,
      "_timeout": 2000
    }
  ],
  "meta": {
    "mocha": {
      "version": "7.0.1"
    },
    "mochawesome": {
      "options": {
        "quiet": false,
        "reportFilename": "mochawesome",
        "saveHtml": false,
        "saveJson": true,
        "consoleReporter": "spec",
        "useInlineDiffs": false,
        "code": true
      },
      "version": "7.1.3"
    },
    "marge": {
      "options": {
        "id": "default",
        "reportDir": "cypress/reports/mocha",
        "quite": true,
        "overwrite": false,
        "html": false,
        "json": true
      },
      "version": "6.2.0"
    }
  }
}