{
  "stats": {
    "suites": 5,
    "tests": 37,
    "passes": 32,
    "pending": 0,
    "failures": 5,
    "start": "2022-09-27T16:47:35.579Z",
    "end": "2022-09-27T16:48:26.739Z",
    "duration": 15604,
    "testsRegistered": 37,
    "passPercent": 86.48648648648648,
    "pendingPercent": 0,
    "other": 0,
    "hasOther": false,
    "skipped": 0,
    "hasSkipped": false
  },
  "results": [
    {
      "uuid": "030a9187-3588-4e71-82fe-332bc0055b07",
      "title": "",
      "fullFile": "cypress/integration/2_usuarios.spec.js",
      "file": "cypress/integration/2_usuarios.spec.js",
      "beforeHooks": [],
      "afterHooks": [],
      "tests": [],
      "suites": [
        {
          "uuid": "54be1c0b-5027-49d7-9e36-d1a66352cfeb",
          "title": "Casos de teste da rota /usuarios",
          "fullFile": "",
          "file": "",
          "beforeHooks": [],
          "afterHooks": [],
          "tests": [
            {
              "title": "T01 - Buscar todos os usuários",
              "fullTitle": "Casos de teste da rota /usuarios T01 - Buscar todos os usuários",
              "timedOut": null,
              "duration": 413,
              "state": "passed",
              "speed": "fast",
              "pass": true,
              "fail": false,
              "pending": false,
              "context": null,
              "code": "_serverest.default.buscarUsuarios().then(res => {\n  cy.contractValidation(res, 'get-usuarios', 200);\n  _validaServerest.default.ValidarBuscaDeUsuarios(res, 200);\n});",
              "err": {},
              "uuid": "7bb9093a-d76f-4e69-af58-be4781ff1897",
              "parentUUID": "54be1c0b-5027-49d7-9e36-d1a66352cfeb",
              "isHook": false,
              "skipped": false
            },
            {
              "title": "T02 - Buscar um usuário em específico",
              "fullTitle": "Casos de teste da rota /usuarios T02 - Buscar um usuário em específico",
              "timedOut": null,
              "duration": 500,
              "state": "passed",
              "speed": "fast",
              "pass": true,
              "fail": false,
              "pending": false,
              "context": null,
              "code": "_serverest.default.buscarIdAleatorio();\ncy.get('@usuarioId').then(usuarioId => {\n  _serverest.default.localizarUsuarioComId(usuarioId._id).then(res => {\n    cy.contractValidation(res, 'get-usuarios/id', 200);\n    _validaServerest.default.ValidarBuscaDeUsuariosComId(res, 200);\n  });\n});",
              "err": {},
              "uuid": "fff2db4b-7005-464f-8589-5f3d42f736c2",
              "parentUUID": "54be1c0b-5027-49d7-9e36-d1a66352cfeb",
              "isHook": false,
              "skipped": false
            },
            {
              "title": "T03 - Postar um novo usuário",
              "fullTitle": "Casos de teste da rota /usuarios T03 - Postar um novo usuário",
              "timedOut": null,
              "duration": 232,
              "state": "passed",
              "speed": "fast",
              "pass": true,
              "fail": false,
              "pending": false,
              "context": null,
              "code": "_serverest.default.postarNovoUsuario().then(res => {\n  cy.contractValidation(res, 'post-usuarios', 201);\n  _validaServerest.default.ValidarPostarNovoUsuario(res, 201);\n  Cypress.env('usuarioNovoId', res.body._id);\n});",
              "err": {},
              "uuid": "c43a2686-7d93-4bad-9c65-df789c061188",
              "parentUUID": "54be1c0b-5027-49d7-9e36-d1a66352cfeb",
              "isHook": false,
              "skipped": false
            },
            {
              "title": "T04 - Modificar as informações de um usuário",
              "fullTitle": "Casos de teste da rota /usuarios T04 - Modificar as informações de um usuário",
              "timedOut": null,
              "duration": 681,
              "state": "passed",
              "speed": "fast",
              "pass": true,
              "fail": false,
              "pending": false,
              "context": null,
              "code": "_serverest.default.buscarIdAleatorio();\ncy.get('@usuarioId').then(usuarioId => {\n  _serverest.default.modificarUsuario(usuarioId._id).then(res => {\n    cy.contractValidation(res, 'put-usuarios/id', 200);\n    _validaServerest.default.validarModificarUsuario(res, 200);\n  });\n});",
              "err": {},
              "uuid": "a3be0236-9dd6-42db-85fe-c5614493e730",
              "parentUUID": "54be1c0b-5027-49d7-9e36-d1a66352cfeb",
              "isHook": false,
              "skipped": false
            },
            {
              "title": "T05 - Criar um novo usuário com o método PUT",
              "fullTitle": "Casos de teste da rota /usuarios T05 - Criar um novo usuário com o método PUT",
              "timedOut": null,
              "duration": 227,
              "state": "passed",
              "speed": "fast",
              "pass": true,
              "fail": false,
              "pending": false,
              "context": null,
              "code": "let id = _factory.default.gerarId();\n_serverest.default.criarUsuarioComPut(id).then(res => {\n  cy.contractValidation(res, 'put-usuarios/id', 201);\n  _validaServerest.default.ValidarPostarNovoUsuario(res, 201);\n});",
              "err": {},
              "uuid": "f93002e2-68ab-46be-bd5d-50d05774dd2e",
              "parentUUID": "54be1c0b-5027-49d7-9e36-d1a66352cfeb",
              "isHook": false,
              "skipped": false
            },
            {
              "title": "T06 - Deletar um usuário",
              "fullTitle": "Casos de teste da rota /usuarios T06 - Deletar um usuário",
              "timedOut": null,
              "duration": 427,
              "state": "passed",
              "speed": "fast",
              "pass": true,
              "fail": false,
              "pending": false,
              "context": null,
              "code": "let usuarioId = Cypress.env('usuarioNovoId');\n_serverest.default.deletarUsuario(usuarioId).then(res => {\n  cy.contractValidation(res, 'delete-usuarios/id', 200);\n  _validaServerest.default.validarDeletarUsuario(res, 200);\n});",
              "err": {},
              "uuid": "8218c548-8401-452d-958f-9122c8e77140",
              "parentUUID": "54be1c0b-5027-49d7-9e36-d1a66352cfeb",
              "isHook": false,
              "skipped": false
            },
            {
              "title": "T07 - Deletar um usuário que não exista",
              "fullTitle": "Casos de teste da rota /usuarios T07 - Deletar um usuário que não exista",
              "timedOut": null,
              "duration": 216,
              "state": "passed",
              "speed": "fast",
              "pass": true,
              "fail": false,
              "pending": false,
              "context": null,
              "code": "let id = _factory.default.gerarId();\n_serverest.default.deletarUsuarioNaoExiste(id).then(res => {\n  cy.contractValidation(res, 'delete-usuarios/id', 200);\n  _validaServerest.default.ValidarDeletarUsuarioNaoExiste(res, 200);\n});",
              "err": {},
              "uuid": "7e988ba0-e3e8-4b1a-82dc-96d3eff17b84",
              "parentUUID": "54be1c0b-5027-49d7-9e36-d1a66352cfeb",
              "isHook": false,
              "skipped": false
            }
          ],
          "suites": [],
          "passes": [
            "7bb9093a-d76f-4e69-af58-be4781ff1897",
            "fff2db4b-7005-464f-8589-5f3d42f736c2",
            "c43a2686-7d93-4bad-9c65-df789c061188",
            "a3be0236-9dd6-42db-85fe-c5614493e730",
            "f93002e2-68ab-46be-bd5d-50d05774dd2e",
            "8218c548-8401-452d-958f-9122c8e77140",
            "7e988ba0-e3e8-4b1a-82dc-96d3eff17b84"
          ],
          "failures": [],
          "pending": [],
          "skipped": [],
          "duration": 2696,
          "root": false,
          "rootEmpty": false,
          "_timeout": 2000
        }
      ],
      "passes": [],
      "failures": [],
      "pending": [],
      "skipped": [],
      "duration": 0,
      "root": true,
      "rootEmpty": true,
      "_timeout": 2000
    },
    {
      "uuid": "76a26c1a-dac6-405d-b8fa-f0f42c7756c8",
      "title": "",
      "fullFile": "cypress/integration/3_login.spec.js",
      "file": "cypress/integration/3_login.spec.js",
      "beforeHooks": [],
      "afterHooks": [],
      "tests": [],
      "suites": [
        {
          "uuid": "da2d9b18-a0d9-4d28-a2cc-b5e355a690dd",
          "title": "Casos de teste da rota /login",
          "fullFile": "",
          "file": "",
          "beforeHooks": [],
          "afterHooks": [],
          "tests": [
            {
              "title": "T12 - Realizar login com sucesso",
              "fullTitle": "Casos de teste da rota /login T12 - Realizar login com sucesso",
              "timedOut": null,
              "duration": 518,
              "state": "passed",
              "speed": "fast",
              "pass": true,
              "fail": false,
              "pending": false,
              "context": null,
              "code": "_serverest.default.buscarUsuarioAleatorio();\ncy.get('@usuarioLogin').then(usuario => {\n  _serverest.default.login(usuario).then(res => {\n    cy.contractValidation(res, 'post-login', 200);\n    _validaServerest.default.ValidaLogin(res, 200);\n    _serverest.default.salvarBearer(res);\n  });\n});",
              "err": {},
              "uuid": "79fef578-57af-4993-acb2-7db4afc91aa2",
              "parentUUID": "da2d9b18-a0d9-4d28-a2cc-b5e355a690dd",
              "isHook": false,
              "skipped": false
            },
            {
              "title": "T13 - Falhar ao tentar realizar um login",
              "fullTitle": "Casos de teste da rota /login T13 - Falhar ao tentar realizar um login",
              "timedOut": null,
              "duration": 820,
              "state": "failed",
              "speed": null,
              "pass": false,
              "fail": true,
              "pending": false,
              "context": null,
              "code": "_serverest.default.buscarEmailAleatorio();\ncy.get('@usuarioEmail').then(usuario => {\n  let usuarioEmail = JSON.stringify(usuario.email);\n  _serverest.default.loginSemSucesso(usuarioEmail.slice(1, usuarioEmail.length - 2)).then(res => {\n    cy.contractValidation(res, 'post-login', 400);\n    _validaServerest.default.ValidaLoginSemSucesso(res, 400);\n  });\n});",
              "err": {
                "message": "AssertionError: expected 401 to equal 400",
                "estack": "AssertionError: expected 401 to equal 400\n    at Function.ValidaLoginSemSucesso (https://serverest.dev/__cypress/tests?p=cypress\\integration\\3_login.spec.js:691:30)\n    at Context.eval (https://serverest.dev/__cypress/tests?p=cypress\\integration\\3_login.spec.js:202:34)",
                "diff": "- 401\n+ 400\n"
              },
              "uuid": "93c8c6bc-f041-4c45-a575-cbebf46d95ce",
              "parentUUID": "da2d9b18-a0d9-4d28-a2cc-b5e355a690dd",
              "isHook": false,
              "skipped": false
            }
          ],
          "suites": [],
          "passes": [
            "79fef578-57af-4993-acb2-7db4afc91aa2"
          ],
          "failures": [
            "93c8c6bc-f041-4c45-a575-cbebf46d95ce"
          ],
          "pending": [],
          "skipped": [],
          "duration": 1338,
          "root": false,
          "rootEmpty": false,
          "_timeout": 2000
        }
      ],
      "passes": [],
      "failures": [],
      "pending": [],
      "skipped": [],
      "duration": 0,
      "root": true,
      "rootEmpty": true,
      "_timeout": 2000
    },
    {
      "uuid": "338cb7d6-0e36-4d28-a9f0-a54a2323c793",
      "title": "",
      "fullFile": "cypress/integration/4_produtos.spec.js",
      "file": "cypress/integration/4_produtos.spec.js",
      "beforeHooks": [],
      "afterHooks": [],
      "tests": [],
      "suites": [
        {
          "uuid": "af4de0d3-ea78-44e5-afef-7cb52e360f73",
          "title": "Casos de teste da rota /produtos da API Serverest",
          "fullFile": "",
          "file": "",
          "beforeHooks": [],
          "afterHooks": [],
          "tests": [
            {
              "title": "T14 - Buscar todos os produtos",
              "fullTitle": "Casos de teste da rota /produtos da API Serverest T14 - Buscar todos os produtos",
              "timedOut": null,
              "duration": 519,
              "state": "failed",
              "speed": null,
              "pass": false,
              "fail": true,
              "pending": false,
              "context": null,
              "code": "_serverest.default.buscarProdutos().then(res => {\n  cy.contractValidation(res, 'get-produtos', 200);\n  _validaServerest.default.validaBuscaDeProdutos(res, 200);\n});",
              "err": {
                "message": "Error: Erros encontrados na validação de contrato, por favor verifique:  must have required property 'usuarios', but receive object\n",
                "estack": "Error: Erros encontrados na validação de contrato, por favor verifique:  must have required property 'usuarios', but receive object\n\n    at Context.eval (https://serverest.dev/__cypress/tests?p=cypress\\support\\index.js:161:13)",
                "diff": null
              },
              "uuid": "8c7c180e-cc28-48bb-8fc8-209925b1708e",
              "parentUUID": "af4de0d3-ea78-44e5-afef-7cb52e360f73",
              "isHook": false,
              "skipped": false
            },
            {
              "title": "T15 - Buscar um produto em específico",
              "fullTitle": "Casos de teste da rota /produtos da API Serverest T15 - Buscar um produto em específico",
              "timedOut": null,
              "duration": 484,
              "state": "passed",
              "speed": "fast",
              "pass": true,
              "fail": false,
              "pending": false,
              "context": null,
              "code": "_serverest.default.buscarIdProdutoAleatorio();\ncy.get('@produtoId').then(produtoId => {\n  _serverest.default.localizarProdutoComId(produtoId._id).then(res => {\n    cy.contractValidation(res, 'get-produtos/id', 200);\n    _validaServerest.default.validaBuscaDeProdutosComId(res, 200);\n  });\n});",
              "err": {},
              "uuid": "3290215e-70b2-419d-9758-b4caddf0399c",
              "parentUUID": "af4de0d3-ea78-44e5-afef-7cb52e360f73",
              "isHook": false,
              "skipped": false
            },
            {
              "title": "Postando usuário administrador para os testes que precisa de admin",
              "fullTitle": "Casos de teste da rota /produtos da API Serverest Postando usuário administrador para os testes que precisa de admin",
              "timedOut": null,
              "duration": 253,
              "state": "passed",
              "speed": "fast",
              "pass": true,
              "fail": false,
              "pending": false,
              "context": null,
              "code": "let usuario = _factory.default.gerarNovoUsuario();\n_serverest.default.postarNovoUsuarioComParametro(usuario).then(res => {\n  cy.contractValidation(res, 'post-usuarios', 201);\n  _validaServerest.default.ValidarPostarNovoUsuario(res, 201);\n  Cypress.env('usuarioAdminLogin', {\n    \"email\": usuario.email,\n    \"password\": usuario.password\n  });\n});",
              "err": {},
              "uuid": "a6488d29-b36c-4222-85bb-f06b36663378",
              "parentUUID": "af4de0d3-ea78-44e5-afef-7cb52e360f73",
              "isHook": false,
              "skipped": false
            }
          ],
          "suites": [
            {
              "uuid": "0d456bc8-3e20-469f-974b-63be9896d490",
              "title": "T12 - Realizar login com sucesso",
              "fullFile": "",
              "file": "",
              "beforeHooks": [],
              "afterHooks": [],
              "tests": [
                {
                  "title": "T16 - Postar um novo produto",
                  "fullTitle": "Casos de teste da rota /produtos da API Serverest T12 - Realizar login com sucesso T16 - Postar um novo produto",
                  "timedOut": null,
                  "duration": 474,
                  "state": "passed",
                  "speed": "fast",
                  "pass": true,
                  "fail": false,
                  "pending": false,
                  "context": null,
                  "code": "_serverest.default.cadastrarProduto().then(res => {\n  cy.contractValidation(res, 'post-produtos', 201);\n  _validaServerest.default.validaCadastroDeProduto(res, 201);\n  Cypress.env('produtoId', res.body._id);\n});",
                  "err": {},
                  "uuid": "2a8dd3e9-8737-4a11-916a-00cce374e316",
                  "parentUUID": "0d456bc8-3e20-469f-974b-63be9896d490",
                  "isHook": false,
                  "skipped": false
                },
                {
                  "title": "T17 - Modificar as informações de um produto",
                  "fullTitle": "Casos de teste da rota /produtos da API Serverest T12 - Realizar login com sucesso T17 - Modificar as informações de um produto",
                  "timedOut": null,
                  "duration": 650,
                  "state": "passed",
                  "speed": "fast",
                  "pass": true,
                  "fail": false,
                  "pending": false,
                  "context": null,
                  "code": "_serverest.default.buscarIdProdutoAleatorio();\ncy.get('@produtoId').then(produtoId => {\n  _serverest.default.modificarProduto(produtoId._id).then(res => {\n    cy.contractValidation(res, 'put-produtos/id', 200);\n    _validaServerest.default.validarModificarProduto(res, 200);\n  });\n});",
                  "err": {},
                  "uuid": "c7a3c4a1-2e36-4e28-85f0-751a13648ead",
                  "parentUUID": "0d456bc8-3e20-469f-974b-63be9896d490",
                  "isHook": false,
                  "skipped": false
                },
                {
                  "title": "T18 - Postar novo produto pelo método PUT",
                  "fullTitle": "Casos de teste da rota /produtos da API Serverest T12 - Realizar login com sucesso T18 - Postar novo produto pelo método PUT",
                  "timedOut": null,
                  "duration": 228,
                  "state": "passed",
                  "speed": "fast",
                  "pass": true,
                  "fail": false,
                  "pending": false,
                  "context": null,
                  "code": "let id = _factory.default.gerarId();\n_serverest.default.criarProdutoComPut(id).then(res => {\n  cy.contractValidation(res, 'put-produtos/id', 201);\n  _validaServerest.default.validaCadastroDeProduto(res, 201);\n});",
                  "err": {},
                  "uuid": "c95e3aa0-248c-4f54-9f08-b7db551f255a",
                  "parentUUID": "0d456bc8-3e20-469f-974b-63be9896d490",
                  "isHook": false,
                  "skipped": false
                },
                {
                  "title": "T19 - Deletar um produto",
                  "fullTitle": "Casos de teste da rota /produtos da API Serverest T12 - Realizar login com sucesso T19 - Deletar um produto",
                  "timedOut": null,
                  "duration": 433,
                  "state": "passed",
                  "speed": "fast",
                  "pass": true,
                  "fail": false,
                  "pending": false,
                  "context": null,
                  "code": "let produtoId = Cypress.env('produtoId');\n_serverest.default.deletarProduto(produtoId).then(res => {\n  cy.contractValidation(res, 'delete-produtos/id', 200);\n  _validaServerest.default.validarDeletarProduto(res, 200);\n});",
                  "err": {},
                  "uuid": "58029544-2371-4f7b-a490-1aeba40391c1",
                  "parentUUID": "0d456bc8-3e20-469f-974b-63be9896d490",
                  "isHook": false,
                  "skipped": false
                },
                {
                  "title": "T20 - Deletar um produto que não exista",
                  "fullTitle": "Casos de teste da rota /produtos da API Serverest T12 - Realizar login com sucesso T20 - Deletar um produto que não exista",
                  "timedOut": null,
                  "duration": 252,
                  "state": "passed",
                  "speed": "fast",
                  "pass": true,
                  "fail": false,
                  "pending": false,
                  "context": null,
                  "code": "let id = _factory.default.gerarId();\n_serverest.default.deletarProdutoNaoExiste(id).then(res => {\n  cy.contractValidation(res, 'delete-produtos/id', 200);\n  _validaServerest.default.ValidarDeletarProdutoNaoExiste(res, 200);\n});",
                  "err": {},
                  "uuid": "52e9947d-d2a3-4eb8-97b4-0ee5c2b7b32c",
                  "parentUUID": "0d456bc8-3e20-469f-974b-63be9896d490",
                  "isHook": false,
                  "skipped": false
                }
              ],
              "suites": [],
              "passes": [
                "2a8dd3e9-8737-4a11-916a-00cce374e316",
                "c7a3c4a1-2e36-4e28-85f0-751a13648ead",
                "c95e3aa0-248c-4f54-9f08-b7db551f255a",
                "58029544-2371-4f7b-a490-1aeba40391c1",
                "52e9947d-d2a3-4eb8-97b4-0ee5c2b7b32c"
              ],
              "failures": [],
              "pending": [],
              "skipped": [],
              "duration": 2037,
              "root": false,
              "rootEmpty": false,
              "_timeout": 2000
            }
          ],
          "passes": [
            "3290215e-70b2-419d-9758-b4caddf0399c",
            "a6488d29-b36c-4222-85bb-f06b36663378"
          ],
          "failures": [
            "8c7c180e-cc28-48bb-8fc8-209925b1708e"
          ],
          "pending": [],
          "skipped": [],
          "duration": 1256,
          "root": false,
          "rootEmpty": false,
          "_timeout": 2000
        }
      ],
      "passes": [],
      "failures": [],
      "pending": [],
      "skipped": [],
      "duration": 0,
      "root": true,
      "rootEmpty": true,
      "_timeout": 2000
    },
    {
      "uuid": "e35f330a-1237-40b2-a43f-456109839cd2",
      "title": "",
      "fullFile": "cypress/integration/5_carrinhos.spec.js",
      "file": "cypress/integration/5_carrinhos.spec.js",
      "beforeHooks": [],
      "afterHooks": [],
      "tests": [],
      "suites": [
        {
          "uuid": "ad0de3b2-fbc2-42c6-9c3d-99a32a4e2c0a",
          "title": "Casos de teste da rota /carrinhos da API Serverest",
          "fullFile": "",
          "file": "",
          "beforeHooks": [],
          "afterHooks": [],
          "tests": [
            {
              "title": "T31 - Buscar todos os carrinhos",
              "fullTitle": "Casos de teste da rota /carrinhos da API Serverest T31 - Buscar todos os carrinhos",
              "timedOut": null,
              "duration": 559,
              "state": "failed",
              "speed": null,
              "pass": false,
              "fail": true,
              "pending": false,
              "context": null,
              "code": "_serverest.default.buscarCarrinhos().then(res => {\n  cy.contractValidation(res, 'get-carrinhos', 200);\n  _validaServerest.default.validaBuscaDeCarrinhos(res, 200);\n});",
              "err": {
                "message": "Error: Erros encontrados na validação de contrato, por favor verifique: /carrinhos/0/produtos/0 must be array, but receive object\n/carrinhos/1/produtos/0 must be array, but receive object\n/carrinhos/1/produtos/1 must be array, but receive object\n",
                "estack": "Error: Erros encontrados na validação de contrato, por favor verifique: /carrinhos/0/produtos/0 must be array, but receive object\n/carrinhos/1/produtos/0 must be array, but receive object\n/carrinhos/1/produtos/1 must be array, but receive object\n\n    at Context.eval (https://serverest.dev/__cypress/tests?p=cypress\\support\\index.js:161:13)",
                "diff": null
              },
              "uuid": "232fe657-6812-4bc0-91e0-19ce3daffa1d",
              "parentUUID": "ad0de3b2-fbc2-42c6-9c3d-99a32a4e2c0a",
              "isHook": false,
              "skipped": false
            },
            {
              "title": "T38 - Falhar ao pesquisar carrinho que não exista",
              "fullTitle": "Casos de teste da rota /carrinhos da API Serverest T38 - Falhar ao pesquisar carrinho que não exista",
              "timedOut": null,
              "duration": 242,
              "state": "passed",
              "speed": "fast",
              "pass": true,
              "fail": false,
              "pending": false,
              "context": null,
              "code": "let id = _factory.default.gerarId();\n_serverest.default.localizarCarrinhoComIdPodeFalhar(id).then(res => {\n  cy.contractValidation(res, 'get-carrinhos/id', 400);\n  _validaServerest.default.validaBuscaDeCarrinhosSemSucesso(res, 400);\n});",
              "err": {},
              "uuid": "ff752acd-bcbf-4409-92d5-42cc2d8fa857",
              "parentUUID": "ad0de3b2-fbc2-42c6-9c3d-99a32a4e2c0a",
              "isHook": false,
              "skipped": false
            }
          ],
          "suites": [
            {
              "uuid": "5e4f8c8e-9506-4578-b157-aa376fadb19a",
              "title": "T12 - Realizar login com sucesso",
              "fullFile": "",
              "file": "",
              "beforeHooks": [],
              "afterHooks": [],
              "tests": [
                {
                  "title": "Teste extra para conclusão de carrinho de usuário, caso exista um",
                  "fullTitle": "Casos de teste da rota /carrinhos da API Serverest T12 - Realizar login com sucesso Teste extra para conclusão de carrinho de usuário, caso exista um",
                  "timedOut": null,
                  "duration": 727,
                  "state": "passed",
                  "speed": "fast",
                  "pass": true,
                  "fail": false,
                  "pending": false,
                  "context": null,
                  "code": "_serverest.default.concluirCompra().then(res => {\n  cy.contractValidation(res, 'delete-carrinhos/concluir-compra', 200);\n});",
                  "err": {},
                  "uuid": "290290b0-9e63-40de-a613-86d5464c3914",
                  "parentUUID": "5e4f8c8e-9506-4578-b157-aa376fadb19a",
                  "isHook": false,
                  "skipped": false
                },
                {
                  "title": "T33 - Postar um novo carrinho",
                  "fullTitle": "Casos de teste da rota /carrinhos da API Serverest T12 - Realizar login com sucesso T33 - Postar um novo carrinho",
                  "timedOut": null,
                  "duration": 444,
                  "state": "passed",
                  "speed": "fast",
                  "pass": true,
                  "fail": false,
                  "pending": false,
                  "context": null,
                  "code": "_serverest.default.buscarProdutoAleatorio();\ncy.get('@produtoId').then(produtoId => {\n  _serverest.default.cadastrarCarrinho(produtoId._id).then(res => {\n    cy.contractValidation(res, 'post-carrinhos', 201);\n    _validaServerest.default.validaCadastroDeCarrinho(res, 201);\n  });\n});",
                  "err": {},
                  "uuid": "bcfbbeff-386c-4eb1-9105-6f2bcdb4ec63",
                  "parentUUID": "5e4f8c8e-9506-4578-b157-aa376fadb19a",
                  "isHook": false,
                  "skipped": false
                },
                {
                  "title": "T40 - Falhar ao postar carrinho em usuário que já tenha um carrinho cadastrado",
                  "fullTitle": "Casos de teste da rota /carrinhos da API Serverest T12 - Realizar login com sucesso T40 - Falhar ao postar carrinho em usuário que já tenha um carrinho cadastrado",
                  "timedOut": null,
                  "duration": 470,
                  "state": "passed",
                  "speed": "fast",
                  "pass": true,
                  "fail": false,
                  "pending": false,
                  "context": null,
                  "code": "_serverest.default.buscarProdutoAleatorio();\ncy.get('@produtoId').then(produtoId => {\n  _serverest.default.cadastrarCarrinhoPodeFalhar(produtoId._id).then(res => {\n    cy.contractValidation(res, 'post-carrinhos', 400);\n    _validaServerest.default.validaCadastroDeCarrinhoComCarrinhoJaCadastrado(res, 400);\n  });\n});",
                  "err": {},
                  "uuid": "b79ab87f-9459-4d00-8322-8563a271147e",
                  "parentUUID": "5e4f8c8e-9506-4578-b157-aa376fadb19a",
                  "isHook": false,
                  "skipped": false
                },
                {
                  "title": "T32 - Buscar um carrinho em específico",
                  "fullTitle": "Casos de teste da rota /carrinhos da API Serverest T12 - Realizar login com sucesso T32 - Buscar um carrinho em específico",
                  "timedOut": null,
                  "duration": 675,
                  "state": "failed",
                  "speed": null,
                  "pass": false,
                  "fail": true,
                  "pending": false,
                  "context": null,
                  "code": "_serverest.default.buscarIdCarrinhoAleatorio();\ncy.get('@carrinhoId').then(carrinhoId => {\n  _serverest.default.localizarCarrinhoComId(carrinhoId._id).then(res => {\n    cy.contractValidation(res, 'get-carrinhos/id', 200);\n    _validaServerest.default.validaBuscaDeCarrinhosComId(res, 200);\n  });\n});",
                  "err": {
                    "message": "Error: Erros encontrados na validação de contrato, por favor verifique: /produtos/0 must be array, but receive object\n",
                    "estack": "Error: Erros encontrados na validação de contrato, por favor verifique: /produtos/0 must be array, but receive object\n\n    at Context.eval (https://serverest.dev/__cypress/tests?p=cypress\\support\\index.js:161:13)",
                    "diff": null
                  },
                  "uuid": "ccd7fef6-2e37-43bc-a8f4-da3ddfe549e4",
                  "parentUUID": "5e4f8c8e-9506-4578-b157-aa376fadb19a",
                  "isHook": false,
                  "skipped": false
                },
                {
                  "title": "T34 - Concluir compra de um carrinho",
                  "fullTitle": "Casos de teste da rota /carrinhos da API Serverest T12 - Realizar login com sucesso T34 - Concluir compra de um carrinho",
                  "timedOut": null,
                  "duration": 245,
                  "state": "passed",
                  "speed": "fast",
                  "pass": true,
                  "fail": false,
                  "pending": false,
                  "context": null,
                  "code": "_serverest.default.concluirCompra().then(res => {\n  cy.contractValidation(res, 'delete-carrinhos/concluir-compra', 200);\n  _validaServerest.default.validaConclusaoDeCarrinho(res, 200);\n});",
                  "err": {},
                  "uuid": "2f4faa40-460e-4529-b125-2fc79cf656f2",
                  "parentUUID": "5e4f8c8e-9506-4578-b157-aa376fadb19a",
                  "isHook": false,
                  "skipped": false
                },
                {
                  "title": "T35 - Concluir compra sem que exista um carrinho vinculado ao usuário",
                  "fullTitle": "Casos de teste da rota /carrinhos da API Serverest T12 - Realizar login com sucesso T35 - Concluir compra sem que exista um carrinho vinculado ao usuário",
                  "timedOut": null,
                  "duration": 223,
                  "state": "passed",
                  "speed": "fast",
                  "pass": true,
                  "fail": false,
                  "pending": false,
                  "context": null,
                  "code": "_serverest.default.concluirCompra().then(res => {\n  cy.contractValidation(res, 'delete-carrinhos/concluir-compra', 200);\n  _validaServerest.default.validaConclusaoDeCarrinhoSemCarrinho(res, 200);\n});",
                  "err": {},
                  "uuid": "fa875bb5-47c6-40ef-9bca-7844a2bed512",
                  "parentUUID": "5e4f8c8e-9506-4578-b157-aa376fadb19a",
                  "isHook": false,
                  "skipped": false
                },
                {
                  "title": "Postando outro carrinho para os testes de cancelamento",
                  "fullTitle": "Casos de teste da rota /carrinhos da API Serverest T12 - Realizar login com sucesso Postando outro carrinho para os testes de cancelamento",
                  "timedOut": null,
                  "duration": 423,
                  "state": "passed",
                  "speed": "fast",
                  "pass": true,
                  "fail": false,
                  "pending": false,
                  "context": null,
                  "code": "_serverest.default.buscarProdutoAleatorio();\ncy.get('@produtoId').then(produtoId => {\n  _serverest.default.cadastrarCarrinho(produtoId._id).then(res => {\n    cy.contractValidation(res, 'post-carrinhos', 201);\n    _validaServerest.default.validaCadastroDeCarrinho(res, 201);\n  });\n});",
                  "err": {},
                  "uuid": "6d1c99e3-c8aa-49db-b459-48a9545969a2",
                  "parentUUID": "5e4f8c8e-9506-4578-b157-aa376fadb19a",
                  "isHook": false,
                  "skipped": false
                },
                {
                  "title": "T36 - Cancelar compra de um carrinho",
                  "fullTitle": "Casos de teste da rota /carrinhos da API Serverest T12 - Realizar login com sucesso T36 - Cancelar compra de um carrinho",
                  "timedOut": null,
                  "duration": 494,
                  "state": "failed",
                  "speed": null,
                  "pass": false,
                  "fail": true,
                  "pending": false,
                  "context": null,
                  "code": "_serverest.default.cancelarCompra().then(res => {\n  cy.contractValidation(res, 'delete-carrinhos/cancelar-compra', 200);\n  _validaServerest.default.validaCancelamentoDeCarrinho(res, 200);\n});",
                  "err": {
                    "message": "AssertionError: expected 'Registro excluído com sucesso. Estoque dos produtos reabastecido' to equal 'Registro excluído com sucesso'",
                    "estack": "AssertionError: expected 'Registro excluído com sucesso. Estoque dos produtos reabastecido' to equal 'Registro excluído com sucesso'\n    at Function.validaCancelamentoDeCarrinho (https://serverest.dev/__cypress/tests?p=cypress\\integration\\5_carrinhos.spec.js:875:36)\n    at Context.eval (https://serverest.dev/__cypress/tests?p=cypress\\integration\\5_carrinhos.spec.js:279:34)",
                    "diff": "- 'Registro excluído com sucesso. Estoque dos produtos reabastecido'\n+ 'Registro excluído com sucesso'\n"
                  },
                  "uuid": "98a5043d-7946-443a-8979-a97e0fe90fbc",
                  "parentUUID": "5e4f8c8e-9506-4578-b157-aa376fadb19a",
                  "isHook": false,
                  "skipped": false
                },
                {
                  "title": "T37 - Cancelar compra sem que exista um carrinho vinculado ao usuário",
                  "fullTitle": "Casos de teste da rota /carrinhos da API Serverest T12 - Realizar login com sucesso T37 - Cancelar compra sem que exista um carrinho vinculado ao usuário",
                  "timedOut": null,
                  "duration": 235,
                  "state": "passed",
                  "speed": "fast",
                  "pass": true,
                  "fail": false,
                  "pending": false,
                  "context": null,
                  "code": "_serverest.default.cancelarCompra().then(res => {\n  cy.contractValidation(res, 'delete-carrinhos/cancelar-compra', 200);\n  _validaServerest.default.validaCancelamentoDeCarrinhoSemCarrinho(res, 200);\n});",
                  "err": {},
                  "uuid": "f095f4d5-2736-4632-86f0-299c9a5902ac",
                  "parentUUID": "5e4f8c8e-9506-4578-b157-aa376fadb19a",
                  "isHook": false,
                  "skipped": false
                },
                {
                  "title": "T39 - Falhar ao postar carrinho com produto duplicado",
                  "fullTitle": "Casos de teste da rota /carrinhos da API Serverest T12 - Realizar login com sucesso T39 - Falhar ao postar carrinho com produto duplicado",
                  "timedOut": null,
                  "duration": 404,
                  "state": "passed",
                  "speed": "fast",
                  "pass": true,
                  "fail": false,
                  "pending": false,
                  "context": null,
                  "code": "_serverest.default.buscarProdutoAleatorio();\ncy.get('@produtoId').then(produtoId => {\n  _serverest.default.cadastrarCarrinhoDoisProdutosPodeFalhar(produtoId._id).then(res => {\n    cy.contractValidation(res, 'post-carrinhos', 400);\n    _validaServerest.default.validaCadastroDeCarrinhoComDoisProdutosIguais(res, 400);\n  });\n});",
                  "err": {},
                  "uuid": "4023e4e6-d634-493f-a85b-cba17d4a9882",
                  "parentUUID": "5e4f8c8e-9506-4578-b157-aa376fadb19a",
                  "isHook": false,
                  "skipped": false
                },
                {
                  "title": "T41 - Falhar ao postar carrinho com produto que não exista ",
                  "fullTitle": "Casos de teste da rota /carrinhos da API Serverest T12 - Realizar login com sucesso T41 - Falhar ao postar carrinho com produto que não exista ",
                  "timedOut": null,
                  "duration": 243,
                  "state": "passed",
                  "speed": "fast",
                  "pass": true,
                  "fail": false,
                  "pending": false,
                  "context": null,
                  "code": "let id = _factory.default.gerarId();\n_serverest.default.cadastrarCarrinhoPodeFalhar(id).then(res => {\n  cy.contractValidation(res, 'post-carrinhos', 400);\n  _validaServerest.default.validaCadastroDeCarrinhoComProdutoNaoExiste(res, 400);\n});",
                  "err": {},
                  "uuid": "72f7c7f7-a24d-48f7-9958-1278c2cb5c97",
                  "parentUUID": "5e4f8c8e-9506-4578-b157-aa376fadb19a",
                  "isHook": false,
                  "skipped": false
                },
                {
                  "title": "T42 - Falhar ao postar carrinho com produto sem quantidade o suficiente",
                  "fullTitle": "Casos de teste da rota /carrinhos da API Serverest T12 - Realizar login com sucesso T42 - Falhar ao postar carrinho com produto sem quantidade o suficiente",
                  "timedOut": null,
                  "duration": 468,
                  "state": "passed",
                  "speed": "fast",
                  "pass": true,
                  "fail": false,
                  "pending": false,
                  "context": null,
                  "code": "_serverest.default.buscarProdutoAleatorio();\ncy.get('@produtoId').then(produtoId => {\n  _serverest.default.cadastrarCarrinhoPodeFalhar(produtoId._id, 99999999999999).then(res => {\n    cy.contractValidation(res, 'post-carrinhos', 400);\n    _validaServerest.default.validaCadastroDeCarrinhoComProdutoSemQuantidade(res, 400);\n  });\n});",
                  "err": {},
                  "uuid": "6c2e2eb5-5e2e-4aee-a719-ac23075a8ea9",
                  "parentUUID": "5e4f8c8e-9506-4578-b157-aa376fadb19a",
                  "isHook": false,
                  "skipped": false
                },
                {
                  "title": "T43 - Falhar ao tentar postar um carrinho logado com um token inválido",
                  "fullTitle": "Casos de teste da rota /carrinhos da API Serverest T12 - Realizar login com sucesso T43 - Falhar ao tentar postar um carrinho logado com um token inválido",
                  "timedOut": null,
                  "duration": 485,
                  "state": "passed",
                  "speed": "fast",
                  "pass": true,
                  "fail": false,
                  "pending": false,
                  "context": null,
                  "code": "_serverest.default.gerarBearerInexistente();\n_serverest.default.buscarProdutoAleatorio();\ncy.get('@produtoId').then(produtoId => {\n  _serverest.default.cadastrarCarrinhoPodeFalhar(produtoId._id).then(res => {\n    cy.contractValidation(res, 'post-carrinhos', 401);\n    _validaServerest.default.validaTokenInexistente(res, 401);\n  });\n});",
                  "err": {},
                  "uuid": "8a17aebb-2bb0-495a-8832-5805f98d9ffb",
                  "parentUUID": "5e4f8c8e-9506-4578-b157-aa376fadb19a",
                  "isHook": false,
                  "skipped": false
                },
                {
                  "title": "T44 - Falhar ao concluir compra de carrinho logado com um token inválido",
                  "fullTitle": "Casos de teste da rota /carrinhos da API Serverest T12 - Realizar login com sucesso T44 - Falhar ao concluir compra de carrinho logado com um token inválido",
                  "timedOut": null,
                  "duration": 240,
                  "state": "passed",
                  "speed": "fast",
                  "pass": true,
                  "fail": false,
                  "pending": false,
                  "context": null,
                  "code": "_serverest.default.concluirCompraPodeFalhar().then(res => {\n  cy.contractValidation(res, 'delete-carrinhos/concluir-compra', 401);\n  _validaServerest.default.validaTokenInexistente(res, 401);\n});",
                  "err": {},
                  "uuid": "7d96f94d-a740-4135-a138-98a6d00303cd",
                  "parentUUID": "5e4f8c8e-9506-4578-b157-aa376fadb19a",
                  "isHook": false,
                  "skipped": false
                },
                {
                  "title": "T45 - Falhar ao cancelar compra de carrinho logado com um token inválido",
                  "fullTitle": "Casos de teste da rota /carrinhos da API Serverest T12 - Realizar login com sucesso T45 - Falhar ao cancelar compra de carrinho logado com um token inválido",
                  "timedOut": null,
                  "duration": 250,
                  "state": "passed",
                  "speed": "fast",
                  "pass": true,
                  "fail": false,
                  "pending": false,
                  "context": null,
                  "code": "_serverest.default.cancelarCompraPodeFalhar().then(res => {\n  cy.contractValidation(res, 'delete-carrinhos/cancelar-compra', 401);\n  _validaServerest.default.validaTokenInexistente(res, 401);\n});",
                  "err": {},
                  "uuid": "323d5f3c-c65e-4c58-9da1-605f1af240c4",
                  "parentUUID": "5e4f8c8e-9506-4578-b157-aa376fadb19a",
                  "isHook": false,
                  "skipped": false
                }
              ],
              "suites": [],
              "passes": [
                "290290b0-9e63-40de-a613-86d5464c3914",
                "bcfbbeff-386c-4eb1-9105-6f2bcdb4ec63",
                "b79ab87f-9459-4d00-8322-8563a271147e",
                "2f4faa40-460e-4529-b125-2fc79cf656f2",
                "fa875bb5-47c6-40ef-9bca-7844a2bed512",
                "6d1c99e3-c8aa-49db-b459-48a9545969a2",
                "f095f4d5-2736-4632-86f0-299c9a5902ac",
                "4023e4e6-d634-493f-a85b-cba17d4a9882",
                "72f7c7f7-a24d-48f7-9958-1278c2cb5c97",
                "6c2e2eb5-5e2e-4aee-a719-ac23075a8ea9",
                "8a17aebb-2bb0-495a-8832-5805f98d9ffb",
                "7d96f94d-a740-4135-a138-98a6d00303cd",
                "323d5f3c-c65e-4c58-9da1-605f1af240c4"
              ],
              "failures": [
                "ccd7fef6-2e37-43bc-a8f4-da3ddfe549e4",
                "98a5043d-7946-443a-8979-a97e0fe90fbc"
              ],
              "pending": [],
              "skipped": [],
              "duration": 6026,
              "root": false,
              "rootEmpty": false,
              "_timeout": 2000
            }
          ],
          "passes": [
            "ff752acd-bcbf-4409-92d5-42cc2d8fa857"
          ],
          "failures": [
            "232fe657-6812-4bc0-91e0-19ce3daffa1d"
          ],
          "pending": [],
          "skipped": [],
          "duration": 801,
          "root": false,
          "rootEmpty": false,
          "_timeout": 2000
        }
      ],
      "passes": [],
      "failures": [],
      "pending": [],
      "skipped": [],
      "duration": 0,
      "root": true,
      "rootEmpty": true,
      "_timeout": 2000
    },
    {
      "uuid": "ed0fc768-611d-4f3d-9c63-daaaaa18fe41",
      "title": "",
      "fullFile": "cypress/integration/1_fluxoPrincipal.spec.js",
      "file": "cypress/integration/1_fluxoPrincipal.spec.js",
      "beforeHooks": [],
      "afterHooks": [],
      "tests": [],
      "suites": [
        {
          "uuid": "4f049e4f-bff7-4e29-bb33-114b43544c5c",
          "title": "Casos de teste do fluxo principal",
          "fullFile": "",
          "file": "",
          "beforeHooks": [],
          "afterHooks": [],
          "tests": [
            {
              "title": "T03 - Postar um novo usuário",
              "fullTitle": "Casos de teste do fluxo principal T03 - Postar um novo usuário",
              "timedOut": null,
              "duration": 527,
              "state": "passed",
              "speed": "fast",
              "pass": true,
              "fail": false,
              "pending": false,
              "context": null,
              "code": "_serverest.default.postarNovoUsuarioComParametro(usuario).then(res => {\n  cy.contractValidation(res, 'post-usuarios', 201);\n  _validaServerest.default.ValidarPostarNovoUsuario(res, 201);\n  Cypress.env('usuarioLoginFluxo', {\n    \"email\": usuario.email,\n    \"password\": usuario.password\n  });\n});",
              "err": {},
              "uuid": "027fb0c3-689d-408d-b5d9-1a2f04e9b8a5",
              "parentUUID": "4f049e4f-bff7-4e29-bb33-114b43544c5c",
              "isHook": false,
              "skipped": false
            }
          ],
          "suites": [
            {
              "uuid": "516b7229-76ba-411b-bd52-64e6ff9d4b1b",
              "title": "T12 - Realizar login com sucesso",
              "fullFile": "",
              "file": "",
              "beforeHooks": [],
              "afterHooks": [],
              "tests": [
                {
                  "title": "T33 - Postar um novo carrinho",
                  "fullTitle": "Casos de teste do fluxo principal T12 - Realizar login com sucesso T33 - Postar um novo carrinho",
                  "timedOut": null,
                  "duration": 694,
                  "state": "passed",
                  "speed": "fast",
                  "pass": true,
                  "fail": false,
                  "pending": false,
                  "context": null,
                  "code": "_serverest.default.buscarProdutoAleatorio();\ncy.get('@produtoId').then(produtoId => {\n  _serverest.default.cadastrarCarrinho(produtoId._id).then(res => {\n    cy.contractValidation(res, 'post-carrinhos', 201);\n    _validaServerest.default.validaCadastroDeCarrinho(res, 201);\n    _serverest.default.SalvaIdDeCarrinho(res.body._id);\n  });\n});",
                  "err": {},
                  "uuid": "86b44f18-e4c4-4119-b696-91fb18499777",
                  "parentUUID": "516b7229-76ba-411b-bd52-64e6ff9d4b1b",
                  "isHook": false,
                  "skipped": false
                },
                {
                  "title": "T34 - Concluir compra de um carrinho",
                  "fullTitle": "Casos de teste do fluxo principal T12 - Realizar login com sucesso T34 - Concluir compra de um carrinho",
                  "timedOut": null,
                  "duration": 229,
                  "state": "passed",
                  "speed": "fast",
                  "pass": true,
                  "fail": false,
                  "pending": false,
                  "context": null,
                  "code": "_serverest.default.concluirCompra().then(res => {\n  cy.contractValidation(res, 'delete-carrinhos/concluir-compra', 200);\n  _validaServerest.default.validaConclusaoDeCarrinho(res, 200);\n});",
                  "err": {},
                  "uuid": "16550866-fcc2-429e-8ea8-97bea936a68e",
                  "parentUUID": "516b7229-76ba-411b-bd52-64e6ff9d4b1b",
                  "isHook": false,
                  "skipped": false
                }
              ],
              "suites": [],
              "passes": [
                "86b44f18-e4c4-4119-b696-91fb18499777",
                "16550866-fcc2-429e-8ea8-97bea936a68e"
              ],
              "failures": [],
              "pending": [],
              "skipped": [],
              "duration": 923,
              "root": false,
              "rootEmpty": false,
              "_timeout": 2000
            }
          ],
          "passes": [
            "027fb0c3-689d-408d-b5d9-1a2f04e9b8a5"
          ],
          "failures": [],
          "pending": [],
          "skipped": [],
          "duration": 527,
          "root": false,
          "rootEmpty": false,
          "_timeout": 2000
        }
      ],
      "passes": [],
      "failures": [],
      "pending": [],
      "skipped": [],
      "duration": 0,
      "root": true,
      "rootEmpty": true,
      "_timeout": 2000
    }
  ],
  "meta": {
    "mocha": {
      "version": "7.0.1"
    },
    "mochawesome": {
      "options": {
        "quiet": false,
        "reportFilename": "mochawesome",
        "saveHtml": false,
        "saveJson": true,
        "consoleReporter": "spec",
        "useInlineDiffs": false,
        "code": true
      },
      "version": "7.1.3"
    },
    "marge": {
      "options": {
        "id": "default",
        "reportDir": "cypress/reports/mocha",
        "quite": true,
        "overwrite": false,
        "html": false,
        "json": true
      },
      "version": "6.2.0"
    }
  }
}